[2023-06-01T10:57:14.947+0000] {processor.py:153} INFO - Started process (PID=1633) to work on /opt/airflow/dags/postgres.py
[2023-06-01T10:57:14.949+0000] {processor.py:743} INFO - Processing file /opt/airflow/dags/postgres.py for tasks to queue
[2023-06-01T10:57:14.950+0000] {logging_mixin.py:137} INFO - [2023-06-01T10:57:14.950+0000] {dagbag.py:538} INFO - Filling up the DagBag from /opt/airflow/dags/postgres.py
[2023-06-01T10:57:15.029+0000] {processor.py:753} INFO - DAG(s) dict_keys(['dag_with_postgres_operator_v03']) retrieved from /opt/airflow/dags/postgres.py
[2023-06-01T10:57:15.290+0000] {logging_mixin.py:137} INFO - [2023-06-01T10:57:15.289+0000] {manager.py:504} INFO - Created Permission View: can delete on DAG:dag_with_postgres_operator_v03
[2023-06-01T10:57:15.301+0000] {logging_mixin.py:137} INFO - [2023-06-01T10:57:15.301+0000] {manager.py:504} INFO - Created Permission View: can read on DAG:dag_with_postgres_operator_v03
[2023-06-01T10:57:15.308+0000] {logging_mixin.py:137} INFO - [2023-06-01T10:57:15.308+0000] {manager.py:504} INFO - Created Permission View: can edit on DAG:dag_with_postgres_operator_v03
[2023-06-01T10:57:15.309+0000] {logging_mixin.py:137} INFO - [2023-06-01T10:57:15.309+0000] {dag.py:2676} INFO - Sync 1 DAGs
[2023-06-01T10:57:15.323+0000] {logging_mixin.py:137} INFO - [2023-06-01T10:57:15.323+0000] {dag.py:2697} INFO - Creating ORM DAG for dag_with_postgres_operator_v03
[2023-06-01T10:57:15.335+0000] {logging_mixin.py:137} INFO - [2023-06-01T10:57:15.335+0000] {dag.py:3427} INFO - Setting next_dagrun for dag_with_postgres_operator_v03 to 2021-12-19T00:00:00+00:00, run_after=2021-12-20T00:00:00+00:00
[2023-06-01T10:57:15.354+0000] {processor.py:175} INFO - Processing /opt/airflow/dags/postgres.py took 0.412 seconds
[2023-06-01T10:57:46.271+0000] {processor.py:153} INFO - Started process (PID=1678) to work on /opt/airflow/dags/postgres.py
[2023-06-01T10:57:46.274+0000] {processor.py:743} INFO - Processing file /opt/airflow/dags/postgres.py for tasks to queue
[2023-06-01T10:57:46.275+0000] {logging_mixin.py:137} INFO - [2023-06-01T10:57:46.275+0000] {dagbag.py:538} INFO - Filling up the DagBag from /opt/airflow/dags/postgres.py
[2023-06-01T10:57:46.316+0000] {processor.py:753} INFO - DAG(s) dict_keys(['dag_with_postgres_operator_v03']) retrieved from /opt/airflow/dags/postgres.py
[2023-06-01T10:57:46.342+0000] {logging_mixin.py:137} INFO - [2023-06-01T10:57:46.342+0000] {dag.py:2676} INFO - Sync 1 DAGs
[2023-06-01T10:57:46.370+0000] {logging_mixin.py:137} INFO - [2023-06-01T10:57:46.370+0000] {dag.py:3427} INFO - Setting next_dagrun for dag_with_postgres_operator_v03 to 2021-12-19T00:00:00+00:00, run_after=2021-12-20T00:00:00+00:00
[2023-06-01T10:57:46.397+0000] {processor.py:175} INFO - Processing /opt/airflow/dags/postgres.py took 0.129 seconds
[2023-06-01T10:58:16.591+0000] {processor.py:153} INFO - Started process (PID=1709) to work on /opt/airflow/dags/postgres.py
[2023-06-01T10:58:16.596+0000] {processor.py:743} INFO - Processing file /opt/airflow/dags/postgres.py for tasks to queue
[2023-06-01T10:58:16.599+0000] {logging_mixin.py:137} INFO - [2023-06-01T10:58:16.598+0000] {dagbag.py:538} INFO - Filling up the DagBag from /opt/airflow/dags/postgres.py
[2023-06-01T10:58:16.658+0000] {processor.py:753} INFO - DAG(s) dict_keys(['dag_with_postgres_operator_v03']) retrieved from /opt/airflow/dags/postgres.py
[2023-06-01T10:58:16.690+0000] {logging_mixin.py:137} INFO - [2023-06-01T10:58:16.690+0000] {dag.py:2676} INFO - Sync 1 DAGs
[2023-06-01T10:58:16.722+0000] {logging_mixin.py:137} INFO - [2023-06-01T10:58:16.721+0000] {dag.py:3427} INFO - Setting next_dagrun for dag_with_postgres_operator_v03 to 2021-12-19T00:00:00+00:00, run_after=2021-12-20T00:00:00+00:00
[2023-06-01T10:58:16.747+0000] {processor.py:175} INFO - Processing /opt/airflow/dags/postgres.py took 0.161 seconds
[2023-06-01T10:58:46.932+0000] {processor.py:153} INFO - Started process (PID=1754) to work on /opt/airflow/dags/postgres.py
[2023-06-01T10:58:46.934+0000] {processor.py:743} INFO - Processing file /opt/airflow/dags/postgres.py for tasks to queue
[2023-06-01T10:58:46.936+0000] {logging_mixin.py:137} INFO - [2023-06-01T10:58:46.936+0000] {dagbag.py:538} INFO - Filling up the DagBag from /opt/airflow/dags/postgres.py
[2023-06-01T10:58:46.987+0000] {processor.py:753} INFO - DAG(s) dict_keys(['dag_with_postgres_operator_v03']) retrieved from /opt/airflow/dags/postgres.py
[2023-06-01T10:58:47.018+0000] {logging_mixin.py:137} INFO - [2023-06-01T10:58:47.017+0000] {dag.py:2676} INFO - Sync 1 DAGs
[2023-06-01T10:58:47.047+0000] {logging_mixin.py:137} INFO - [2023-06-01T10:58:47.047+0000] {dag.py:3427} INFO - Setting next_dagrun for dag_with_postgres_operator_v03 to 2021-12-19T00:00:00+00:00, run_after=2021-12-20T00:00:00+00:00
[2023-06-01T10:58:47.073+0000] {processor.py:175} INFO - Processing /opt/airflow/dags/postgres.py took 0.146 seconds
[2023-06-01T10:59:17.114+0000] {processor.py:153} INFO - Started process (PID=1785) to work on /opt/airflow/dags/postgres.py
[2023-06-01T10:59:17.117+0000] {processor.py:743} INFO - Processing file /opt/airflow/dags/postgres.py for tasks to queue
[2023-06-01T10:59:17.118+0000] {logging_mixin.py:137} INFO - [2023-06-01T10:59:17.118+0000] {dagbag.py:538} INFO - Filling up the DagBag from /opt/airflow/dags/postgres.py
[2023-06-01T10:59:17.165+0000] {processor.py:753} INFO - DAG(s) dict_keys(['dag_with_postgres_operator_v03']) retrieved from /opt/airflow/dags/postgres.py
[2023-06-01T10:59:17.196+0000] {logging_mixin.py:137} INFO - [2023-06-01T10:59:17.196+0000] {dag.py:2676} INFO - Sync 1 DAGs
[2023-06-01T10:59:17.223+0000] {logging_mixin.py:137} INFO - [2023-06-01T10:59:17.223+0000] {dag.py:3427} INFO - Setting next_dagrun for dag_with_postgres_operator_v03 to 2021-12-19T00:00:00+00:00, run_after=2021-12-20T00:00:00+00:00
[2023-06-01T10:59:17.243+0000] {processor.py:175} INFO - Processing /opt/airflow/dags/postgres.py took 0.133 seconds
[2023-06-01T10:59:47.810+0000] {processor.py:153} INFO - Started process (PID=1830) to work on /opt/airflow/dags/postgres.py
[2023-06-01T10:59:47.813+0000] {processor.py:743} INFO - Processing file /opt/airflow/dags/postgres.py for tasks to queue
[2023-06-01T10:59:47.817+0000] {logging_mixin.py:137} INFO - [2023-06-01T10:59:47.816+0000] {dagbag.py:538} INFO - Filling up the DagBag from /opt/airflow/dags/postgres.py
[2023-06-01T10:59:47.903+0000] {processor.py:753} INFO - DAG(s) dict_keys(['dag_with_postgres_operator_v03']) retrieved from /opt/airflow/dags/postgres.py
[2023-06-01T10:59:47.956+0000] {logging_mixin.py:137} INFO - [2023-06-01T10:59:47.956+0000] {dag.py:2676} INFO - Sync 1 DAGs
[2023-06-01T10:59:48.003+0000] {logging_mixin.py:137} INFO - [2023-06-01T10:59:48.003+0000] {dag.py:3427} INFO - Setting next_dagrun for dag_with_postgres_operator_v03 to 2021-12-19T00:00:00+00:00, run_after=2021-12-20T00:00:00+00:00
[2023-06-01T10:59:48.047+0000] {processor.py:175} INFO - Processing /opt/airflow/dags/postgres.py took 0.244 seconds
[2023-06-01T11:00:18.154+0000] {processor.py:153} INFO - Started process (PID=1861) to work on /opt/airflow/dags/postgres.py
[2023-06-01T11:00:18.157+0000] {processor.py:743} INFO - Processing file /opt/airflow/dags/postgres.py for tasks to queue
[2023-06-01T11:00:18.159+0000] {logging_mixin.py:137} INFO - [2023-06-01T11:00:18.158+0000] {dagbag.py:538} INFO - Filling up the DagBag from /opt/airflow/dags/postgres.py
[2023-06-01T11:00:18.207+0000] {processor.py:753} INFO - DAG(s) dict_keys(['dag_with_postgres_operator_v03']) retrieved from /opt/airflow/dags/postgres.py
[2023-06-01T11:00:18.239+0000] {logging_mixin.py:137} INFO - [2023-06-01T11:00:18.239+0000] {dag.py:2676} INFO - Sync 1 DAGs
[2023-06-01T11:00:18.269+0000] {logging_mixin.py:137} INFO - [2023-06-01T11:00:18.269+0000] {dag.py:3427} INFO - Setting next_dagrun for dag_with_postgres_operator_v03 to 2021-12-19T00:00:00+00:00, run_after=2021-12-20T00:00:00+00:00
[2023-06-01T11:00:18.292+0000] {processor.py:175} INFO - Processing /opt/airflow/dags/postgres.py took 0.144 seconds
[2023-06-01T11:00:48.506+0000] {processor.py:153} INFO - Started process (PID=1892) to work on /opt/airflow/dags/postgres.py
[2023-06-01T11:00:48.509+0000] {processor.py:743} INFO - Processing file /opt/airflow/dags/postgres.py for tasks to queue
[2023-06-01T11:00:48.511+0000] {logging_mixin.py:137} INFO - [2023-06-01T11:00:48.510+0000] {dagbag.py:538} INFO - Filling up the DagBag from /opt/airflow/dags/postgres.py
[2023-06-01T11:00:48.557+0000] {processor.py:753} INFO - DAG(s) dict_keys(['dag_with_postgres_operator_v03']) retrieved from /opt/airflow/dags/postgres.py
[2023-06-01T11:00:48.590+0000] {logging_mixin.py:137} INFO - [2023-06-01T11:00:48.590+0000] {dag.py:2676} INFO - Sync 1 DAGs
[2023-06-01T11:00:48.616+0000] {logging_mixin.py:137} INFO - [2023-06-01T11:00:48.616+0000] {dag.py:3427} INFO - Setting next_dagrun for dag_with_postgres_operator_v03 to 2021-12-19T00:00:00+00:00, run_after=2021-12-20T00:00:00+00:00
[2023-06-01T11:00:48.635+0000] {processor.py:175} INFO - Processing /opt/airflow/dags/postgres.py took 0.134 seconds
[2023-06-01T11:01:18.833+0000] {processor.py:153} INFO - Started process (PID=1937) to work on /opt/airflow/dags/postgres.py
[2023-06-01T11:01:18.835+0000] {processor.py:743} INFO - Processing file /opt/airflow/dags/postgres.py for tasks to queue
[2023-06-01T11:01:18.837+0000] {logging_mixin.py:137} INFO - [2023-06-01T11:01:18.836+0000] {dagbag.py:538} INFO - Filling up the DagBag from /opt/airflow/dags/postgres.py
[2023-06-01T11:01:18.884+0000] {processor.py:753} INFO - DAG(s) dict_keys(['dag_with_postgres_operator_v03']) retrieved from /opt/airflow/dags/postgres.py
[2023-06-01T11:01:18.920+0000] {logging_mixin.py:137} INFO - [2023-06-01T11:01:18.920+0000] {dag.py:2676} INFO - Sync 1 DAGs
[2023-06-01T11:01:18.950+0000] {logging_mixin.py:137} INFO - [2023-06-01T11:01:18.950+0000] {dag.py:3427} INFO - Setting next_dagrun for dag_with_postgres_operator_v03 to 2021-12-19T00:00:00+00:00, run_after=2021-12-20T00:00:00+00:00
[2023-06-01T11:01:18.970+0000] {processor.py:175} INFO - Processing /opt/airflow/dags/postgres.py took 0.142 seconds
[2023-06-01T11:01:44.134+0000] {processor.py:153} INFO - Started process (PID=1968) to work on /opt/airflow/dags/postgres.py
[2023-06-01T11:01:44.136+0000] {processor.py:743} INFO - Processing file /opt/airflow/dags/postgres.py for tasks to queue
[2023-06-01T11:01:44.138+0000] {logging_mixin.py:137} INFO - [2023-06-01T11:01:44.138+0000] {dagbag.py:538} INFO - Filling up the DagBag from /opt/airflow/dags/postgres.py
[2023-06-01T11:01:44.191+0000] {processor.py:753} INFO - DAG(s) dict_keys(['dag_with_postgres_operator_v03']) retrieved from /opt/airflow/dags/postgres.py
[2023-06-01T11:01:44.227+0000] {logging_mixin.py:137} INFO - [2023-06-01T11:01:44.227+0000] {dag.py:2676} INFO - Sync 1 DAGs
[2023-06-01T11:01:44.292+0000] {logging_mixin.py:137} INFO - [2023-06-01T11:01:44.292+0000] {dag.py:3427} INFO - Setting next_dagrun for dag_with_postgres_operator_v03 to 2021-12-19T00:00:00+00:00, run_after=2021-12-20T00:00:00+00:00
[2023-06-01T11:01:44.340+0000] {processor.py:175} INFO - Processing /opt/airflow/dags/postgres.py took 0.209 seconds
[2023-06-01T11:02:14.443+0000] {processor.py:153} INFO - Started process (PID=1999) to work on /opt/airflow/dags/postgres.py
[2023-06-01T11:02:14.446+0000] {processor.py:743} INFO - Processing file /opt/airflow/dags/postgres.py for tasks to queue
[2023-06-01T11:02:14.447+0000] {logging_mixin.py:137} INFO - [2023-06-01T11:02:14.447+0000] {dagbag.py:538} INFO - Filling up the DagBag from /opt/airflow/dags/postgres.py
[2023-06-01T11:02:14.503+0000] {processor.py:753} INFO - DAG(s) dict_keys(['dag_with_postgres_operator_v03']) retrieved from /opt/airflow/dags/postgres.py
[2023-06-01T11:02:14.552+0000] {logging_mixin.py:137} INFO - [2023-06-01T11:02:14.552+0000] {dag.py:2676} INFO - Sync 1 DAGs
[2023-06-01T11:02:14.596+0000] {logging_mixin.py:137} INFO - [2023-06-01T11:02:14.594+0000] {dag.py:3427} INFO - Setting next_dagrun for dag_with_postgres_operator_v03 to 2021-12-19T00:00:00+00:00, run_after=2021-12-20T00:00:00+00:00
[2023-06-01T11:02:14.640+0000] {processor.py:175} INFO - Processing /opt/airflow/dags/postgres.py took 0.202 seconds
[2023-06-01T11:02:44.851+0000] {processor.py:153} INFO - Started process (PID=2044) to work on /opt/airflow/dags/postgres.py
[2023-06-01T11:02:44.854+0000] {processor.py:743} INFO - Processing file /opt/airflow/dags/postgres.py for tasks to queue
[2023-06-01T11:02:44.856+0000] {logging_mixin.py:137} INFO - [2023-06-01T11:02:44.855+0000] {dagbag.py:538} INFO - Filling up the DagBag from /opt/airflow/dags/postgres.py
[2023-06-01T11:02:44.899+0000] {processor.py:753} INFO - DAG(s) dict_keys(['dag_with_postgres_operator_v03']) retrieved from /opt/airflow/dags/postgres.py
[2023-06-01T11:02:44.927+0000] {logging_mixin.py:137} INFO - [2023-06-01T11:02:44.927+0000] {dag.py:2676} INFO - Sync 1 DAGs
[2023-06-01T11:02:44.965+0000] {logging_mixin.py:137} INFO - [2023-06-01T11:02:44.964+0000] {dag.py:3427} INFO - Setting next_dagrun for dag_with_postgres_operator_v03 to 2021-12-19T00:00:00+00:00, run_after=2021-12-20T00:00:00+00:00
[2023-06-01T11:02:44.992+0000] {processor.py:175} INFO - Processing /opt/airflow/dags/postgres.py took 0.144 seconds
[2023-06-01T11:13:31.083+0000] {processor.py:153} INFO - Started process (PID=35) to work on /opt/airflow/dags/postgres.py
[2023-06-01T11:13:31.085+0000] {processor.py:743} INFO - Processing file /opt/airflow/dags/postgres.py for tasks to queue
[2023-06-01T11:13:31.087+0000] {logging_mixin.py:137} INFO - [2023-06-01T11:13:31.086+0000] {dagbag.py:538} INFO - Filling up the DagBag from /opt/airflow/dags/postgres.py
[2023-06-01T11:13:31.165+0000] {processor.py:753} INFO - DAG(s) dict_keys(['dag_with_postgres_operator_v03']) retrieved from /opt/airflow/dags/postgres.py
[2023-06-01T11:13:31.286+0000] {logging_mixin.py:137} INFO - [2023-06-01T11:13:31.286+0000] {dag.py:2676} INFO - Sync 1 DAGs
[2023-06-01T11:13:31.315+0000] {logging_mixin.py:137} INFO - [2023-06-01T11:13:31.315+0000] {dag.py:3427} INFO - Setting next_dagrun for dag_with_postgres_operator_v03 to 2021-12-19T00:00:00+00:00, run_after=2021-12-20T00:00:00+00:00
[2023-06-01T11:13:31.335+0000] {processor.py:175} INFO - Processing /opt/airflow/dags/postgres.py took 0.259 seconds
[2023-06-01T11:14:01.574+0000] {processor.py:153} INFO - Started process (PID=84) to work on /opt/airflow/dags/postgres.py
[2023-06-01T11:14:01.578+0000] {processor.py:743} INFO - Processing file /opt/airflow/dags/postgres.py for tasks to queue
[2023-06-01T11:14:01.582+0000] {logging_mixin.py:137} INFO - [2023-06-01T11:14:01.581+0000] {dagbag.py:538} INFO - Filling up the DagBag from /opt/airflow/dags/postgres.py
[2023-06-01T11:14:01.662+0000] {processor.py:753} INFO - DAG(s) dict_keys(['dag_with_postgres_operator_v03']) retrieved from /opt/airflow/dags/postgres.py
[2023-06-01T11:14:01.773+0000] {logging_mixin.py:137} INFO - [2023-06-01T11:14:01.773+0000] {dag.py:2676} INFO - Sync 1 DAGs
[2023-06-01T11:14:01.845+0000] {logging_mixin.py:137} INFO - [2023-06-01T11:14:01.845+0000] {dag.py:3427} INFO - Setting next_dagrun for dag_with_postgres_operator_v03 to 2021-12-23T00:00:00+00:00, run_after=2021-12-24T00:00:00+00:00
[2023-06-01T11:14:01.908+0000] {processor.py:175} INFO - Processing /opt/airflow/dags/postgres.py took 0.343 seconds
[2023-06-01T11:14:32.167+0000] {processor.py:153} INFO - Started process (PID=115) to work on /opt/airflow/dags/postgres.py
[2023-06-01T11:14:32.170+0000] {processor.py:743} INFO - Processing file /opt/airflow/dags/postgres.py for tasks to queue
[2023-06-01T11:14:32.171+0000] {logging_mixin.py:137} INFO - [2023-06-01T11:14:32.171+0000] {dagbag.py:538} INFO - Filling up the DagBag from /opt/airflow/dags/postgres.py
[2023-06-01T11:14:32.225+0000] {processor.py:753} INFO - DAG(s) dict_keys(['dag_with_postgres_operator_v03']) retrieved from /opt/airflow/dags/postgres.py
[2023-06-01T11:14:32.288+0000] {logging_mixin.py:137} INFO - [2023-06-01T11:14:32.288+0000] {dag.py:2676} INFO - Sync 1 DAGs
[2023-06-01T11:14:32.377+0000] {processor.py:175} INFO - Processing /opt/airflow/dags/postgres.py took 0.217 seconds
[2023-06-01T11:15:02.637+0000] {processor.py:153} INFO - Started process (PID=146) to work on /opt/airflow/dags/postgres.py
[2023-06-01T11:15:02.639+0000] {processor.py:743} INFO - Processing file /opt/airflow/dags/postgres.py for tasks to queue
[2023-06-01T11:15:02.642+0000] {logging_mixin.py:137} INFO - [2023-06-01T11:15:02.642+0000] {dagbag.py:538} INFO - Filling up the DagBag from /opt/airflow/dags/postgres.py
[2023-06-01T11:15:02.714+0000] {processor.py:753} INFO - DAG(s) dict_keys(['dag_with_postgres_operator_v03']) retrieved from /opt/airflow/dags/postgres.py
[2023-06-01T11:15:02.781+0000] {logging_mixin.py:137} INFO - [2023-06-01T11:15:02.780+0000] {dag.py:2676} INFO - Sync 1 DAGs
[2023-06-01T11:15:02.859+0000] {processor.py:175} INFO - Processing /opt/airflow/dags/postgres.py took 0.229 seconds
[2023-06-01T11:15:33.082+0000] {processor.py:153} INFO - Started process (PID=178) to work on /opt/airflow/dags/postgres.py
[2023-06-01T11:15:33.087+0000] {processor.py:743} INFO - Processing file /opt/airflow/dags/postgres.py for tasks to queue
[2023-06-01T11:15:33.092+0000] {logging_mixin.py:137} INFO - [2023-06-01T11:15:33.091+0000] {dagbag.py:538} INFO - Filling up the DagBag from /opt/airflow/dags/postgres.py
[2023-06-01T11:15:33.182+0000] {processor.py:753} INFO - DAG(s) dict_keys(['dag_with_postgres_operator_v03']) retrieved from /opt/airflow/dags/postgres.py
[2023-06-01T11:15:33.309+0000] {logging_mixin.py:137} INFO - [2023-06-01T11:15:33.309+0000] {dag.py:2676} INFO - Sync 1 DAGs
[2023-06-01T11:15:33.451+0000] {processor.py:175} INFO - Processing /opt/airflow/dags/postgres.py took 0.379 seconds
[2023-06-01T11:16:03.637+0000] {processor.py:153} INFO - Started process (PID=223) to work on /opt/airflow/dags/postgres.py
[2023-06-01T11:16:03.640+0000] {processor.py:743} INFO - Processing file /opt/airflow/dags/postgres.py for tasks to queue
[2023-06-01T11:16:03.643+0000] {logging_mixin.py:137} INFO - [2023-06-01T11:16:03.643+0000] {dagbag.py:538} INFO - Filling up the DagBag from /opt/airflow/dags/postgres.py
[2023-06-01T11:16:03.704+0000] {processor.py:753} INFO - DAG(s) dict_keys(['dag_with_postgres_operator_v03']) retrieved from /opt/airflow/dags/postgres.py
[2023-06-01T11:16:03.766+0000] {logging_mixin.py:137} INFO - [2023-06-01T11:16:03.766+0000] {dag.py:2676} INFO - Sync 1 DAGs
[2023-06-01T11:16:03.838+0000] {processor.py:175} INFO - Processing /opt/airflow/dags/postgres.py took 0.206 seconds
[2023-06-01T11:16:34.038+0000] {processor.py:153} INFO - Started process (PID=254) to work on /opt/airflow/dags/postgres.py
[2023-06-01T11:16:34.040+0000] {processor.py:743} INFO - Processing file /opt/airflow/dags/postgres.py for tasks to queue
[2023-06-01T11:16:34.042+0000] {logging_mixin.py:137} INFO - [2023-06-01T11:16:34.042+0000] {dagbag.py:538} INFO - Filling up the DagBag from /opt/airflow/dags/postgres.py
[2023-06-01T11:16:34.096+0000] {processor.py:753} INFO - DAG(s) dict_keys(['dag_with_postgres_operator_v03']) retrieved from /opt/airflow/dags/postgres.py
[2023-06-01T11:16:34.140+0000] {logging_mixin.py:137} INFO - [2023-06-01T11:16:34.140+0000] {dag.py:2676} INFO - Sync 1 DAGs
[2023-06-01T11:16:34.194+0000] {processor.py:175} INFO - Processing /opt/airflow/dags/postgres.py took 0.161 seconds
[2023-06-01T11:17:04.390+0000] {processor.py:153} INFO - Started process (PID=299) to work on /opt/airflow/dags/postgres.py
[2023-06-01T11:17:04.392+0000] {processor.py:743} INFO - Processing file /opt/airflow/dags/postgres.py for tasks to queue
[2023-06-01T11:17:04.394+0000] {logging_mixin.py:137} INFO - [2023-06-01T11:17:04.393+0000] {dagbag.py:538} INFO - Filling up the DagBag from /opt/airflow/dags/postgres.py
[2023-06-01T11:17:04.454+0000] {processor.py:753} INFO - DAG(s) dict_keys(['dag_with_postgres_operator_v03']) retrieved from /opt/airflow/dags/postgres.py
[2023-06-01T11:17:04.511+0000] {logging_mixin.py:137} INFO - [2023-06-01T11:17:04.510+0000] {dag.py:2676} INFO - Sync 1 DAGs
[2023-06-01T11:17:04.575+0000] {processor.py:175} INFO - Processing /opt/airflow/dags/postgres.py took 0.191 seconds
[2023-06-01T11:17:34.831+0000] {processor.py:153} INFO - Started process (PID=330) to work on /opt/airflow/dags/postgres.py
[2023-06-01T11:17:34.834+0000] {processor.py:743} INFO - Processing file /opt/airflow/dags/postgres.py for tasks to queue
[2023-06-01T11:17:34.837+0000] {logging_mixin.py:137} INFO - [2023-06-01T11:17:34.837+0000] {dagbag.py:538} INFO - Filling up the DagBag from /opt/airflow/dags/postgres.py
[2023-06-01T11:17:34.894+0000] {processor.py:753} INFO - DAG(s) dict_keys(['dag_with_postgres_operator_v03']) retrieved from /opt/airflow/dags/postgres.py
[2023-06-01T11:17:34.948+0000] {logging_mixin.py:137} INFO - [2023-06-01T11:17:34.948+0000] {dag.py:2676} INFO - Sync 1 DAGs
[2023-06-01T11:17:35.006+0000] {processor.py:175} INFO - Processing /opt/airflow/dags/postgres.py took 0.181 seconds
[2023-06-01T11:18:05.196+0000] {processor.py:153} INFO - Started process (PID=362) to work on /opt/airflow/dags/postgres.py
[2023-06-01T11:18:05.200+0000] {processor.py:743} INFO - Processing file /opt/airflow/dags/postgres.py for tasks to queue
[2023-06-01T11:18:05.201+0000] {logging_mixin.py:137} INFO - [2023-06-01T11:18:05.201+0000] {dagbag.py:538} INFO - Filling up the DagBag from /opt/airflow/dags/postgres.py
[2023-06-01T11:18:05.250+0000] {processor.py:753} INFO - DAG(s) dict_keys(['dag_with_postgres_operator_v03']) retrieved from /opt/airflow/dags/postgres.py
[2023-06-01T11:18:05.304+0000] {logging_mixin.py:137} INFO - [2023-06-01T11:18:05.304+0000] {dag.py:2676} INFO - Sync 1 DAGs
[2023-06-01T11:18:05.381+0000] {processor.py:175} INFO - Processing /opt/airflow/dags/postgres.py took 0.193 seconds
[2023-06-01T11:18:35.609+0000] {processor.py:153} INFO - Started process (PID=408) to work on /opt/airflow/dags/postgres.py
[2023-06-01T11:18:35.612+0000] {processor.py:743} INFO - Processing file /opt/airflow/dags/postgres.py for tasks to queue
[2023-06-01T11:18:35.615+0000] {logging_mixin.py:137} INFO - [2023-06-01T11:18:35.615+0000] {dagbag.py:538} INFO - Filling up the DagBag from /opt/airflow/dags/postgres.py
[2023-06-01T11:18:35.676+0000] {processor.py:753} INFO - DAG(s) dict_keys(['dag_with_postgres_operator_v03']) retrieved from /opt/airflow/dags/postgres.py
[2023-06-01T11:18:35.727+0000] {logging_mixin.py:137} INFO - [2023-06-01T11:18:35.726+0000] {dag.py:2676} INFO - Sync 1 DAGs
[2023-06-01T11:18:35.782+0000] {processor.py:175} INFO - Processing /opt/airflow/dags/postgres.py took 0.180 seconds
[2023-06-01T11:19:05.975+0000] {processor.py:153} INFO - Started process (PID=439) to work on /opt/airflow/dags/postgres.py
[2023-06-01T11:19:05.977+0000] {processor.py:743} INFO - Processing file /opt/airflow/dags/postgres.py for tasks to queue
[2023-06-01T11:19:05.979+0000] {logging_mixin.py:137} INFO - [2023-06-01T11:19:05.978+0000] {dagbag.py:538} INFO - Filling up the DagBag from /opt/airflow/dags/postgres.py
[2023-06-01T11:19:06.028+0000] {processor.py:753} INFO - DAG(s) dict_keys(['dag_with_postgres_operator_v03']) retrieved from /opt/airflow/dags/postgres.py
[2023-06-01T11:19:06.075+0000] {logging_mixin.py:137} INFO - [2023-06-01T11:19:06.075+0000] {dag.py:2676} INFO - Sync 1 DAGs
[2023-06-01T11:19:06.123+0000] {processor.py:175} INFO - Processing /opt/airflow/dags/postgres.py took 0.154 seconds
[2023-06-01T11:19:36.345+0000] {processor.py:153} INFO - Started process (PID=540) to work on /opt/airflow/dags/postgres.py
[2023-06-01T11:19:36.349+0000] {processor.py:743} INFO - Processing file /opt/airflow/dags/postgres.py for tasks to queue
[2023-06-01T11:19:36.351+0000] {logging_mixin.py:137} INFO - [2023-06-01T11:19:36.351+0000] {dagbag.py:538} INFO - Filling up the DagBag from /opt/airflow/dags/postgres.py
[2023-06-01T11:19:36.416+0000] {processor.py:753} INFO - DAG(s) dict_keys(['dag_with_postgres_operator_v03']) retrieved from /opt/airflow/dags/postgres.py
[2023-06-01T11:19:36.488+0000] {logging_mixin.py:137} INFO - [2023-06-01T11:19:36.487+0000] {dag.py:2676} INFO - Sync 1 DAGs
[2023-06-01T11:19:36.542+0000] {logging_mixin.py:137} INFO - [2023-06-01T11:19:36.541+0000] {dag.py:3427} INFO - Setting next_dagrun for dag_with_postgres_operator_v03 to 2022-01-03T00:00:00+00:00, run_after=2022-01-04T00:00:00+00:00
[2023-06-01T11:19:36.590+0000] {processor.py:175} INFO - Processing /opt/airflow/dags/postgres.py took 0.249 seconds
[2023-06-01T11:20:06.921+0000] {processor.py:153} INFO - Started process (PID=643) to work on /opt/airflow/dags/postgres.py
[2023-06-01T11:20:06.928+0000] {processor.py:743} INFO - Processing file /opt/airflow/dags/postgres.py for tasks to queue
[2023-06-01T11:20:06.930+0000] {logging_mixin.py:137} INFO - [2023-06-01T11:20:06.930+0000] {dagbag.py:538} INFO - Filling up the DagBag from /opt/airflow/dags/postgres.py
[2023-06-01T11:20:07.039+0000] {processor.py:753} INFO - DAG(s) dict_keys(['dag_with_postgres_operator_v03']) retrieved from /opt/airflow/dags/postgres.py
[2023-06-01T11:20:07.185+0000] {logging_mixin.py:137} INFO - [2023-06-01T11:20:07.185+0000] {dag.py:2676} INFO - Sync 1 DAGs
[2023-06-01T11:20:07.272+0000] {logging_mixin.py:137} INFO - [2023-06-01T11:20:07.272+0000] {dag.py:3427} INFO - Setting next_dagrun for dag_with_postgres_operator_v03 to 2022-01-30T00:00:00+00:00, run_after=2022-01-31T00:00:00+00:00
[2023-06-01T11:20:07.320+0000] {processor.py:175} INFO - Processing /opt/airflow/dags/postgres.py took 0.405 seconds
[2023-06-01T11:20:37.619+0000] {processor.py:153} INFO - Started process (PID=760) to work on /opt/airflow/dags/postgres.py
[2023-06-01T11:20:37.623+0000] {processor.py:743} INFO - Processing file /opt/airflow/dags/postgres.py for tasks to queue
[2023-06-01T11:20:37.626+0000] {logging_mixin.py:137} INFO - [2023-06-01T11:20:37.626+0000] {dagbag.py:538} INFO - Filling up the DagBag from /opt/airflow/dags/postgres.py
[2023-06-01T11:20:37.733+0000] {processor.py:753} INFO - DAG(s) dict_keys(['dag_with_postgres_operator_v03']) retrieved from /opt/airflow/dags/postgres.py
[2023-06-01T11:20:37.822+0000] {logging_mixin.py:137} INFO - [2023-06-01T11:20:37.822+0000] {dag.py:2676} INFO - Sync 1 DAGs
[2023-06-01T11:20:37.883+0000] {logging_mixin.py:137} INFO - [2023-06-01T11:20:37.883+0000] {dag.py:3427} INFO - Setting next_dagrun for dag_with_postgres_operator_v03 to 2022-02-17T00:00:00+00:00, run_after=2022-02-18T00:00:00+00:00
[2023-06-01T11:20:37.939+0000] {processor.py:175} INFO - Processing /opt/airflow/dags/postgres.py took 0.335 seconds
[2023-06-01T11:21:08.147+0000] {processor.py:153} INFO - Started process (PID=861) to work on /opt/airflow/dags/postgres.py
[2023-06-01T11:21:08.153+0000] {processor.py:743} INFO - Processing file /opt/airflow/dags/postgres.py for tasks to queue
[2023-06-01T11:21:08.157+0000] {logging_mixin.py:137} INFO - [2023-06-01T11:21:08.157+0000] {dagbag.py:538} INFO - Filling up the DagBag from /opt/airflow/dags/postgres.py
[2023-06-01T11:21:08.280+0000] {processor.py:753} INFO - DAG(s) dict_keys(['dag_with_postgres_operator_v03']) retrieved from /opt/airflow/dags/postgres.py
[2023-06-01T11:21:08.380+0000] {logging_mixin.py:137} INFO - [2023-06-01T11:21:08.380+0000] {dag.py:2676} INFO - Sync 1 DAGs
[2023-06-01T11:21:08.473+0000] {logging_mixin.py:137} INFO - [2023-06-01T11:21:08.473+0000] {dag.py:3427} INFO - Setting next_dagrun for dag_with_postgres_operator_v03 to 2022-03-12T00:00:00+00:00, run_after=2022-03-13T00:00:00+00:00
[2023-06-01T11:21:08.528+0000] {processor.py:175} INFO - Processing /opt/airflow/dags/postgres.py took 0.397 seconds
[2023-06-01T11:21:38.771+0000] {processor.py:153} INFO - Started process (PID=994) to work on /opt/airflow/dags/postgres.py
[2023-06-01T11:21:38.781+0000] {processor.py:743} INFO - Processing file /opt/airflow/dags/postgres.py for tasks to queue
[2023-06-01T11:21:38.786+0000] {logging_mixin.py:137} INFO - [2023-06-01T11:21:38.785+0000] {dagbag.py:538} INFO - Filling up the DagBag from /opt/airflow/dags/postgres.py
[2023-06-01T11:21:38.891+0000] {processor.py:753} INFO - DAG(s) dict_keys(['dag_with_postgres_operator_v03']) retrieved from /opt/airflow/dags/postgres.py
[2023-06-01T11:21:38.991+0000] {logging_mixin.py:137} INFO - [2023-06-01T11:21:38.990+0000] {dag.py:2676} INFO - Sync 1 DAGs
[2023-06-01T11:21:39.110+0000] {processor.py:175} INFO - Processing /opt/airflow/dags/postgres.py took 0.345 seconds
[2023-06-01T11:22:09.356+0000] {processor.py:153} INFO - Started process (PID=1105) to work on /opt/airflow/dags/postgres.py
[2023-06-01T11:22:09.364+0000] {processor.py:743} INFO - Processing file /opt/airflow/dags/postgres.py for tasks to queue
[2023-06-01T11:22:09.370+0000] {logging_mixin.py:137} INFO - [2023-06-01T11:22:09.370+0000] {dagbag.py:538} INFO - Filling up the DagBag from /opt/airflow/dags/postgres.py
[2023-06-01T11:22:09.536+0000] {processor.py:753} INFO - DAG(s) dict_keys(['dag_with_postgres_operator_v03']) retrieved from /opt/airflow/dags/postgres.py
[2023-06-01T11:22:09.658+0000] {logging_mixin.py:137} INFO - [2023-06-01T11:22:09.657+0000] {dag.py:2676} INFO - Sync 1 DAGs
[2023-06-01T11:22:09.741+0000] {logging_mixin.py:137} INFO - [2023-06-01T11:22:09.741+0000] {dag.py:3427} INFO - Setting next_dagrun for dag_with_postgres_operator_v03 to 2022-04-30T00:00:00+00:00, run_after=2022-05-01T00:00:00+00:00
[2023-06-01T11:22:09.785+0000] {processor.py:175} INFO - Processing /opt/airflow/dags/postgres.py took 0.437 seconds
[2023-06-01T11:22:40.001+0000] {processor.py:153} INFO - Started process (PID=1191) to work on /opt/airflow/dags/postgres.py
[2023-06-01T11:22:40.004+0000] {processor.py:743} INFO - Processing file /opt/airflow/dags/postgres.py for tasks to queue
[2023-06-01T11:22:40.006+0000] {logging_mixin.py:137} INFO - [2023-06-01T11:22:40.006+0000] {dagbag.py:538} INFO - Filling up the DagBag from /opt/airflow/dags/postgres.py
[2023-06-01T11:22:40.063+0000] {processor.py:753} INFO - DAG(s) dict_keys(['dag_with_postgres_operator_v03']) retrieved from /opt/airflow/dags/postgres.py
[2023-06-01T11:22:40.126+0000] {logging_mixin.py:137} INFO - [2023-06-01T11:22:40.126+0000] {dag.py:2676} INFO - Sync 1 DAGs
[2023-06-01T11:22:40.170+0000] {logging_mixin.py:137} INFO - [2023-06-01T11:22:40.170+0000] {dag.py:3427} INFO - Setting next_dagrun for dag_with_postgres_operator_v03 to 2022-05-04T00:00:00+00:00, run_after=2022-05-05T00:00:00+00:00
[2023-06-01T11:22:40.203+0000] {processor.py:175} INFO - Processing /opt/airflow/dags/postgres.py took 0.208 seconds
[2023-06-01T11:23:10.451+0000] {processor.py:153} INFO - Started process (PID=1319) to work on /opt/airflow/dags/postgres.py
[2023-06-01T11:23:10.456+0000] {processor.py:743} INFO - Processing file /opt/airflow/dags/postgres.py for tasks to queue
[2023-06-01T11:23:10.459+0000] {logging_mixin.py:137} INFO - [2023-06-01T11:23:10.458+0000] {dagbag.py:538} INFO - Filling up the DagBag from /opt/airflow/dags/postgres.py
[2023-06-01T11:23:10.571+0000] {processor.py:753} INFO - DAG(s) dict_keys(['dag_with_postgres_operator_v03']) retrieved from /opt/airflow/dags/postgres.py
[2023-06-01T11:23:10.674+0000] {logging_mixin.py:137} INFO - [2023-06-01T11:23:10.674+0000] {dag.py:2676} INFO - Sync 1 DAGs
[2023-06-01T11:23:10.746+0000] {logging_mixin.py:137} INFO - [2023-06-01T11:23:10.746+0000] {dag.py:3427} INFO - Setting next_dagrun for dag_with_postgres_operator_v03 to 2022-06-03T00:00:00+00:00, run_after=2022-06-04T00:00:00+00:00
[2023-06-01T11:23:10.797+0000] {processor.py:175} INFO - Processing /opt/airflow/dags/postgres.py took 0.356 seconds
[2023-06-01T11:23:41.208+0000] {processor.py:153} INFO - Started process (PID=1419) to work on /opt/airflow/dags/postgres.py
[2023-06-01T11:23:41.213+0000] {processor.py:743} INFO - Processing file /opt/airflow/dags/postgres.py for tasks to queue
[2023-06-01T11:23:41.217+0000] {logging_mixin.py:137} INFO - [2023-06-01T11:23:41.216+0000] {dagbag.py:538} INFO - Filling up the DagBag from /opt/airflow/dags/postgres.py
[2023-06-01T11:23:41.319+0000] {processor.py:753} INFO - DAG(s) dict_keys(['dag_with_postgres_operator_v03']) retrieved from /opt/airflow/dags/postgres.py
[2023-06-01T11:23:41.471+0000] {logging_mixin.py:137} INFO - [2023-06-01T11:23:41.470+0000] {dag.py:2676} INFO - Sync 1 DAGs
[2023-06-01T11:23:41.601+0000] {logging_mixin.py:137} INFO - [2023-06-01T11:23:41.601+0000] {dag.py:3427} INFO - Setting next_dagrun for dag_with_postgres_operator_v03 to 2022-06-19T00:00:00+00:00, run_after=2022-06-20T00:00:00+00:00
[2023-06-01T11:23:41.691+0000] {processor.py:175} INFO - Processing /opt/airflow/dags/postgres.py took 0.489 seconds
[2023-06-01T11:23:50.813+0000] {processor.py:153} INFO - Started process (PID=1450) to work on /opt/airflow/dags/postgres.py
[2023-06-01T11:23:50.815+0000] {processor.py:743} INFO - Processing file /opt/airflow/dags/postgres.py for tasks to queue
[2023-06-01T11:23:50.817+0000] {logging_mixin.py:137} INFO - [2023-06-01T11:23:50.817+0000] {dagbag.py:538} INFO - Filling up the DagBag from /opt/airflow/dags/postgres.py
[2023-06-01T11:23:50.857+0000] {processor.py:753} INFO - DAG(s) dict_keys(['dag_with_postgres_operator_v03']) retrieved from /opt/airflow/dags/postgres.py
[2023-06-01T11:23:50.940+0000] {logging_mixin.py:137} INFO - [2023-06-01T11:23:50.939+0000] {dag.py:2676} INFO - Sync 1 DAGs
[2023-06-01T11:23:50.968+0000] {logging_mixin.py:137} INFO - [2023-06-01T11:23:50.967+0000] {dag.py:3427} INFO - Setting next_dagrun for dag_with_postgres_operator_v03 to 2022-06-23T00:00:00+00:00, run_after=2022-06-24T00:00:00+00:00
[2023-06-01T11:23:50.992+0000] {processor.py:175} INFO - Processing /opt/airflow/dags/postgres.py took 0.183 seconds
[2023-06-01T11:23:53.979+0000] {processor.py:153} INFO - Started process (PID=1451) to work on /opt/airflow/dags/postgres.py
[2023-06-01T11:23:53.981+0000] {processor.py:743} INFO - Processing file /opt/airflow/dags/postgres.py for tasks to queue
[2023-06-01T11:23:53.983+0000] {logging_mixin.py:137} INFO - [2023-06-01T11:23:53.983+0000] {dagbag.py:538} INFO - Filling up the DagBag from /opt/airflow/dags/postgres.py
[2023-06-01T11:23:54.061+0000] {processor.py:753} INFO - DAG(s) dict_keys(['dag_with_postgres_operator_v03']) retrieved from /opt/airflow/dags/postgres.py
[2023-06-01T11:23:54.111+0000] {logging_mixin.py:137} INFO - [2023-06-01T11:23:54.111+0000] {dag.py:2676} INFO - Sync 1 DAGs
[2023-06-01T11:23:54.161+0000] {logging_mixin.py:137} INFO - [2023-06-01T11:23:54.160+0000] {dag.py:3427} INFO - Setting next_dagrun for dag_with_postgres_operator_v03 to 2022-07-02T00:00:00+00:00, run_after=2022-07-03T00:00:00+00:00
[2023-06-01T11:23:54.197+0000] {processor.py:175} INFO - Processing /opt/airflow/dags/postgres.py took 0.224 seconds
[2023-06-01T11:24:24.377+0000] {processor.py:153} INFO - Started process (PID=1496) to work on /opt/airflow/dags/postgres.py
[2023-06-01T11:24:24.381+0000] {processor.py:743} INFO - Processing file /opt/airflow/dags/postgres.py for tasks to queue
[2023-06-01T11:24:24.385+0000] {logging_mixin.py:137} INFO - [2023-06-01T11:24:24.384+0000] {dagbag.py:538} INFO - Filling up the DagBag from /opt/airflow/dags/postgres.py
[2023-06-01T11:24:24.480+0000] {processor.py:753} INFO - DAG(s) dict_keys(['dag_with_postgres_operator_v03']) retrieved from /opt/airflow/dags/postgres.py
[2023-06-01T11:24:24.564+0000] {logging_mixin.py:137} INFO - [2023-06-01T11:24:24.564+0000] {dag.py:2676} INFO - Sync 1 DAGs
[2023-06-01T11:24:24.625+0000] {logging_mixin.py:137} INFO - [2023-06-01T11:24:24.625+0000] {dag.py:3427} INFO - Setting next_dagrun for dag_with_postgres_operator_v03 to 2022-08-17T00:00:00+00:00, run_after=2022-08-18T00:00:00+00:00
[2023-06-01T11:24:24.653+0000] {processor.py:175} INFO - Processing /opt/airflow/dags/postgres.py took 0.286 seconds
[2023-06-01T11:24:55.539+0000] {processor.py:153} INFO - Started process (PID=1527) to work on /opt/airflow/dags/postgres.py
[2023-06-01T11:24:55.542+0000] {processor.py:743} INFO - Processing file /opt/airflow/dags/postgres.py for tasks to queue
[2023-06-01T11:24:55.545+0000] {logging_mixin.py:137} INFO - [2023-06-01T11:24:55.545+0000] {dagbag.py:538} INFO - Filling up the DagBag from /opt/airflow/dags/postgres.py
[2023-06-01T11:24:55.621+0000] {processor.py:753} INFO - DAG(s) dict_keys(['dag_with_postgres_operator_v03']) retrieved from /opt/airflow/dags/postgres.py
[2023-06-01T11:24:55.706+0000] {logging_mixin.py:137} INFO - [2023-06-01T11:24:55.706+0000] {dag.py:2676} INFO - Sync 1 DAGs
[2023-06-01T11:24:55.758+0000] {logging_mixin.py:137} INFO - [2023-06-01T11:24:55.757+0000] {dag.py:3427} INFO - Setting next_dagrun for dag_with_postgres_operator_v03 to 2022-10-07T00:00:00+00:00, run_after=2022-10-08T00:00:00+00:00
[2023-06-01T11:24:55.809+0000] {processor.py:175} INFO - Processing /opt/airflow/dags/postgres.py took 0.276 seconds
[2023-06-01T11:25:26.122+0000] {processor.py:153} INFO - Started process (PID=1558) to work on /opt/airflow/dags/postgres.py
[2023-06-01T11:25:26.130+0000] {processor.py:743} INFO - Processing file /opt/airflow/dags/postgres.py for tasks to queue
[2023-06-01T11:25:26.134+0000] {logging_mixin.py:137} INFO - [2023-06-01T11:25:26.133+0000] {dagbag.py:538} INFO - Filling up the DagBag from /opt/airflow/dags/postgres.py
[2023-06-01T11:25:26.249+0000] {processor.py:753} INFO - DAG(s) dict_keys(['dag_with_postgres_operator_v03']) retrieved from /opt/airflow/dags/postgres.py
[2023-06-01T11:25:26.399+0000] {logging_mixin.py:137} INFO - [2023-06-01T11:25:26.399+0000] {dag.py:2676} INFO - Sync 1 DAGs
[2023-06-01T11:25:26.496+0000] {logging_mixin.py:137} INFO - [2023-06-01T11:25:26.495+0000] {dag.py:3427} INFO - Setting next_dagrun for dag_with_postgres_operator_v03 to 2022-11-29T00:00:00+00:00, run_after=2022-11-30T00:00:00+00:00
[2023-06-01T11:25:26.601+0000] {processor.py:175} INFO - Processing /opt/airflow/dags/postgres.py took 0.495 seconds
[2023-06-01T11:25:56.698+0000] {processor.py:153} INFO - Started process (PID=1604) to work on /opt/airflow/dags/postgres.py
[2023-06-01T11:25:56.705+0000] {processor.py:743} INFO - Processing file /opt/airflow/dags/postgres.py for tasks to queue
[2023-06-01T11:25:56.707+0000] {logging_mixin.py:137} INFO - [2023-06-01T11:25:56.707+0000] {dagbag.py:538} INFO - Filling up the DagBag from /opt/airflow/dags/postgres.py
[2023-06-01T11:25:56.805+0000] {processor.py:753} INFO - DAG(s) dict_keys(['dag_with_postgres_operator_v03']) retrieved from /opt/airflow/dags/postgres.py
[2023-06-01T11:25:56.905+0000] {logging_mixin.py:137} INFO - [2023-06-01T11:25:56.905+0000] {dag.py:2676} INFO - Sync 1 DAGs
[2023-06-01T11:25:56.977+0000] {logging_mixin.py:137} INFO - [2023-06-01T11:25:56.977+0000] {dag.py:3427} INFO - Setting next_dagrun for dag_with_postgres_operator_v03 to 2023-01-14T00:00:00+00:00, run_after=2023-01-15T00:00:00+00:00
[2023-06-01T11:25:57.020+0000] {processor.py:175} INFO - Processing /opt/airflow/dags/postgres.py took 0.330 seconds
[2023-06-01T11:26:27.232+0000] {processor.py:153} INFO - Started process (PID=1635) to work on /opt/airflow/dags/postgres.py
[2023-06-01T11:26:27.236+0000] {processor.py:743} INFO - Processing file /opt/airflow/dags/postgres.py for tasks to queue
[2023-06-01T11:26:27.239+0000] {logging_mixin.py:137} INFO - [2023-06-01T11:26:27.239+0000] {dagbag.py:538} INFO - Filling up the DagBag from /opt/airflow/dags/postgres.py
[2023-06-01T11:26:27.301+0000] {processor.py:753} INFO - DAG(s) dict_keys(['dag_with_postgres_operator_v03']) retrieved from /opt/airflow/dags/postgres.py
[2023-06-01T11:26:27.382+0000] {logging_mixin.py:137} INFO - [2023-06-01T11:26:27.381+0000] {dag.py:2676} INFO - Sync 1 DAGs
[2023-06-01T11:26:27.434+0000] {logging_mixin.py:137} INFO - [2023-06-01T11:26:27.434+0000] {dag.py:3427} INFO - Setting next_dagrun for dag_with_postgres_operator_v03 to 2023-03-01T00:00:00+00:00, run_after=2023-03-02T00:00:00+00:00
[2023-06-01T11:26:27.467+0000] {processor.py:175} INFO - Processing /opt/airflow/dags/postgres.py took 0.240 seconds
[2023-06-01T11:26:57.708+0000] {processor.py:153} INFO - Started process (PID=1665) to work on /opt/airflow/dags/postgres.py
[2023-06-01T11:26:57.712+0000] {processor.py:743} INFO - Processing file /opt/airflow/dags/postgres.py for tasks to queue
[2023-06-01T11:26:57.715+0000] {logging_mixin.py:137} INFO - [2023-06-01T11:26:57.715+0000] {dagbag.py:538} INFO - Filling up the DagBag from /opt/airflow/dags/postgres.py
[2023-06-01T11:26:57.790+0000] {processor.py:753} INFO - DAG(s) dict_keys(['dag_with_postgres_operator_v03']) retrieved from /opt/airflow/dags/postgres.py
[2023-06-01T11:26:57.875+0000] {logging_mixin.py:137} INFO - [2023-06-01T11:26:57.875+0000] {dag.py:2676} INFO - Sync 1 DAGs
[2023-06-01T11:26:57.924+0000] {logging_mixin.py:137} INFO - [2023-06-01T11:26:57.924+0000] {dag.py:3427} INFO - Setting next_dagrun for dag_with_postgres_operator_v03 to 2023-04-20T00:00:00+00:00, run_after=2023-04-21T00:00:00+00:00
[2023-06-01T11:26:57.963+0000] {processor.py:175} INFO - Processing /opt/airflow/dags/postgres.py took 0.266 seconds
[2023-06-01T11:27:28.360+0000] {processor.py:153} INFO - Started process (PID=1710) to work on /opt/airflow/dags/postgres.py
[2023-06-01T11:27:28.363+0000] {processor.py:743} INFO - Processing file /opt/airflow/dags/postgres.py for tasks to queue
[2023-06-01T11:27:28.365+0000] {logging_mixin.py:137} INFO - [2023-06-01T11:27:28.365+0000] {dagbag.py:538} INFO - Filling up the DagBag from /opt/airflow/dags/postgres.py
[2023-06-01T11:27:28.421+0000] {processor.py:753} INFO - DAG(s) dict_keys(['dag_with_postgres_operator_v03']) retrieved from /opt/airflow/dags/postgres.py
[2023-06-01T11:27:28.476+0000] {logging_mixin.py:137} INFO - [2023-06-01T11:27:28.476+0000] {dag.py:2676} INFO - Sync 1 DAGs
[2023-06-01T11:27:28.516+0000] {logging_mixin.py:137} INFO - [2023-06-01T11:27:28.516+0000] {dag.py:3427} INFO - Setting next_dagrun for dag_with_postgres_operator_v03 to 2023-06-01T00:00:00+00:00, run_after=2023-06-02T00:00:00+00:00
[2023-06-01T11:27:28.543+0000] {processor.py:175} INFO - Processing /opt/airflow/dags/postgres.py took 0.189 seconds
[2023-06-01T11:27:58.786+0000] {processor.py:153} INFO - Started process (PID=1742) to work on /opt/airflow/dags/postgres.py
[2023-06-01T11:27:58.789+0000] {processor.py:743} INFO - Processing file /opt/airflow/dags/postgres.py for tasks to queue
[2023-06-01T11:27:58.793+0000] {logging_mixin.py:137} INFO - [2023-06-01T11:27:58.792+0000] {dagbag.py:538} INFO - Filling up the DagBag from /opt/airflow/dags/postgres.py
[2023-06-01T11:27:58.858+0000] {processor.py:753} INFO - DAG(s) dict_keys(['dag_with_postgres_operator_v03']) retrieved from /opt/airflow/dags/postgres.py
[2023-06-01T11:27:58.917+0000] {logging_mixin.py:137} INFO - [2023-06-01T11:27:58.917+0000] {dag.py:2676} INFO - Sync 1 DAGs
[2023-06-01T11:27:58.962+0000] {logging_mixin.py:137} INFO - [2023-06-01T11:27:58.962+0000] {dag.py:3427} INFO - Setting next_dagrun for dag_with_postgres_operator_v03 to 2023-06-01T00:00:00+00:00, run_after=2023-06-02T00:00:00+00:00
[2023-06-01T11:27:58.995+0000] {processor.py:175} INFO - Processing /opt/airflow/dags/postgres.py took 0.219 seconds
[2023-06-01T11:28:29.251+0000] {processor.py:153} INFO - Started process (PID=1787) to work on /opt/airflow/dags/postgres.py
[2023-06-01T11:28:29.253+0000] {processor.py:743} INFO - Processing file /opt/airflow/dags/postgres.py for tasks to queue
[2023-06-01T11:28:29.255+0000] {logging_mixin.py:137} INFO - [2023-06-01T11:28:29.255+0000] {dagbag.py:538} INFO - Filling up the DagBag from /opt/airflow/dags/postgres.py
[2023-06-01T11:28:29.293+0000] {processor.py:753} INFO - DAG(s) dict_keys(['dag_with_postgres_operator_v03']) retrieved from /opt/airflow/dags/postgres.py
[2023-06-01T11:28:29.340+0000] {logging_mixin.py:137} INFO - [2023-06-01T11:28:29.339+0000] {dag.py:2676} INFO - Sync 1 DAGs
[2023-06-01T11:28:29.380+0000] {logging_mixin.py:137} INFO - [2023-06-01T11:28:29.380+0000] {dag.py:3427} INFO - Setting next_dagrun for dag_with_postgres_operator_v03 to 2023-06-01T00:00:00+00:00, run_after=2023-06-02T00:00:00+00:00
[2023-06-01T11:28:29.408+0000] {processor.py:175} INFO - Processing /opt/airflow/dags/postgres.py took 0.161 seconds
[2023-06-01T11:28:59.773+0000] {processor.py:153} INFO - Started process (PID=1818) to work on /opt/airflow/dags/postgres.py
[2023-06-01T11:28:59.777+0000] {processor.py:743} INFO - Processing file /opt/airflow/dags/postgres.py for tasks to queue
[2023-06-01T11:28:59.778+0000] {logging_mixin.py:137} INFO - [2023-06-01T11:28:59.778+0000] {dagbag.py:538} INFO - Filling up the DagBag from /opt/airflow/dags/postgres.py
[2023-06-01T11:28:59.827+0000] {processor.py:753} INFO - DAG(s) dict_keys(['dag_with_postgres_operator_v03']) retrieved from /opt/airflow/dags/postgres.py
[2023-06-01T11:28:59.874+0000] {logging_mixin.py:137} INFO - [2023-06-01T11:28:59.873+0000] {dag.py:2676} INFO - Sync 1 DAGs
[2023-06-01T11:28:59.912+0000] {logging_mixin.py:137} INFO - [2023-06-01T11:28:59.911+0000] {dag.py:3427} INFO - Setting next_dagrun for dag_with_postgres_operator_v03 to 2023-06-01T00:00:00+00:00, run_after=2023-06-02T00:00:00+00:00
[2023-06-01T11:28:59.933+0000] {processor.py:175} INFO - Processing /opt/airflow/dags/postgres.py took 0.164 seconds
[2023-06-01T11:29:30.180+0000] {processor.py:153} INFO - Started process (PID=1849) to work on /opt/airflow/dags/postgres.py
[2023-06-01T11:29:30.184+0000] {processor.py:743} INFO - Processing file /opt/airflow/dags/postgres.py for tasks to queue
[2023-06-01T11:29:30.190+0000] {logging_mixin.py:137} INFO - [2023-06-01T11:29:30.189+0000] {dagbag.py:538} INFO - Filling up the DagBag from /opt/airflow/dags/postgres.py
[2023-06-01T11:29:30.263+0000] {processor.py:753} INFO - DAG(s) dict_keys(['dag_with_postgres_operator_v03']) retrieved from /opt/airflow/dags/postgres.py
[2023-06-01T11:29:30.334+0000] {logging_mixin.py:137} INFO - [2023-06-01T11:29:30.334+0000] {dag.py:2676} INFO - Sync 1 DAGs
[2023-06-01T11:29:30.375+0000] {logging_mixin.py:137} INFO - [2023-06-01T11:29:30.375+0000] {dag.py:3427} INFO - Setting next_dagrun for dag_with_postgres_operator_v03 to 2023-06-01T00:00:00+00:00, run_after=2023-06-02T00:00:00+00:00
[2023-06-01T11:29:30.410+0000] {processor.py:175} INFO - Processing /opt/airflow/dags/postgres.py took 0.240 seconds
[2023-06-01T11:30:00.640+0000] {processor.py:153} INFO - Started process (PID=1894) to work on /opt/airflow/dags/postgres.py
[2023-06-01T11:30:00.643+0000] {processor.py:743} INFO - Processing file /opt/airflow/dags/postgres.py for tasks to queue
[2023-06-01T11:30:00.646+0000] {logging_mixin.py:137} INFO - [2023-06-01T11:30:00.646+0000] {dagbag.py:538} INFO - Filling up the DagBag from /opt/airflow/dags/postgres.py
[2023-06-01T11:30:00.694+0000] {processor.py:753} INFO - DAG(s) dict_keys(['dag_with_postgres_operator_v03']) retrieved from /opt/airflow/dags/postgres.py
[2023-06-01T11:30:00.740+0000] {logging_mixin.py:137} INFO - [2023-06-01T11:30:00.739+0000] {dag.py:2676} INFO - Sync 1 DAGs
[2023-06-01T11:30:00.771+0000] {logging_mixin.py:137} INFO - [2023-06-01T11:30:00.771+0000] {dag.py:3427} INFO - Setting next_dagrun for dag_with_postgres_operator_v03 to 2023-06-01T00:00:00+00:00, run_after=2023-06-02T00:00:00+00:00
[2023-06-01T11:30:00.792+0000] {processor.py:175} INFO - Processing /opt/airflow/dags/postgres.py took 0.157 seconds
[2023-06-01T11:30:31.164+0000] {processor.py:153} INFO - Started process (PID=1924) to work on /opt/airflow/dags/postgres.py
[2023-06-01T11:30:31.167+0000] {processor.py:743} INFO - Processing file /opt/airflow/dags/postgres.py for tasks to queue
[2023-06-01T11:30:31.169+0000] {logging_mixin.py:137} INFO - [2023-06-01T11:30:31.169+0000] {dagbag.py:538} INFO - Filling up the DagBag from /opt/airflow/dags/postgres.py
[2023-06-01T11:30:31.215+0000] {processor.py:753} INFO - DAG(s) dict_keys(['dag_with_postgres_operator_v03']) retrieved from /opt/airflow/dags/postgres.py
[2023-06-01T11:30:31.264+0000] {logging_mixin.py:137} INFO - [2023-06-01T11:30:31.264+0000] {dag.py:2676} INFO - Sync 1 DAGs
[2023-06-01T11:30:31.297+0000] {logging_mixin.py:137} INFO - [2023-06-01T11:30:31.297+0000] {dag.py:3427} INFO - Setting next_dagrun for dag_with_postgres_operator_v03 to 2023-06-01T00:00:00+00:00, run_after=2023-06-02T00:00:00+00:00
[2023-06-01T11:30:31.321+0000] {processor.py:175} INFO - Processing /opt/airflow/dags/postgres.py took 0.161 seconds
[2023-06-01T11:31:01.525+0000] {processor.py:153} INFO - Started process (PID=1970) to work on /opt/airflow/dags/postgres.py
[2023-06-01T11:31:01.527+0000] {processor.py:743} INFO - Processing file /opt/airflow/dags/postgres.py for tasks to queue
[2023-06-01T11:31:01.528+0000] {logging_mixin.py:137} INFO - [2023-06-01T11:31:01.528+0000] {dagbag.py:538} INFO - Filling up the DagBag from /opt/airflow/dags/postgres.py
[2023-06-01T11:31:01.574+0000] {processor.py:753} INFO - DAG(s) dict_keys(['dag_with_postgres_operator_v03']) retrieved from /opt/airflow/dags/postgres.py
[2023-06-01T11:31:01.622+0000] {logging_mixin.py:137} INFO - [2023-06-01T11:31:01.622+0000] {dag.py:2676} INFO - Sync 1 DAGs
[2023-06-01T11:31:01.660+0000] {logging_mixin.py:137} INFO - [2023-06-01T11:31:01.660+0000] {dag.py:3427} INFO - Setting next_dagrun for dag_with_postgres_operator_v03 to 2023-06-01T00:00:00+00:00, run_after=2023-06-02T00:00:00+00:00
[2023-06-01T11:31:01.684+0000] {processor.py:175} INFO - Processing /opt/airflow/dags/postgres.py took 0.163 seconds
[2023-06-01T11:31:32.010+0000] {processor.py:153} INFO - Started process (PID=2001) to work on /opt/airflow/dags/postgres.py
[2023-06-01T11:31:32.013+0000] {processor.py:743} INFO - Processing file /opt/airflow/dags/postgres.py for tasks to queue
[2023-06-01T11:31:32.015+0000] {logging_mixin.py:137} INFO - [2023-06-01T11:31:32.015+0000] {dagbag.py:538} INFO - Filling up the DagBag from /opt/airflow/dags/postgres.py
[2023-06-01T11:31:32.074+0000] {processor.py:753} INFO - DAG(s) dict_keys(['dag_with_postgres_operator_v03']) retrieved from /opt/airflow/dags/postgres.py
[2023-06-01T11:31:32.131+0000] {logging_mixin.py:137} INFO - [2023-06-01T11:31:32.131+0000] {dag.py:2676} INFO - Sync 1 DAGs
[2023-06-01T11:31:32.176+0000] {logging_mixin.py:137} INFO - [2023-06-01T11:31:32.176+0000] {dag.py:3427} INFO - Setting next_dagrun for dag_with_postgres_operator_v03 to 2023-06-01T00:00:00+00:00, run_after=2023-06-02T00:00:00+00:00
[2023-06-01T11:31:32.208+0000] {processor.py:175} INFO - Processing /opt/airflow/dags/postgres.py took 0.204 seconds
[2023-06-01T11:32:02.341+0000] {processor.py:153} INFO - Started process (PID=2046) to work on /opt/airflow/dags/postgres.py
[2023-06-01T11:32:02.344+0000] {processor.py:743} INFO - Processing file /opt/airflow/dags/postgres.py for tasks to queue
[2023-06-01T11:32:02.345+0000] {logging_mixin.py:137} INFO - [2023-06-01T11:32:02.345+0000] {dagbag.py:538} INFO - Filling up the DagBag from /opt/airflow/dags/postgres.py
[2023-06-01T11:32:02.392+0000] {processor.py:753} INFO - DAG(s) dict_keys(['dag_with_postgres_operator_v03']) retrieved from /opt/airflow/dags/postgres.py
[2023-06-01T11:32:02.440+0000] {logging_mixin.py:137} INFO - [2023-06-01T11:32:02.440+0000] {dag.py:2676} INFO - Sync 1 DAGs
[2023-06-01T11:32:02.481+0000] {logging_mixin.py:137} INFO - [2023-06-01T11:32:02.481+0000] {dag.py:3427} INFO - Setting next_dagrun for dag_with_postgres_operator_v03 to 2023-06-01T00:00:00+00:00, run_after=2023-06-02T00:00:00+00:00
[2023-06-01T11:32:02.509+0000] {processor.py:175} INFO - Processing /opt/airflow/dags/postgres.py took 0.172 seconds
[2023-06-01T11:32:32.702+0000] {processor.py:153} INFO - Started process (PID=2077) to work on /opt/airflow/dags/postgres.py
[2023-06-01T11:32:32.705+0000] {processor.py:743} INFO - Processing file /opt/airflow/dags/postgres.py for tasks to queue
[2023-06-01T11:32:32.707+0000] {logging_mixin.py:137} INFO - [2023-06-01T11:32:32.706+0000] {dagbag.py:538} INFO - Filling up the DagBag from /opt/airflow/dags/postgres.py
[2023-06-01T11:32:32.756+0000] {processor.py:753} INFO - DAG(s) dict_keys(['dag_with_postgres_operator_v03']) retrieved from /opt/airflow/dags/postgres.py
[2023-06-01T11:32:32.810+0000] {logging_mixin.py:137} INFO - [2023-06-01T11:32:32.810+0000] {dag.py:2676} INFO - Sync 1 DAGs
[2023-06-01T11:32:32.855+0000] {logging_mixin.py:137} INFO - [2023-06-01T11:32:32.855+0000] {dag.py:3427} INFO - Setting next_dagrun for dag_with_postgres_operator_v03 to 2023-06-01T00:00:00+00:00, run_after=2023-06-02T00:00:00+00:00
[2023-06-01T11:32:32.885+0000] {processor.py:175} INFO - Processing /opt/airflow/dags/postgres.py took 0.188 seconds
[2023-06-01T11:32:52.090+0000] {processor.py:153} INFO - Started process (PID=2108) to work on /opt/airflow/dags/postgres.py
[2023-06-01T11:32:52.111+0000] {processor.py:743} INFO - Processing file /opt/airflow/dags/postgres.py for tasks to queue
[2023-06-01T11:32:52.114+0000] {logging_mixin.py:137} INFO - [2023-06-01T11:32:52.113+0000] {dagbag.py:538} INFO - Filling up the DagBag from /opt/airflow/dags/postgres.py
[2023-06-01T11:32:52.208+0000] {processor.py:753} INFO - DAG(s) dict_keys(['dag_with_postgres_operator_v03']) retrieved from /opt/airflow/dags/postgres.py
[2023-06-01T11:32:52.327+0000] {logging_mixin.py:137} INFO - [2023-06-01T11:32:52.327+0000] {dag.py:2676} INFO - Sync 1 DAGs
[2023-06-01T11:32:52.390+0000] {logging_mixin.py:137} INFO - [2023-06-01T11:32:52.389+0000] {dag.py:3427} INFO - Setting next_dagrun for dag_with_postgres_operator_v03 to 2023-06-01T00:00:00+00:00, run_after=2023-06-02T00:00:00+00:00
[2023-06-01T11:32:52.458+0000] {processor.py:175} INFO - Processing /opt/airflow/dags/postgres.py took 0.372 seconds
[2023-06-01T11:33:22.507+0000] {processor.py:153} INFO - Started process (PID=2139) to work on /opt/airflow/dags/postgres.py
[2023-06-01T11:33:22.510+0000] {processor.py:743} INFO - Processing file /opt/airflow/dags/postgres.py for tasks to queue
[2023-06-01T11:33:22.511+0000] {logging_mixin.py:137} INFO - [2023-06-01T11:33:22.511+0000] {dagbag.py:538} INFO - Filling up the DagBag from /opt/airflow/dags/postgres.py
[2023-06-01T11:33:22.555+0000] {processor.py:753} INFO - DAG(s) dict_keys(['dag_with_postgres_operator_v03']) retrieved from /opt/airflow/dags/postgres.py
[2023-06-01T11:33:22.596+0000] {logging_mixin.py:137} INFO - [2023-06-01T11:33:22.596+0000] {dag.py:2676} INFO - Sync 1 DAGs
[2023-06-01T11:33:22.627+0000] {logging_mixin.py:137} INFO - [2023-06-01T11:33:22.627+0000] {dag.py:3427} INFO - Setting next_dagrun for dag_with_postgres_operator_v03 to 2023-06-01T00:00:00+00:00, run_after=2023-06-02T00:00:00+00:00
[2023-06-01T11:33:22.656+0000] {processor.py:175} INFO - Processing /opt/airflow/dags/postgres.py took 0.153 seconds
[2023-06-01T11:33:28.724+0000] {processor.py:153} INFO - Started process (PID=2154) to work on /opt/airflow/dags/postgres.py
[2023-06-01T11:33:28.726+0000] {processor.py:743} INFO - Processing file /opt/airflow/dags/postgres.py for tasks to queue
[2023-06-01T11:33:28.729+0000] {logging_mixin.py:137} INFO - [2023-06-01T11:33:28.728+0000] {dagbag.py:538} INFO - Filling up the DagBag from /opt/airflow/dags/postgres.py
[2023-06-01T11:33:28.748+0000] {logging_mixin.py:137} INFO - [2023-06-01T11:33:28.742+0000] {dagbag.py:343} ERROR - Failed to import: /opt/airflow/dags/postgres.py
Traceback (most recent call last):
  File "/home/airflow/.local/lib/python3.7/site-packages/airflow/models/dagbag.py", line 339, in parse
    loader.exec_module(new_module)
  File "<frozen importlib._bootstrap_external>", line 724, in exec_module
  File "<frozen importlib._bootstrap_external>", line 860, in get_code
  File "<frozen importlib._bootstrap_external>", line 791, in source_to_code
  File "<frozen importlib._bootstrap>", line 219, in _call_with_frames_removed
  File "/opt/airflow/dags/postgres.py", line 47
    task1 >> task2
    ^
IndentationError: unexpected indent
[2023-06-01T11:33:28.750+0000] {processor.py:755} WARNING - No viable dags retrieved from /opt/airflow/dags/postgres.py
[2023-06-01T11:33:28.780+0000] {processor.py:175} INFO - Processing /opt/airflow/dags/postgres.py took 0.062 seconds
[2023-06-01T11:33:29.728+0000] {processor.py:153} INFO - Started process (PID=2155) to work on /opt/airflow/dags/postgres.py
[2023-06-01T11:33:29.730+0000] {processor.py:743} INFO - Processing file /opt/airflow/dags/postgres.py for tasks to queue
[2023-06-01T11:33:29.732+0000] {logging_mixin.py:137} INFO - [2023-06-01T11:33:29.732+0000] {dagbag.py:538} INFO - Filling up the DagBag from /opt/airflow/dags/postgres.py
[2023-06-01T11:33:29.740+0000] {logging_mixin.py:137} INFO - [2023-06-01T11:33:29.739+0000] {dagbag.py:343} ERROR - Failed to import: /opt/airflow/dags/postgres.py
Traceback (most recent call last):
  File "/home/airflow/.local/lib/python3.7/site-packages/airflow/models/dagbag.py", line 339, in parse
    loader.exec_module(new_module)
  File "<frozen importlib._bootstrap_external>", line 724, in exec_module
  File "<frozen importlib._bootstrap_external>", line 860, in get_code
  File "<frozen importlib._bootstrap_external>", line 791, in source_to_code
  File "<frozen importlib._bootstrap>", line 219, in _call_with_frames_removed
  File "/opt/airflow/dags/postgres.py", line 47
    task1 >> task2
    ^
IndentationError: unexpected indent
[2023-06-01T11:33:29.742+0000] {processor.py:755} WARNING - No viable dags retrieved from /opt/airflow/dags/postgres.py
[2023-06-01T11:33:29.765+0000] {processor.py:175} INFO - Processing /opt/airflow/dags/postgres.py took 0.041 seconds
[2023-06-01T11:33:59.959+0000] {processor.py:153} INFO - Started process (PID=2186) to work on /opt/airflow/dags/postgres.py
[2023-06-01T11:33:59.961+0000] {processor.py:743} INFO - Processing file /opt/airflow/dags/postgres.py for tasks to queue
[2023-06-01T11:33:59.963+0000] {logging_mixin.py:137} INFO - [2023-06-01T11:33:59.962+0000] {dagbag.py:538} INFO - Filling up the DagBag from /opt/airflow/dags/postgres.py
[2023-06-01T11:33:59.971+0000] {logging_mixin.py:137} INFO - [2023-06-01T11:33:59.970+0000] {dagbag.py:343} ERROR - Failed to import: /opt/airflow/dags/postgres.py
Traceback (most recent call last):
  File "/home/airflow/.local/lib/python3.7/site-packages/airflow/models/dagbag.py", line 339, in parse
    loader.exec_module(new_module)
  File "<frozen importlib._bootstrap_external>", line 724, in exec_module
  File "<frozen importlib._bootstrap_external>", line 860, in get_code
  File "<frozen importlib._bootstrap_external>", line 791, in source_to_code
  File "<frozen importlib._bootstrap>", line 219, in _call_with_frames_removed
  File "/opt/airflow/dags/postgres.py", line 47
    task1 >> task2
    ^
IndentationError: unexpected indent
[2023-06-01T11:33:59.973+0000] {processor.py:755} WARNING - No viable dags retrieved from /opt/airflow/dags/postgres.py
[2023-06-01T11:34:00.002+0000] {processor.py:175} INFO - Processing /opt/airflow/dags/postgres.py took 0.048 seconds
[2023-06-01T11:34:24.275+0000] {processor.py:153} INFO - Started process (PID=2217) to work on /opt/airflow/dags/postgres.py
[2023-06-01T11:34:24.277+0000] {processor.py:743} INFO - Processing file /opt/airflow/dags/postgres.py for tasks to queue
[2023-06-01T11:34:24.279+0000] {logging_mixin.py:137} INFO - [2023-06-01T11:34:24.279+0000] {dagbag.py:538} INFO - Filling up the DagBag from /opt/airflow/dags/postgres.py
[2023-06-01T11:34:24.328+0000] {processor.py:753} INFO - DAG(s) dict_keys(['dag_with_postgres_operator_v03']) retrieved from /opt/airflow/dags/postgres.py
[2023-06-01T11:34:24.431+0000] {logging_mixin.py:137} INFO - [2023-06-01T11:34:24.431+0000] {dag.py:2676} INFO - Sync 1 DAGs
[2023-06-01T11:34:24.475+0000] {logging_mixin.py:137} INFO - [2023-06-01T11:34:24.475+0000] {dag.py:3427} INFO - Setting next_dagrun for dag_with_postgres_operator_v03 to 2023-06-01T00:00:00+00:00, run_after=2023-06-02T00:00:00+00:00
[2023-06-01T11:34:24.503+0000] {processor.py:175} INFO - Processing /opt/airflow/dags/postgres.py took 0.232 seconds
[2023-06-01T11:34:54.636+0000] {processor.py:153} INFO - Started process (PID=2255) to work on /opt/airflow/dags/postgres.py
[2023-06-01T11:34:54.637+0000] {processor.py:743} INFO - Processing file /opt/airflow/dags/postgres.py for tasks to queue
[2023-06-01T11:34:54.639+0000] {logging_mixin.py:137} INFO - [2023-06-01T11:34:54.639+0000] {dagbag.py:538} INFO - Filling up the DagBag from /opt/airflow/dags/postgres.py
[2023-06-01T11:34:54.678+0000] {processor.py:753} INFO - DAG(s) dict_keys(['dag_with_postgres_operator_v03']) retrieved from /opt/airflow/dags/postgres.py
[2023-06-01T11:34:54.719+0000] {logging_mixin.py:137} INFO - [2023-06-01T11:34:54.719+0000] {dag.py:2676} INFO - Sync 1 DAGs
[2023-06-01T11:34:54.751+0000] {logging_mixin.py:137} INFO - [2023-06-01T11:34:54.750+0000] {dag.py:3427} INFO - Setting next_dagrun for dag_with_postgres_operator_v03 to 2023-06-01T00:00:00+00:00, run_after=2023-06-02T00:00:00+00:00
[2023-06-01T11:34:54.772+0000] {processor.py:175} INFO - Processing /opt/airflow/dags/postgres.py took 0.140 seconds
[2023-06-01T11:35:24.956+0000] {processor.py:153} INFO - Started process (PID=2293) to work on /opt/airflow/dags/postgres.py
[2023-06-01T11:35:24.958+0000] {processor.py:743} INFO - Processing file /opt/airflow/dags/postgres.py for tasks to queue
[2023-06-01T11:35:24.959+0000] {logging_mixin.py:137} INFO - [2023-06-01T11:35:24.959+0000] {dagbag.py:538} INFO - Filling up the DagBag from /opt/airflow/dags/postgres.py
[2023-06-01T11:35:25.006+0000] {processor.py:753} INFO - DAG(s) dict_keys(['dag_with_postgres_operator_v03']) retrieved from /opt/airflow/dags/postgres.py
[2023-06-01T11:35:25.050+0000] {logging_mixin.py:137} INFO - [2023-06-01T11:35:25.050+0000] {dag.py:2676} INFO - Sync 1 DAGs
[2023-06-01T11:35:25.080+0000] {logging_mixin.py:137} INFO - [2023-06-01T11:35:25.080+0000] {dag.py:3427} INFO - Setting next_dagrun for dag_with_postgres_operator_v03 to 2023-06-01T00:00:00+00:00, run_after=2023-06-02T00:00:00+00:00
[2023-06-01T11:35:25.099+0000] {processor.py:175} INFO - Processing /opt/airflow/dags/postgres.py took 0.148 seconds
[2023-06-01T11:35:55.396+0000] {processor.py:153} INFO - Started process (PID=2324) to work on /opt/airflow/dags/postgres.py
[2023-06-01T11:35:55.398+0000] {processor.py:743} INFO - Processing file /opt/airflow/dags/postgres.py for tasks to queue
[2023-06-01T11:35:55.399+0000] {logging_mixin.py:137} INFO - [2023-06-01T11:35:55.399+0000] {dagbag.py:538} INFO - Filling up the DagBag from /opt/airflow/dags/postgres.py
[2023-06-01T11:35:55.442+0000] {processor.py:753} INFO - DAG(s) dict_keys(['dag_with_postgres_operator_v03']) retrieved from /opt/airflow/dags/postgres.py
[2023-06-01T11:35:55.486+0000] {logging_mixin.py:137} INFO - [2023-06-01T11:35:55.486+0000] {dag.py:2676} INFO - Sync 1 DAGs
[2023-06-01T11:35:55.519+0000] {logging_mixin.py:137} INFO - [2023-06-01T11:35:55.519+0000] {dag.py:3427} INFO - Setting next_dagrun for dag_with_postgres_operator_v03 to 2023-06-01T00:00:00+00:00, run_after=2023-06-02T00:00:00+00:00
[2023-06-01T11:35:55.540+0000] {processor.py:175} INFO - Processing /opt/airflow/dags/postgres.py took 0.149 seconds
[2023-06-01T11:36:25.729+0000] {processor.py:153} INFO - Started process (PID=2369) to work on /opt/airflow/dags/postgres.py
[2023-06-01T11:36:25.732+0000] {processor.py:743} INFO - Processing file /opt/airflow/dags/postgres.py for tasks to queue
[2023-06-01T11:36:25.734+0000] {logging_mixin.py:137} INFO - [2023-06-01T11:36:25.734+0000] {dagbag.py:538} INFO - Filling up the DagBag from /opt/airflow/dags/postgres.py
[2023-06-01T11:36:25.784+0000] {processor.py:753} INFO - DAG(s) dict_keys(['dag_with_postgres_operator_v03']) retrieved from /opt/airflow/dags/postgres.py
[2023-06-01T11:36:25.840+0000] {logging_mixin.py:137} INFO - [2023-06-01T11:36:25.840+0000] {dag.py:2676} INFO - Sync 1 DAGs
[2023-06-01T11:36:25.876+0000] {logging_mixin.py:137} INFO - [2023-06-01T11:36:25.876+0000] {dag.py:3427} INFO - Setting next_dagrun for dag_with_postgres_operator_v03 to 2023-06-01T00:00:00+00:00, run_after=2023-06-02T00:00:00+00:00
[2023-06-01T11:36:25.905+0000] {processor.py:175} INFO - Processing /opt/airflow/dags/postgres.py took 0.180 seconds
[2023-06-01T11:36:56.198+0000] {processor.py:153} INFO - Started process (PID=2400) to work on /opt/airflow/dags/postgres.py
[2023-06-01T11:36:56.201+0000] {processor.py:743} INFO - Processing file /opt/airflow/dags/postgres.py for tasks to queue
[2023-06-01T11:36:56.202+0000] {logging_mixin.py:137} INFO - [2023-06-01T11:36:56.202+0000] {dagbag.py:538} INFO - Filling up the DagBag from /opt/airflow/dags/postgres.py
[2023-06-01T11:36:56.255+0000] {processor.py:753} INFO - DAG(s) dict_keys(['dag_with_postgres_operator_v03']) retrieved from /opt/airflow/dags/postgres.py
[2023-06-01T11:36:56.304+0000] {logging_mixin.py:137} INFO - [2023-06-01T11:36:56.304+0000] {dag.py:2676} INFO - Sync 1 DAGs
[2023-06-01T11:36:56.339+0000] {logging_mixin.py:137} INFO - [2023-06-01T11:36:56.339+0000] {dag.py:3427} INFO - Setting next_dagrun for dag_with_postgres_operator_v03 to 2023-06-01T00:00:00+00:00, run_after=2023-06-02T00:00:00+00:00
[2023-06-01T11:36:56.362+0000] {processor.py:175} INFO - Processing /opt/airflow/dags/postgres.py took 0.168 seconds
[2023-06-01T11:37:26.593+0000] {processor.py:153} INFO - Started process (PID=2445) to work on /opt/airflow/dags/postgres.py
[2023-06-01T11:37:26.595+0000] {processor.py:743} INFO - Processing file /opt/airflow/dags/postgres.py for tasks to queue
[2023-06-01T11:37:26.598+0000] {logging_mixin.py:137} INFO - [2023-06-01T11:37:26.598+0000] {dagbag.py:538} INFO - Filling up the DagBag from /opt/airflow/dags/postgres.py
[2023-06-01T11:37:26.650+0000] {processor.py:753} INFO - DAG(s) dict_keys(['dag_with_postgres_operator_v03']) retrieved from /opt/airflow/dags/postgres.py
[2023-06-01T11:37:26.701+0000] {logging_mixin.py:137} INFO - [2023-06-01T11:37:26.700+0000] {dag.py:2676} INFO - Sync 1 DAGs
[2023-06-01T11:37:26.737+0000] {logging_mixin.py:137} INFO - [2023-06-01T11:37:26.737+0000] {dag.py:3427} INFO - Setting next_dagrun for dag_with_postgres_operator_v03 to 2023-06-01T00:00:00+00:00, run_after=2023-06-02T00:00:00+00:00
[2023-06-01T11:37:26.765+0000] {processor.py:175} INFO - Processing /opt/airflow/dags/postgres.py took 0.178 seconds
[2023-06-01T11:37:57.047+0000] {processor.py:153} INFO - Started process (PID=2476) to work on /opt/airflow/dags/postgres.py
[2023-06-01T11:37:57.050+0000] {processor.py:743} INFO - Processing file /opt/airflow/dags/postgres.py for tasks to queue
[2023-06-01T11:37:57.052+0000] {logging_mixin.py:137} INFO - [2023-06-01T11:37:57.052+0000] {dagbag.py:538} INFO - Filling up the DagBag from /opt/airflow/dags/postgres.py
[2023-06-01T11:37:57.102+0000] {processor.py:753} INFO - DAG(s) dict_keys(['dag_with_postgres_operator_v03']) retrieved from /opt/airflow/dags/postgres.py
[2023-06-01T11:37:57.161+0000] {logging_mixin.py:137} INFO - [2023-06-01T11:37:57.160+0000] {dag.py:2676} INFO - Sync 1 DAGs
[2023-06-01T11:37:57.205+0000] {logging_mixin.py:137} INFO - [2023-06-01T11:37:57.205+0000] {dag.py:3427} INFO - Setting next_dagrun for dag_with_postgres_operator_v03 to 2023-06-01T00:00:00+00:00, run_after=2023-06-02T00:00:00+00:00
[2023-06-01T11:37:57.231+0000] {processor.py:175} INFO - Processing /opt/airflow/dags/postgres.py took 0.189 seconds
[2023-06-01T11:38:27.442+0000] {processor.py:153} INFO - Started process (PID=2516) to work on /opt/airflow/dags/postgres.py
[2023-06-01T11:38:27.445+0000] {processor.py:743} INFO - Processing file /opt/airflow/dags/postgres.py for tasks to queue
[2023-06-01T11:38:27.447+0000] {logging_mixin.py:137} INFO - [2023-06-01T11:38:27.447+0000] {dagbag.py:538} INFO - Filling up the DagBag from /opt/airflow/dags/postgres.py
[2023-06-01T11:38:27.497+0000] {processor.py:753} INFO - DAG(s) dict_keys(['dag_with_postgres_operator_v03']) retrieved from /opt/airflow/dags/postgres.py
[2023-06-01T11:38:27.544+0000] {logging_mixin.py:137} INFO - [2023-06-01T11:38:27.544+0000] {dag.py:2676} INFO - Sync 1 DAGs
[2023-06-01T11:38:27.582+0000] {logging_mixin.py:137} INFO - [2023-06-01T11:38:27.582+0000] {dag.py:3427} INFO - Setting next_dagrun for dag_with_postgres_operator_v03 to 2023-06-01T00:00:00+00:00, run_after=2023-06-02T00:00:00+00:00
[2023-06-01T11:38:27.606+0000] {processor.py:175} INFO - Processing /opt/airflow/dags/postgres.py took 0.169 seconds
[2023-06-01T11:38:57.779+0000] {processor.py:153} INFO - Started process (PID=2552) to work on /opt/airflow/dags/postgres.py
[2023-06-01T11:38:57.782+0000] {processor.py:743} INFO - Processing file /opt/airflow/dags/postgres.py for tasks to queue
[2023-06-01T11:38:57.783+0000] {logging_mixin.py:137} INFO - [2023-06-01T11:38:57.783+0000] {dagbag.py:538} INFO - Filling up the DagBag from /opt/airflow/dags/postgres.py
[2023-06-01T11:38:57.835+0000] {processor.py:753} INFO - DAG(s) dict_keys(['dag_with_postgres_operator_v03']) retrieved from /opt/airflow/dags/postgres.py
[2023-06-01T11:38:57.888+0000] {logging_mixin.py:137} INFO - [2023-06-01T11:38:57.888+0000] {dag.py:2676} INFO - Sync 1 DAGs
[2023-06-01T11:38:57.928+0000] {logging_mixin.py:137} INFO - [2023-06-01T11:38:57.927+0000] {dag.py:3427} INFO - Setting next_dagrun for dag_with_postgres_operator_v03 to 2023-06-01T00:00:00+00:00, run_after=2023-06-02T00:00:00+00:00
[2023-06-01T11:38:57.954+0000] {processor.py:175} INFO - Processing /opt/airflow/dags/postgres.py took 0.179 seconds
[2023-06-01T11:39:28.340+0000] {processor.py:153} INFO - Started process (PID=2583) to work on /opt/airflow/dags/postgres.py
[2023-06-01T11:39:28.343+0000] {processor.py:743} INFO - Processing file /opt/airflow/dags/postgres.py for tasks to queue
[2023-06-01T11:39:28.345+0000] {logging_mixin.py:137} INFO - [2023-06-01T11:39:28.345+0000] {dagbag.py:538} INFO - Filling up the DagBag from /opt/airflow/dags/postgres.py
[2023-06-01T11:39:28.392+0000] {processor.py:753} INFO - DAG(s) dict_keys(['dag_with_postgres_operator_v03']) retrieved from /opt/airflow/dags/postgres.py
[2023-06-01T11:39:28.432+0000] {logging_mixin.py:137} INFO - [2023-06-01T11:39:28.432+0000] {dag.py:2676} INFO - Sync 1 DAGs
[2023-06-01T11:39:28.462+0000] {logging_mixin.py:137} INFO - [2023-06-01T11:39:28.462+0000] {dag.py:3427} INFO - Setting next_dagrun for dag_with_postgres_operator_v03 to 2023-06-01T00:00:00+00:00, run_after=2023-06-02T00:00:00+00:00
[2023-06-01T11:39:28.485+0000] {processor.py:175} INFO - Processing /opt/airflow/dags/postgres.py took 0.150 seconds
[2023-06-01T11:39:58.664+0000] {processor.py:153} INFO - Started process (PID=2628) to work on /opt/airflow/dags/postgres.py
[2023-06-01T11:39:58.667+0000] {processor.py:743} INFO - Processing file /opt/airflow/dags/postgres.py for tasks to queue
[2023-06-01T11:39:58.669+0000] {logging_mixin.py:137} INFO - [2023-06-01T11:39:58.669+0000] {dagbag.py:538} INFO - Filling up the DagBag from /opt/airflow/dags/postgres.py
[2023-06-01T11:39:58.717+0000] {processor.py:753} INFO - DAG(s) dict_keys(['dag_with_postgres_operator_v03']) retrieved from /opt/airflow/dags/postgres.py
[2023-06-01T11:39:58.762+0000] {logging_mixin.py:137} INFO - [2023-06-01T11:39:58.762+0000] {dag.py:2676} INFO - Sync 1 DAGs
[2023-06-01T11:39:58.791+0000] {logging_mixin.py:137} INFO - [2023-06-01T11:39:58.791+0000] {dag.py:3427} INFO - Setting next_dagrun for dag_with_postgres_operator_v03 to 2023-06-01T00:00:00+00:00, run_after=2023-06-02T00:00:00+00:00
[2023-06-01T11:39:58.809+0000] {processor.py:175} INFO - Processing /opt/airflow/dags/postgres.py took 0.150 seconds
[2023-06-01T11:40:29.153+0000] {processor.py:153} INFO - Started process (PID=2659) to work on /opt/airflow/dags/postgres.py
[2023-06-01T11:40:29.155+0000] {processor.py:743} INFO - Processing file /opt/airflow/dags/postgres.py for tasks to queue
[2023-06-01T11:40:29.157+0000] {logging_mixin.py:137} INFO - [2023-06-01T11:40:29.157+0000] {dagbag.py:538} INFO - Filling up the DagBag from /opt/airflow/dags/postgres.py
[2023-06-01T11:40:29.210+0000] {processor.py:753} INFO - DAG(s) dict_keys(['dag_with_postgres_operator_v03']) retrieved from /opt/airflow/dags/postgres.py
[2023-06-01T11:40:29.264+0000] {logging_mixin.py:137} INFO - [2023-06-01T11:40:29.264+0000] {dag.py:2676} INFO - Sync 1 DAGs
[2023-06-01T11:40:29.305+0000] {logging_mixin.py:137} INFO - [2023-06-01T11:40:29.305+0000] {dag.py:3427} INFO - Setting next_dagrun for dag_with_postgres_operator_v03 to 2023-06-01T00:00:00+00:00, run_after=2023-06-02T00:00:00+00:00
[2023-06-01T11:40:29.331+0000] {processor.py:175} INFO - Processing /opt/airflow/dags/postgres.py took 0.183 seconds
[2023-06-01T11:40:59.525+0000] {processor.py:153} INFO - Started process (PID=2704) to work on /opt/airflow/dags/postgres.py
[2023-06-01T11:40:59.528+0000] {processor.py:743} INFO - Processing file /opt/airflow/dags/postgres.py for tasks to queue
[2023-06-01T11:40:59.531+0000] {logging_mixin.py:137} INFO - [2023-06-01T11:40:59.530+0000] {dagbag.py:538} INFO - Filling up the DagBag from /opt/airflow/dags/postgres.py
[2023-06-01T11:40:59.589+0000] {processor.py:753} INFO - DAG(s) dict_keys(['dag_with_postgres_operator_v03']) retrieved from /opt/airflow/dags/postgres.py
[2023-06-01T11:40:59.645+0000] {logging_mixin.py:137} INFO - [2023-06-01T11:40:59.645+0000] {dag.py:2676} INFO - Sync 1 DAGs
[2023-06-01T11:40:59.687+0000] {logging_mixin.py:137} INFO - [2023-06-01T11:40:59.687+0000] {dag.py:3427} INFO - Setting next_dagrun for dag_with_postgres_operator_v03 to 2023-06-01T00:00:00+00:00, run_after=2023-06-02T00:00:00+00:00
[2023-06-01T11:40:59.717+0000] {processor.py:175} INFO - Processing /opt/airflow/dags/postgres.py took 0.198 seconds
[2023-06-01T11:41:30.042+0000] {processor.py:153} INFO - Started process (PID=2735) to work on /opt/airflow/dags/postgres.py
[2023-06-01T11:41:30.044+0000] {processor.py:743} INFO - Processing file /opt/airflow/dags/postgres.py for tasks to queue
[2023-06-01T11:41:30.045+0000] {logging_mixin.py:137} INFO - [2023-06-01T11:41:30.045+0000] {dagbag.py:538} INFO - Filling up the DagBag from /opt/airflow/dags/postgres.py
[2023-06-01T11:41:30.092+0000] {processor.py:753} INFO - DAG(s) dict_keys(['dag_with_postgres_operator_v03']) retrieved from /opt/airflow/dags/postgres.py
[2023-06-01T11:41:30.135+0000] {logging_mixin.py:137} INFO - [2023-06-01T11:41:30.135+0000] {dag.py:2676} INFO - Sync 1 DAGs
[2023-06-01T11:41:30.165+0000] {logging_mixin.py:137} INFO - [2023-06-01T11:41:30.165+0000] {dag.py:3427} INFO - Setting next_dagrun for dag_with_postgres_operator_v03 to 2023-06-01T00:00:00+00:00, run_after=2023-06-02T00:00:00+00:00
[2023-06-01T11:41:30.187+0000] {processor.py:175} INFO - Processing /opt/airflow/dags/postgres.py took 0.150 seconds
[2023-06-01T11:41:44.177+0000] {processor.py:153} INFO - Started process (PID=2750) to work on /opt/airflow/dags/postgres.py
[2023-06-01T11:41:44.179+0000] {processor.py:743} INFO - Processing file /opt/airflow/dags/postgres.py for tasks to queue
[2023-06-01T11:41:44.181+0000] {logging_mixin.py:137} INFO - [2023-06-01T11:41:44.181+0000] {dagbag.py:538} INFO - Filling up the DagBag from /opt/airflow/dags/postgres.py
[2023-06-01T11:41:44.238+0000] {processor.py:753} INFO - DAG(s) dict_keys(['dag_with_postgres_operator_v03']) retrieved from /opt/airflow/dags/postgres.py
[2023-06-01T11:41:44.323+0000] {logging_mixin.py:137} INFO - [2023-06-01T11:41:44.322+0000] {dag.py:2676} INFO - Sync 1 DAGs
[2023-06-01T11:41:44.386+0000] {logging_mixin.py:137} INFO - [2023-06-01T11:41:44.386+0000] {dag.py:3427} INFO - Setting next_dagrun for dag_with_postgres_operator_v03 to 2023-06-01T00:00:00+00:00, run_after=2023-06-02T00:00:00+00:00
[2023-06-01T11:41:44.430+0000] {processor.py:175} INFO - Processing /opt/airflow/dags/postgres.py took 0.258 seconds
[2023-06-01T11:41:45.285+0000] {processor.py:153} INFO - Started process (PID=2751) to work on /opt/airflow/dags/postgres.py
[2023-06-01T11:41:45.287+0000] {processor.py:743} INFO - Processing file /opt/airflow/dags/postgres.py for tasks to queue
[2023-06-01T11:41:45.289+0000] {logging_mixin.py:137} INFO - [2023-06-01T11:41:45.288+0000] {dagbag.py:538} INFO - Filling up the DagBag from /opt/airflow/dags/postgres.py
[2023-06-01T11:41:45.350+0000] {processor.py:753} INFO - DAG(s) dict_keys(['dag_with_postgres_operator_v03']) retrieved from /opt/airflow/dags/postgres.py
[2023-06-01T11:41:45.380+0000] {logging_mixin.py:137} INFO - [2023-06-01T11:41:45.379+0000] {dag.py:2676} INFO - Sync 1 DAGs
[2023-06-01T11:41:45.412+0000] {logging_mixin.py:137} INFO - [2023-06-01T11:41:45.412+0000] {dag.py:3427} INFO - Setting next_dagrun for dag_with_postgres_operator_v03 to 2023-06-01T00:00:00+00:00, run_after=2023-06-02T00:00:00+00:00
[2023-06-01T11:41:45.434+0000] {processor.py:175} INFO - Processing /opt/airflow/dags/postgres.py took 0.155 seconds
[2023-06-01T11:42:15.620+0000] {processor.py:153} INFO - Started process (PID=2801) to work on /opt/airflow/dags/postgres.py
[2023-06-01T11:42:15.622+0000] {processor.py:743} INFO - Processing file /opt/airflow/dags/postgres.py for tasks to queue
[2023-06-01T11:42:15.624+0000] {logging_mixin.py:137} INFO - [2023-06-01T11:42:15.624+0000] {dagbag.py:538} INFO - Filling up the DagBag from /opt/airflow/dags/postgres.py
[2023-06-01T11:42:15.668+0000] {processor.py:753} INFO - DAG(s) dict_keys(['dag_with_postgres_operator_v03']) retrieved from /opt/airflow/dags/postgres.py
[2023-06-01T11:42:15.711+0000] {logging_mixin.py:137} INFO - [2023-06-01T11:42:15.711+0000] {dag.py:2676} INFO - Sync 1 DAGs
[2023-06-01T11:42:15.744+0000] {logging_mixin.py:137} INFO - [2023-06-01T11:42:15.743+0000] {dag.py:3427} INFO - Setting next_dagrun for dag_with_postgres_operator_v03 to 2023-06-01T00:00:00+00:00, run_after=2023-06-02T00:00:00+00:00
[2023-06-01T11:42:15.764+0000] {processor.py:175} INFO - Processing /opt/airflow/dags/postgres.py took 0.149 seconds
[2023-06-01T11:42:46.094+0000] {processor.py:153} INFO - Started process (PID=2832) to work on /opt/airflow/dags/postgres.py
[2023-06-01T11:42:46.098+0000] {processor.py:743} INFO - Processing file /opt/airflow/dags/postgres.py for tasks to queue
[2023-06-01T11:42:46.100+0000] {logging_mixin.py:137} INFO - [2023-06-01T11:42:46.100+0000] {dagbag.py:538} INFO - Filling up the DagBag from /opt/airflow/dags/postgres.py
[2023-06-01T11:42:46.158+0000] {processor.py:753} INFO - DAG(s) dict_keys(['dag_with_postgres_operator_v03']) retrieved from /opt/airflow/dags/postgres.py
[2023-06-01T11:42:46.225+0000] {logging_mixin.py:137} INFO - [2023-06-01T11:42:46.225+0000] {dag.py:2676} INFO - Sync 1 DAGs
[2023-06-01T11:42:46.269+0000] {logging_mixin.py:137} INFO - [2023-06-01T11:42:46.269+0000] {dag.py:3427} INFO - Setting next_dagrun for dag_with_postgres_operator_v03 to 2023-06-01T00:00:00+00:00, run_after=2023-06-02T00:00:00+00:00
[2023-06-01T11:42:46.298+0000] {processor.py:175} INFO - Processing /opt/airflow/dags/postgres.py took 0.208 seconds
[2023-06-01T11:43:16.451+0000] {processor.py:153} INFO - Started process (PID=2877) to work on /opt/airflow/dags/postgres.py
[2023-06-01T11:43:16.454+0000] {processor.py:743} INFO - Processing file /opt/airflow/dags/postgres.py for tasks to queue
[2023-06-01T11:43:16.456+0000] {logging_mixin.py:137} INFO - [2023-06-01T11:43:16.456+0000] {dagbag.py:538} INFO - Filling up the DagBag from /opt/airflow/dags/postgres.py
[2023-06-01T11:43:16.511+0000] {processor.py:753} INFO - DAG(s) dict_keys(['dag_with_postgres_operator_v03']) retrieved from /opt/airflow/dags/postgres.py
[2023-06-01T11:43:16.568+0000] {logging_mixin.py:137} INFO - [2023-06-01T11:43:16.568+0000] {dag.py:2676} INFO - Sync 1 DAGs
[2023-06-01T11:43:16.607+0000] {logging_mixin.py:137} INFO - [2023-06-01T11:43:16.607+0000] {dag.py:3427} INFO - Setting next_dagrun for dag_with_postgres_operator_v03 to 2023-06-01T00:00:00+00:00, run_after=2023-06-02T00:00:00+00:00
[2023-06-01T11:43:16.630+0000] {processor.py:175} INFO - Processing /opt/airflow/dags/postgres.py took 0.183 seconds
[2023-06-01T11:43:46.916+0000] {processor.py:153} INFO - Started process (PID=2908) to work on /opt/airflow/dags/postgres.py
[2023-06-01T11:43:46.918+0000] {processor.py:743} INFO - Processing file /opt/airflow/dags/postgres.py for tasks to queue
[2023-06-01T11:43:46.919+0000] {logging_mixin.py:137} INFO - [2023-06-01T11:43:46.919+0000] {dagbag.py:538} INFO - Filling up the DagBag from /opt/airflow/dags/postgres.py
[2023-06-01T11:43:46.960+0000] {processor.py:753} INFO - DAG(s) dict_keys(['dag_with_postgres_operator_v03']) retrieved from /opt/airflow/dags/postgres.py
[2023-06-01T11:43:47.000+0000] {logging_mixin.py:137} INFO - [2023-06-01T11:43:47.000+0000] {dag.py:2676} INFO - Sync 1 DAGs
[2023-06-01T11:43:47.031+0000] {logging_mixin.py:137} INFO - [2023-06-01T11:43:47.031+0000] {dag.py:3427} INFO - Setting next_dagrun for dag_with_postgres_operator_v03 to 2023-06-01T00:00:00+00:00, run_after=2023-06-02T00:00:00+00:00
[2023-06-01T11:43:47.051+0000] {processor.py:175} INFO - Processing /opt/airflow/dags/postgres.py took 0.139 seconds
[2023-06-01T11:44:17.278+0000] {processor.py:153} INFO - Started process (PID=2947) to work on /opt/airflow/dags/postgres.py
[2023-06-01T11:44:17.281+0000] {processor.py:743} INFO - Processing file /opt/airflow/dags/postgres.py for tasks to queue
[2023-06-01T11:44:17.282+0000] {logging_mixin.py:137} INFO - [2023-06-01T11:44:17.282+0000] {dagbag.py:538} INFO - Filling up the DagBag from /opt/airflow/dags/postgres.py
[2023-06-01T11:44:17.322+0000] {processor.py:753} INFO - DAG(s) dict_keys(['dag_with_postgres_operator_v03']) retrieved from /opt/airflow/dags/postgres.py
[2023-06-01T11:44:17.366+0000] {logging_mixin.py:137} INFO - [2023-06-01T11:44:17.365+0000] {dag.py:2676} INFO - Sync 1 DAGs
[2023-06-01T11:44:17.395+0000] {logging_mixin.py:137} INFO - [2023-06-01T11:44:17.395+0000] {dag.py:3427} INFO - Setting next_dagrun for dag_with_postgres_operator_v03 to 2023-06-01T00:00:00+00:00, run_after=2023-06-02T00:00:00+00:00
[2023-06-01T11:44:17.415+0000] {processor.py:175} INFO - Processing /opt/airflow/dags/postgres.py took 0.141 seconds
[2023-06-01T11:44:47.723+0000] {processor.py:153} INFO - Started process (PID=2985) to work on /opt/airflow/dags/postgres.py
[2023-06-01T11:44:47.724+0000] {processor.py:743} INFO - Processing file /opt/airflow/dags/postgres.py for tasks to queue
[2023-06-01T11:44:47.726+0000] {logging_mixin.py:137} INFO - [2023-06-01T11:44:47.726+0000] {dagbag.py:538} INFO - Filling up the DagBag from /opt/airflow/dags/postgres.py
[2023-06-01T11:44:47.766+0000] {processor.py:753} INFO - DAG(s) dict_keys(['dag_with_postgres_operator_v03']) retrieved from /opt/airflow/dags/postgres.py
[2023-06-01T11:44:47.816+0000] {logging_mixin.py:137} INFO - [2023-06-01T11:44:47.816+0000] {dag.py:2676} INFO - Sync 1 DAGs
[2023-06-01T11:44:47.852+0000] {logging_mixin.py:137} INFO - [2023-06-01T11:44:47.852+0000] {dag.py:3427} INFO - Setting next_dagrun for dag_with_postgres_operator_v03 to 2023-06-01T00:00:00+00:00, run_after=2023-06-02T00:00:00+00:00
[2023-06-01T11:44:47.875+0000] {processor.py:175} INFO - Processing /opt/airflow/dags/postgres.py took 0.155 seconds
[2023-06-01T11:45:18.068+0000] {processor.py:153} INFO - Started process (PID=3016) to work on /opt/airflow/dags/postgres.py
[2023-06-01T11:45:18.071+0000] {processor.py:743} INFO - Processing file /opt/airflow/dags/postgres.py for tasks to queue
[2023-06-01T11:45:18.073+0000] {logging_mixin.py:137} INFO - [2023-06-01T11:45:18.073+0000] {dagbag.py:538} INFO - Filling up the DagBag from /opt/airflow/dags/postgres.py
[2023-06-01T11:45:18.122+0000] {processor.py:753} INFO - DAG(s) dict_keys(['dag_with_postgres_operator_v03']) retrieved from /opt/airflow/dags/postgres.py
[2023-06-01T11:45:18.168+0000] {logging_mixin.py:137} INFO - [2023-06-01T11:45:18.167+0000] {dag.py:2676} INFO - Sync 1 DAGs
[2023-06-01T11:45:18.201+0000] {logging_mixin.py:137} INFO - [2023-06-01T11:45:18.201+0000] {dag.py:3427} INFO - Setting next_dagrun for dag_with_postgres_operator_v03 to 2023-06-01T00:00:00+00:00, run_after=2023-06-02T00:00:00+00:00
[2023-06-01T11:45:18.221+0000] {processor.py:175} INFO - Processing /opt/airflow/dags/postgres.py took 0.157 seconds
[2023-06-01T11:45:48.395+0000] {processor.py:153} INFO - Started process (PID=3061) to work on /opt/airflow/dags/postgres.py
[2023-06-01T11:45:48.398+0000] {processor.py:743} INFO - Processing file /opt/airflow/dags/postgres.py for tasks to queue
[2023-06-01T11:45:48.400+0000] {logging_mixin.py:137} INFO - [2023-06-01T11:45:48.400+0000] {dagbag.py:538} INFO - Filling up the DagBag from /opt/airflow/dags/postgres.py
[2023-06-01T11:45:48.457+0000] {processor.py:753} INFO - DAG(s) dict_keys(['dag_with_postgres_operator_v03']) retrieved from /opt/airflow/dags/postgres.py
[2023-06-01T11:45:48.516+0000] {logging_mixin.py:137} INFO - [2023-06-01T11:45:48.516+0000] {dag.py:2676} INFO - Sync 1 DAGs
[2023-06-01T11:45:48.556+0000] {logging_mixin.py:137} INFO - [2023-06-01T11:45:48.556+0000] {dag.py:3427} INFO - Setting next_dagrun for dag_with_postgres_operator_v03 to 2023-06-01T00:00:00+00:00, run_after=2023-06-02T00:00:00+00:00
[2023-06-01T11:45:48.578+0000] {processor.py:175} INFO - Processing /opt/airflow/dags/postgres.py took 0.189 seconds
[2023-06-01T11:46:18.729+0000] {processor.py:153} INFO - Started process (PID=3092) to work on /opt/airflow/dags/postgres.py
[2023-06-01T11:46:18.731+0000] {processor.py:743} INFO - Processing file /opt/airflow/dags/postgres.py for tasks to queue
[2023-06-01T11:46:18.733+0000] {logging_mixin.py:137} INFO - [2023-06-01T11:46:18.732+0000] {dagbag.py:538} INFO - Filling up the DagBag from /opt/airflow/dags/postgres.py
[2023-06-01T11:46:18.779+0000] {processor.py:753} INFO - DAG(s) dict_keys(['dag_with_postgres_operator_v03']) retrieved from /opt/airflow/dags/postgres.py
[2023-06-01T11:46:18.822+0000] {logging_mixin.py:137} INFO - [2023-06-01T11:46:18.822+0000] {dag.py:2676} INFO - Sync 1 DAGs
[2023-06-01T11:46:18.852+0000] {logging_mixin.py:137} INFO - [2023-06-01T11:46:18.852+0000] {dag.py:3427} INFO - Setting next_dagrun for dag_with_postgres_operator_v03 to 2023-06-01T00:00:00+00:00, run_after=2023-06-02T00:00:00+00:00
[2023-06-01T11:46:18.875+0000] {processor.py:175} INFO - Processing /opt/airflow/dags/postgres.py took 0.150 seconds
[2023-06-01T11:46:49.075+0000] {processor.py:153} INFO - Started process (PID=3137) to work on /opt/airflow/dags/postgres.py
[2023-06-01T11:46:49.077+0000] {processor.py:743} INFO - Processing file /opt/airflow/dags/postgres.py for tasks to queue
[2023-06-01T11:46:49.079+0000] {logging_mixin.py:137} INFO - [2023-06-01T11:46:49.079+0000] {dagbag.py:538} INFO - Filling up the DagBag from /opt/airflow/dags/postgres.py
[2023-06-01T11:46:49.120+0000] {processor.py:753} INFO - DAG(s) dict_keys(['dag_with_postgres_operator_v03']) retrieved from /opt/airflow/dags/postgres.py
[2023-06-01T11:46:49.162+0000] {logging_mixin.py:137} INFO - [2023-06-01T11:46:49.162+0000] {dag.py:2676} INFO - Sync 1 DAGs
[2023-06-01T11:46:49.191+0000] {logging_mixin.py:137} INFO - [2023-06-01T11:46:49.191+0000] {dag.py:3427} INFO - Setting next_dagrun for dag_with_postgres_operator_v03 to 2023-06-01T00:00:00+00:00, run_after=2023-06-02T00:00:00+00:00
[2023-06-01T11:46:49.210+0000] {processor.py:175} INFO - Processing /opt/airflow/dags/postgres.py took 0.141 seconds
[2023-06-01T11:47:19.504+0000] {processor.py:153} INFO - Started process (PID=3168) to work on /opt/airflow/dags/postgres.py
[2023-06-01T11:47:19.506+0000] {processor.py:743} INFO - Processing file /opt/airflow/dags/postgres.py for tasks to queue
[2023-06-01T11:47:19.508+0000] {logging_mixin.py:137} INFO - [2023-06-01T11:47:19.508+0000] {dagbag.py:538} INFO - Filling up the DagBag from /opt/airflow/dags/postgres.py
[2023-06-01T11:47:19.556+0000] {processor.py:753} INFO - DAG(s) dict_keys(['dag_with_postgres_operator_v03']) retrieved from /opt/airflow/dags/postgres.py
[2023-06-01T11:47:19.598+0000] {logging_mixin.py:137} INFO - [2023-06-01T11:47:19.598+0000] {dag.py:2676} INFO - Sync 1 DAGs
[2023-06-01T11:47:19.627+0000] {logging_mixin.py:137} INFO - [2023-06-01T11:47:19.627+0000] {dag.py:3427} INFO - Setting next_dagrun for dag_with_postgres_operator_v03 to 2023-06-01T00:00:00+00:00, run_after=2023-06-02T00:00:00+00:00
[2023-06-01T11:47:19.648+0000] {processor.py:175} INFO - Processing /opt/airflow/dags/postgres.py took 0.149 seconds
[2023-06-01T11:47:49.867+0000] {processor.py:153} INFO - Started process (PID=3213) to work on /opt/airflow/dags/postgres.py
[2023-06-01T11:47:49.869+0000] {processor.py:743} INFO - Processing file /opt/airflow/dags/postgres.py for tasks to queue
[2023-06-01T11:47:49.871+0000] {logging_mixin.py:137} INFO - [2023-06-01T11:47:49.870+0000] {dagbag.py:538} INFO - Filling up the DagBag from /opt/airflow/dags/postgres.py
[2023-06-01T11:47:49.911+0000] {processor.py:753} INFO - DAG(s) dict_keys(['dag_with_postgres_operator_v03']) retrieved from /opt/airflow/dags/postgres.py
[2023-06-01T11:47:49.955+0000] {logging_mixin.py:137} INFO - [2023-06-01T11:47:49.954+0000] {dag.py:2676} INFO - Sync 1 DAGs
[2023-06-01T11:47:49.984+0000] {logging_mixin.py:137} INFO - [2023-06-01T11:47:49.984+0000] {dag.py:3427} INFO - Setting next_dagrun for dag_with_postgres_operator_v03 to 2023-06-01T00:00:00+00:00, run_after=2023-06-02T00:00:00+00:00
[2023-06-01T11:47:50.003+0000] {processor.py:175} INFO - Processing /opt/airflow/dags/postgres.py took 0.140 seconds
[2023-06-01T11:48:20.278+0000] {processor.py:153} INFO - Started process (PID=3244) to work on /opt/airflow/dags/postgres.py
[2023-06-01T11:48:20.281+0000] {processor.py:743} INFO - Processing file /opt/airflow/dags/postgres.py for tasks to queue
[2023-06-01T11:48:20.283+0000] {logging_mixin.py:137} INFO - [2023-06-01T11:48:20.283+0000] {dagbag.py:538} INFO - Filling up the DagBag from /opt/airflow/dags/postgres.py
[2023-06-01T11:48:20.339+0000] {processor.py:753} INFO - DAG(s) dict_keys(['dag_with_postgres_operator_v03']) retrieved from /opt/airflow/dags/postgres.py
[2023-06-01T11:48:20.392+0000] {logging_mixin.py:137} INFO - [2023-06-01T11:48:20.392+0000] {dag.py:2676} INFO - Sync 1 DAGs
[2023-06-01T11:48:20.429+0000] {logging_mixin.py:137} INFO - [2023-06-01T11:48:20.429+0000] {dag.py:3427} INFO - Setting next_dagrun for dag_with_postgres_operator_v03 to 2023-06-01T00:00:00+00:00, run_after=2023-06-02T00:00:00+00:00
[2023-06-01T11:48:20.453+0000] {processor.py:175} INFO - Processing /opt/airflow/dags/postgres.py took 0.180 seconds
[2023-06-01T11:48:50.698+0000] {processor.py:153} INFO - Started process (PID=3289) to work on /opt/airflow/dags/postgres.py
[2023-06-01T11:48:50.700+0000] {processor.py:743} INFO - Processing file /opt/airflow/dags/postgres.py for tasks to queue
[2023-06-01T11:48:50.702+0000] {logging_mixin.py:137} INFO - [2023-06-01T11:48:50.702+0000] {dagbag.py:538} INFO - Filling up the DagBag from /opt/airflow/dags/postgres.py
[2023-06-01T11:48:50.741+0000] {processor.py:753} INFO - DAG(s) dict_keys(['dag_with_postgres_operator_v03']) retrieved from /opt/airflow/dags/postgres.py
[2023-06-01T11:48:50.785+0000] {logging_mixin.py:137} INFO - [2023-06-01T11:48:50.785+0000] {dag.py:2676} INFO - Sync 1 DAGs
[2023-06-01T11:48:50.816+0000] {logging_mixin.py:137} INFO - [2023-06-01T11:48:50.816+0000] {dag.py:3427} INFO - Setting next_dagrun for dag_with_postgres_operator_v03 to 2023-06-01T00:00:00+00:00, run_after=2023-06-02T00:00:00+00:00
[2023-06-01T11:48:50.837+0000] {processor.py:175} INFO - Processing /opt/airflow/dags/postgres.py took 0.143 seconds
[2023-06-01T11:49:21.092+0000] {processor.py:153} INFO - Started process (PID=3320) to work on /opt/airflow/dags/postgres.py
[2023-06-01T11:49:21.095+0000] {processor.py:743} INFO - Processing file /opt/airflow/dags/postgres.py for tasks to queue
[2023-06-01T11:49:21.097+0000] {logging_mixin.py:137} INFO - [2023-06-01T11:49:21.096+0000] {dagbag.py:538} INFO - Filling up the DagBag from /opt/airflow/dags/postgres.py
[2023-06-01T11:49:21.145+0000] {processor.py:753} INFO - DAG(s) dict_keys(['dag_with_postgres_operator_v03']) retrieved from /opt/airflow/dags/postgres.py
[2023-06-01T11:49:21.191+0000] {logging_mixin.py:137} INFO - [2023-06-01T11:49:21.191+0000] {dag.py:2676} INFO - Sync 1 DAGs
[2023-06-01T11:49:21.219+0000] {logging_mixin.py:137} INFO - [2023-06-01T11:49:21.219+0000] {dag.py:3427} INFO - Setting next_dagrun for dag_with_postgres_operator_v03 to 2023-06-01T00:00:00+00:00, run_after=2023-06-02T00:00:00+00:00
[2023-06-01T11:49:21.239+0000] {processor.py:175} INFO - Processing /opt/airflow/dags/postgres.py took 0.152 seconds
[2023-06-01T11:49:51.487+0000] {processor.py:153} INFO - Started process (PID=3365) to work on /opt/airflow/dags/postgres.py
[2023-06-01T11:49:51.489+0000] {processor.py:743} INFO - Processing file /opt/airflow/dags/postgres.py for tasks to queue
[2023-06-01T11:49:51.491+0000] {logging_mixin.py:137} INFO - [2023-06-01T11:49:51.491+0000] {dagbag.py:538} INFO - Filling up the DagBag from /opt/airflow/dags/postgres.py
[2023-06-01T11:49:51.538+0000] {processor.py:753} INFO - DAG(s) dict_keys(['dag_with_postgres_operator_v03']) retrieved from /opt/airflow/dags/postgres.py
[2023-06-01T11:49:51.579+0000] {logging_mixin.py:137} INFO - [2023-06-01T11:49:51.579+0000] {dag.py:2676} INFO - Sync 1 DAGs
[2023-06-01T11:49:51.608+0000] {logging_mixin.py:137} INFO - [2023-06-01T11:49:51.608+0000] {dag.py:3427} INFO - Setting next_dagrun for dag_with_postgres_operator_v03 to 2023-06-01T00:00:00+00:00, run_after=2023-06-02T00:00:00+00:00
[2023-06-01T11:49:51.631+0000] {processor.py:175} INFO - Processing /opt/airflow/dags/postgres.py took 0.149 seconds
[2023-06-01T11:50:21.899+0000] {processor.py:153} INFO - Started process (PID=3396) to work on /opt/airflow/dags/postgres.py
[2023-06-01T11:50:21.903+0000] {processor.py:743} INFO - Processing file /opt/airflow/dags/postgres.py for tasks to queue
[2023-06-01T11:50:21.905+0000] {logging_mixin.py:137} INFO - [2023-06-01T11:50:21.905+0000] {dagbag.py:538} INFO - Filling up the DagBag from /opt/airflow/dags/postgres.py
[2023-06-01T11:50:21.955+0000] {processor.py:753} INFO - DAG(s) dict_keys(['dag_with_postgres_operator_v03']) retrieved from /opt/airflow/dags/postgres.py
[2023-06-01T11:50:21.996+0000] {logging_mixin.py:137} INFO - [2023-06-01T11:50:21.996+0000] {dag.py:2676} INFO - Sync 1 DAGs
[2023-06-01T11:50:22.025+0000] {logging_mixin.py:137} INFO - [2023-06-01T11:50:22.025+0000] {dag.py:3427} INFO - Setting next_dagrun for dag_with_postgres_operator_v03 to 2023-06-01T00:00:00+00:00, run_after=2023-06-02T00:00:00+00:00
[2023-06-01T11:50:22.045+0000] {processor.py:175} INFO - Processing /opt/airflow/dags/postgres.py took 0.151 seconds
[2023-06-01T11:50:52.295+0000] {processor.py:153} INFO - Started process (PID=3441) to work on /opt/airflow/dags/postgres.py
[2023-06-01T11:50:52.298+0000] {processor.py:743} INFO - Processing file /opt/airflow/dags/postgres.py for tasks to queue
[2023-06-01T11:50:52.300+0000] {logging_mixin.py:137} INFO - [2023-06-01T11:50:52.299+0000] {dagbag.py:538} INFO - Filling up the DagBag from /opt/airflow/dags/postgres.py
[2023-06-01T11:50:52.347+0000] {processor.py:753} INFO - DAG(s) dict_keys(['dag_with_postgres_operator_v03']) retrieved from /opt/airflow/dags/postgres.py
[2023-06-01T11:50:52.389+0000] {logging_mixin.py:137} INFO - [2023-06-01T11:50:52.389+0000] {dag.py:2676} INFO - Sync 1 DAGs
[2023-06-01T11:50:52.418+0000] {logging_mixin.py:137} INFO - [2023-06-01T11:50:52.418+0000] {dag.py:3427} INFO - Setting next_dagrun for dag_with_postgres_operator_v03 to 2023-06-01T00:00:00+00:00, run_after=2023-06-02T00:00:00+00:00
[2023-06-01T11:50:52.438+0000] {processor.py:175} INFO - Processing /opt/airflow/dags/postgres.py took 0.148 seconds
[2023-06-01T11:51:22.725+0000] {processor.py:153} INFO - Started process (PID=3472) to work on /opt/airflow/dags/postgres.py
[2023-06-01T11:51:22.727+0000] {processor.py:743} INFO - Processing file /opt/airflow/dags/postgres.py for tasks to queue
[2023-06-01T11:51:22.729+0000] {logging_mixin.py:137} INFO - [2023-06-01T11:51:22.729+0000] {dagbag.py:538} INFO - Filling up the DagBag from /opt/airflow/dags/postgres.py
[2023-06-01T11:51:22.771+0000] {processor.py:753} INFO - DAG(s) dict_keys(['dag_with_postgres_operator_v03']) retrieved from /opt/airflow/dags/postgres.py
[2023-06-01T11:51:22.812+0000] {logging_mixin.py:137} INFO - [2023-06-01T11:51:22.811+0000] {dag.py:2676} INFO - Sync 1 DAGs
[2023-06-01T11:51:22.841+0000] {logging_mixin.py:137} INFO - [2023-06-01T11:51:22.841+0000] {dag.py:3427} INFO - Setting next_dagrun for dag_with_postgres_operator_v03 to 2023-06-01T00:00:00+00:00, run_after=2023-06-02T00:00:00+00:00
[2023-06-01T11:51:22.860+0000] {processor.py:175} INFO - Processing /opt/airflow/dags/postgres.py took 0.139 seconds
[2023-06-01T11:51:53.114+0000] {processor.py:153} INFO - Started process (PID=3517) to work on /opt/airflow/dags/postgres.py
[2023-06-01T11:51:53.116+0000] {processor.py:743} INFO - Processing file /opt/airflow/dags/postgres.py for tasks to queue
[2023-06-01T11:51:53.117+0000] {logging_mixin.py:137} INFO - [2023-06-01T11:51:53.117+0000] {dagbag.py:538} INFO - Filling up the DagBag from /opt/airflow/dags/postgres.py
[2023-06-01T11:51:53.157+0000] {processor.py:753} INFO - DAG(s) dict_keys(['dag_with_postgres_operator_v03']) retrieved from /opt/airflow/dags/postgres.py
[2023-06-01T11:51:53.198+0000] {logging_mixin.py:137} INFO - [2023-06-01T11:51:53.198+0000] {dag.py:2676} INFO - Sync 1 DAGs
[2023-06-01T11:51:53.227+0000] {logging_mixin.py:137} INFO - [2023-06-01T11:51:53.226+0000] {dag.py:3427} INFO - Setting next_dagrun for dag_with_postgres_operator_v03 to 2023-06-01T00:00:00+00:00, run_after=2023-06-02T00:00:00+00:00
[2023-06-01T11:51:53.246+0000] {processor.py:175} INFO - Processing /opt/airflow/dags/postgres.py took 0.136 seconds
[2023-06-01T11:52:23.500+0000] {processor.py:153} INFO - Started process (PID=3548) to work on /opt/airflow/dags/postgres.py
[2023-06-01T11:52:23.502+0000] {processor.py:743} INFO - Processing file /opt/airflow/dags/postgres.py for tasks to queue
[2023-06-01T11:52:23.504+0000] {logging_mixin.py:137} INFO - [2023-06-01T11:52:23.504+0000] {dagbag.py:538} INFO - Filling up the DagBag from /opt/airflow/dags/postgres.py
[2023-06-01T11:52:23.552+0000] {processor.py:753} INFO - DAG(s) dict_keys(['dag_with_postgres_operator_v03']) retrieved from /opt/airflow/dags/postgres.py
[2023-06-01T11:52:23.598+0000] {logging_mixin.py:137} INFO - [2023-06-01T11:52:23.598+0000] {dag.py:2676} INFO - Sync 1 DAGs
[2023-06-01T11:52:23.629+0000] {logging_mixin.py:137} INFO - [2023-06-01T11:52:23.629+0000] {dag.py:3427} INFO - Setting next_dagrun for dag_with_postgres_operator_v03 to 2023-06-01T00:00:00+00:00, run_after=2023-06-02T00:00:00+00:00
[2023-06-01T11:52:23.648+0000] {processor.py:175} INFO - Processing /opt/airflow/dags/postgres.py took 0.152 seconds
[2023-06-01T11:52:53.893+0000] {processor.py:153} INFO - Started process (PID=3593) to work on /opt/airflow/dags/postgres.py
[2023-06-01T11:52:53.896+0000] {processor.py:743} INFO - Processing file /opt/airflow/dags/postgres.py for tasks to queue
[2023-06-01T11:52:53.898+0000] {logging_mixin.py:137} INFO - [2023-06-01T11:52:53.897+0000] {dagbag.py:538} INFO - Filling up the DagBag from /opt/airflow/dags/postgres.py
[2023-06-01T11:52:53.946+0000] {processor.py:753} INFO - DAG(s) dict_keys(['dag_with_postgres_operator_v03']) retrieved from /opt/airflow/dags/postgres.py
[2023-06-01T11:52:53.988+0000] {logging_mixin.py:137} INFO - [2023-06-01T11:52:53.988+0000] {dag.py:2676} INFO - Sync 1 DAGs
[2023-06-01T11:52:54.016+0000] {logging_mixin.py:137} INFO - [2023-06-01T11:52:54.016+0000] {dag.py:3427} INFO - Setting next_dagrun for dag_with_postgres_operator_v03 to 2023-06-01T00:00:00+00:00, run_after=2023-06-02T00:00:00+00:00
[2023-06-01T11:52:54.035+0000] {processor.py:175} INFO - Processing /opt/airflow/dags/postgres.py took 0.148 seconds
[2023-06-01T11:53:24.317+0000] {processor.py:153} INFO - Started process (PID=3625) to work on /opt/airflow/dags/postgres.py
[2023-06-01T11:53:24.319+0000] {processor.py:743} INFO - Processing file /opt/airflow/dags/postgres.py for tasks to queue
[2023-06-01T11:53:24.321+0000] {logging_mixin.py:137} INFO - [2023-06-01T11:53:24.320+0000] {dagbag.py:538} INFO - Filling up the DagBag from /opt/airflow/dags/postgres.py
[2023-06-01T11:53:24.370+0000] {processor.py:753} INFO - DAG(s) dict_keys(['dag_with_postgres_operator_v03']) retrieved from /opt/airflow/dags/postgres.py
[2023-06-01T11:53:24.413+0000] {logging_mixin.py:137} INFO - [2023-06-01T11:53:24.413+0000] {dag.py:2676} INFO - Sync 1 DAGs
[2023-06-01T11:53:24.441+0000] {logging_mixin.py:137} INFO - [2023-06-01T11:53:24.441+0000] {dag.py:3427} INFO - Setting next_dagrun for dag_with_postgres_operator_v03 to 2023-06-01T00:00:00+00:00, run_after=2023-06-02T00:00:00+00:00
[2023-06-01T11:53:24.462+0000] {processor.py:175} INFO - Processing /opt/airflow/dags/postgres.py took 0.150 seconds
[2023-06-01T11:53:54.701+0000] {processor.py:153} INFO - Started process (PID=3670) to work on /opt/airflow/dags/postgres.py
[2023-06-01T11:53:54.704+0000] {processor.py:743} INFO - Processing file /opt/airflow/dags/postgres.py for tasks to queue
[2023-06-01T11:53:54.706+0000] {logging_mixin.py:137} INFO - [2023-06-01T11:53:54.706+0000] {dagbag.py:538} INFO - Filling up the DagBag from /opt/airflow/dags/postgres.py
[2023-06-01T11:53:54.762+0000] {processor.py:753} INFO - DAG(s) dict_keys(['dag_with_postgres_operator_v03']) retrieved from /opt/airflow/dags/postgres.py
[2023-06-01T11:53:54.811+0000] {logging_mixin.py:137} INFO - [2023-06-01T11:53:54.811+0000] {dag.py:2676} INFO - Sync 1 DAGs
[2023-06-01T11:53:54.848+0000] {logging_mixin.py:137} INFO - [2023-06-01T11:53:54.847+0000] {dag.py:3427} INFO - Setting next_dagrun for dag_with_postgres_operator_v03 to 2023-06-01T00:00:00+00:00, run_after=2023-06-02T00:00:00+00:00
[2023-06-01T11:53:54.871+0000] {processor.py:175} INFO - Processing /opt/airflow/dags/postgres.py took 0.176 seconds
[2023-06-01T11:54:25.103+0000] {processor.py:153} INFO - Started process (PID=3702) to work on /opt/airflow/dags/postgres.py
[2023-06-01T11:54:25.105+0000] {processor.py:743} INFO - Processing file /opt/airflow/dags/postgres.py for tasks to queue
[2023-06-01T11:54:25.107+0000] {logging_mixin.py:137} INFO - [2023-06-01T11:54:25.107+0000] {dagbag.py:538} INFO - Filling up the DagBag from /opt/airflow/dags/postgres.py
[2023-06-01T11:54:25.154+0000] {processor.py:753} INFO - DAG(s) dict_keys(['dag_with_postgres_operator_v03']) retrieved from /opt/airflow/dags/postgres.py
[2023-06-01T11:54:25.195+0000] {logging_mixin.py:137} INFO - [2023-06-01T11:54:25.195+0000] {dag.py:2676} INFO - Sync 1 DAGs
[2023-06-01T11:54:25.224+0000] {logging_mixin.py:137} INFO - [2023-06-01T11:54:25.224+0000] {dag.py:3427} INFO - Setting next_dagrun for dag_with_postgres_operator_v03 to 2023-06-01T00:00:00+00:00, run_after=2023-06-02T00:00:00+00:00
[2023-06-01T11:54:25.242+0000] {processor.py:175} INFO - Processing /opt/airflow/dags/postgres.py took 0.144 seconds
[2023-06-01T11:54:55.481+0000] {processor.py:153} INFO - Started process (PID=3747) to work on /opt/airflow/dags/postgres.py
[2023-06-01T11:54:55.484+0000] {processor.py:743} INFO - Processing file /opt/airflow/dags/postgres.py for tasks to queue
[2023-06-01T11:54:55.486+0000] {logging_mixin.py:137} INFO - [2023-06-01T11:54:55.485+0000] {dagbag.py:538} INFO - Filling up the DagBag from /opt/airflow/dags/postgres.py
[2023-06-01T11:54:55.532+0000] {processor.py:753} INFO - DAG(s) dict_keys(['dag_with_postgres_operator_v03']) retrieved from /opt/airflow/dags/postgres.py
[2023-06-01T11:54:55.574+0000] {logging_mixin.py:137} INFO - [2023-06-01T11:54:55.574+0000] {dag.py:2676} INFO - Sync 1 DAGs
[2023-06-01T11:54:55.603+0000] {logging_mixin.py:137} INFO - [2023-06-01T11:54:55.603+0000] {dag.py:3427} INFO - Setting next_dagrun for dag_with_postgres_operator_v03 to 2023-06-01T00:00:00+00:00, run_after=2023-06-02T00:00:00+00:00
[2023-06-01T11:54:55.624+0000] {processor.py:175} INFO - Processing /opt/airflow/dags/postgres.py took 0.148 seconds
[2023-06-01T11:55:25.924+0000] {processor.py:153} INFO - Started process (PID=3778) to work on /opt/airflow/dags/postgres.py
[2023-06-01T11:55:25.927+0000] {processor.py:743} INFO - Processing file /opt/airflow/dags/postgres.py for tasks to queue
[2023-06-01T11:55:25.929+0000] {logging_mixin.py:137} INFO - [2023-06-01T11:55:25.928+0000] {dagbag.py:538} INFO - Filling up the DagBag from /opt/airflow/dags/postgres.py
[2023-06-01T11:55:25.982+0000] {processor.py:753} INFO - DAG(s) dict_keys(['dag_with_postgres_operator_v03']) retrieved from /opt/airflow/dags/postgres.py
[2023-06-01T11:55:26.029+0000] {logging_mixin.py:137} INFO - [2023-06-01T11:55:26.029+0000] {dag.py:2676} INFO - Sync 1 DAGs
[2023-06-01T11:55:26.057+0000] {logging_mixin.py:137} INFO - [2023-06-01T11:55:26.057+0000] {dag.py:3427} INFO - Setting next_dagrun for dag_with_postgres_operator_v03 to 2023-06-01T00:00:00+00:00, run_after=2023-06-02T00:00:00+00:00
[2023-06-01T11:55:26.083+0000] {processor.py:175} INFO - Processing /opt/airflow/dags/postgres.py took 0.166 seconds
[2023-06-01T11:55:56.293+0000] {processor.py:153} INFO - Started process (PID=3824) to work on /opt/airflow/dags/postgres.py
[2023-06-01T11:55:56.295+0000] {processor.py:743} INFO - Processing file /opt/airflow/dags/postgres.py for tasks to queue
[2023-06-01T11:55:56.297+0000] {logging_mixin.py:137} INFO - [2023-06-01T11:55:56.297+0000] {dagbag.py:538} INFO - Filling up the DagBag from /opt/airflow/dags/postgres.py
[2023-06-01T11:55:56.342+0000] {processor.py:753} INFO - DAG(s) dict_keys(['dag_with_postgres_operator_v03']) retrieved from /opt/airflow/dags/postgres.py
[2023-06-01T11:55:56.384+0000] {logging_mixin.py:137} INFO - [2023-06-01T11:55:56.383+0000] {dag.py:2676} INFO - Sync 1 DAGs
[2023-06-01T11:55:56.412+0000] {logging_mixin.py:137} INFO - [2023-06-01T11:55:56.412+0000] {dag.py:3427} INFO - Setting next_dagrun for dag_with_postgres_operator_v03 to 2023-06-01T00:00:00+00:00, run_after=2023-06-02T00:00:00+00:00
[2023-06-01T11:55:56.431+0000] {processor.py:175} INFO - Processing /opt/airflow/dags/postgres.py took 0.143 seconds
[2023-06-01T11:56:26.728+0000] {processor.py:153} INFO - Started process (PID=3855) to work on /opt/airflow/dags/postgres.py
[2023-06-01T11:56:26.730+0000] {processor.py:743} INFO - Processing file /opt/airflow/dags/postgres.py for tasks to queue
[2023-06-01T11:56:26.733+0000] {logging_mixin.py:137} INFO - [2023-06-01T11:56:26.732+0000] {dagbag.py:538} INFO - Filling up the DagBag from /opt/airflow/dags/postgres.py
[2023-06-01T11:56:26.780+0000] {processor.py:753} INFO - DAG(s) dict_keys(['dag_with_postgres_operator_v03']) retrieved from /opt/airflow/dags/postgres.py
[2023-06-01T11:56:26.824+0000] {logging_mixin.py:137} INFO - [2023-06-01T11:56:26.824+0000] {dag.py:2676} INFO - Sync 1 DAGs
[2023-06-01T11:56:26.854+0000] {logging_mixin.py:137} INFO - [2023-06-01T11:56:26.853+0000] {dag.py:3427} INFO - Setting next_dagrun for dag_with_postgres_operator_v03 to 2023-06-01T00:00:00+00:00, run_after=2023-06-02T00:00:00+00:00
[2023-06-01T11:56:26.873+0000] {processor.py:175} INFO - Processing /opt/airflow/dags/postgres.py took 0.150 seconds
[2023-06-01T11:56:57.072+0000] {processor.py:153} INFO - Started process (PID=3900) to work on /opt/airflow/dags/postgres.py
[2023-06-01T11:56:57.075+0000] {processor.py:743} INFO - Processing file /opt/airflow/dags/postgres.py for tasks to queue
[2023-06-01T11:56:57.076+0000] {logging_mixin.py:137} INFO - [2023-06-01T11:56:57.076+0000] {dagbag.py:538} INFO - Filling up the DagBag from /opt/airflow/dags/postgres.py
[2023-06-01T11:56:57.116+0000] {processor.py:753} INFO - DAG(s) dict_keys(['dag_with_postgres_operator_v03']) retrieved from /opt/airflow/dags/postgres.py
[2023-06-01T11:56:57.156+0000] {logging_mixin.py:137} INFO - [2023-06-01T11:56:57.156+0000] {dag.py:2676} INFO - Sync 1 DAGs
[2023-06-01T11:56:57.187+0000] {logging_mixin.py:137} INFO - [2023-06-01T11:56:57.187+0000] {dag.py:3427} INFO - Setting next_dagrun for dag_with_postgres_operator_v03 to 2023-06-01T00:00:00+00:00, run_after=2023-06-02T00:00:00+00:00
[2023-06-01T11:56:57.206+0000] {processor.py:175} INFO - Processing /opt/airflow/dags/postgres.py took 0.139 seconds
[2023-06-01T11:57:27.516+0000] {processor.py:153} INFO - Started process (PID=3931) to work on /opt/airflow/dags/postgres.py
[2023-06-01T11:57:27.519+0000] {processor.py:743} INFO - Processing file /opt/airflow/dags/postgres.py for tasks to queue
[2023-06-01T11:57:27.521+0000] {logging_mixin.py:137} INFO - [2023-06-01T11:57:27.521+0000] {dagbag.py:538} INFO - Filling up the DagBag from /opt/airflow/dags/postgres.py
[2023-06-01T11:57:27.560+0000] {processor.py:753} INFO - DAG(s) dict_keys(['dag_with_postgres_operator_v03']) retrieved from /opt/airflow/dags/postgres.py
[2023-06-01T11:57:27.600+0000] {logging_mixin.py:137} INFO - [2023-06-01T11:57:27.600+0000] {dag.py:2676} INFO - Sync 1 DAGs
[2023-06-01T11:57:27.631+0000] {logging_mixin.py:137} INFO - [2023-06-01T11:57:27.631+0000] {dag.py:3427} INFO - Setting next_dagrun for dag_with_postgres_operator_v03 to 2023-06-01T00:00:00+00:00, run_after=2023-06-02T00:00:00+00:00
[2023-06-01T11:57:27.650+0000] {processor.py:175} INFO - Processing /opt/airflow/dags/postgres.py took 0.138 seconds
[2023-06-01T11:57:57.888+0000] {processor.py:153} INFO - Started process (PID=3976) to work on /opt/airflow/dags/postgres.py
[2023-06-01T11:57:57.891+0000] {processor.py:743} INFO - Processing file /opt/airflow/dags/postgres.py for tasks to queue
[2023-06-01T11:57:57.894+0000] {logging_mixin.py:137} INFO - [2023-06-01T11:57:57.893+0000] {dagbag.py:538} INFO - Filling up the DagBag from /opt/airflow/dags/postgres.py
[2023-06-01T11:57:57.948+0000] {processor.py:753} INFO - DAG(s) dict_keys(['dag_with_postgres_operator_v03']) retrieved from /opt/airflow/dags/postgres.py
[2023-06-01T11:57:58.002+0000] {logging_mixin.py:137} INFO - [2023-06-01T11:57:58.001+0000] {dag.py:2676} INFO - Sync 1 DAGs
[2023-06-01T11:57:58.055+0000] {logging_mixin.py:137} INFO - [2023-06-01T11:57:58.055+0000] {dag.py:3427} INFO - Setting next_dagrun for dag_with_postgres_operator_v03 to 2023-06-01T00:00:00+00:00, run_after=2023-06-02T00:00:00+00:00
[2023-06-01T11:57:58.098+0000] {processor.py:175} INFO - Processing /opt/airflow/dags/postgres.py took 0.215 seconds
[2023-06-01T11:58:28.443+0000] {processor.py:153} INFO - Started process (PID=4007) to work on /opt/airflow/dags/postgres.py
[2023-06-01T11:58:28.446+0000] {processor.py:743} INFO - Processing file /opt/airflow/dags/postgres.py for tasks to queue
[2023-06-01T11:58:28.448+0000] {logging_mixin.py:137} INFO - [2023-06-01T11:58:28.448+0000] {dagbag.py:538} INFO - Filling up the DagBag from /opt/airflow/dags/postgres.py
[2023-06-01T11:58:28.492+0000] {processor.py:753} INFO - DAG(s) dict_keys(['dag_with_postgres_operator_v03']) retrieved from /opt/airflow/dags/postgres.py
[2023-06-01T11:58:28.544+0000] {logging_mixin.py:137} INFO - [2023-06-01T11:58:28.544+0000] {dag.py:2676} INFO - Sync 1 DAGs
[2023-06-01T11:58:28.584+0000] {logging_mixin.py:137} INFO - [2023-06-01T11:58:28.584+0000] {dag.py:3427} INFO - Setting next_dagrun for dag_with_postgres_operator_v03 to 2023-06-01T00:00:00+00:00, run_after=2023-06-02T00:00:00+00:00
[2023-06-01T11:58:28.610+0000] {processor.py:175} INFO - Processing /opt/airflow/dags/postgres.py took 0.172 seconds
[2023-06-01T11:58:58.973+0000] {processor.py:153} INFO - Started process (PID=4038) to work on /opt/airflow/dags/postgres.py
[2023-06-01T11:58:58.976+0000] {processor.py:743} INFO - Processing file /opt/airflow/dags/postgres.py for tasks to queue
[2023-06-01T11:58:58.978+0000] {logging_mixin.py:137} INFO - [2023-06-01T11:58:58.977+0000] {dagbag.py:538} INFO - Filling up the DagBag from /opt/airflow/dags/postgres.py
[2023-06-01T11:58:59.026+0000] {processor.py:753} INFO - DAG(s) dict_keys(['dag_with_postgres_operator_v03']) retrieved from /opt/airflow/dags/postgres.py
[2023-06-01T11:58:59.073+0000] {logging_mixin.py:137} INFO - [2023-06-01T11:58:59.073+0000] {dag.py:2676} INFO - Sync 1 DAGs
[2023-06-01T11:58:59.108+0000] {logging_mixin.py:137} INFO - [2023-06-01T11:58:59.108+0000] {dag.py:3427} INFO - Setting next_dagrun for dag_with_postgres_operator_v03 to 2023-06-01T00:00:00+00:00, run_after=2023-06-02T00:00:00+00:00
[2023-06-01T11:58:59.132+0000] {processor.py:175} INFO - Processing /opt/airflow/dags/postgres.py took 0.164 seconds
[2023-06-01T11:59:29.337+0000] {processor.py:153} INFO - Started process (PID=4083) to work on /opt/airflow/dags/postgres.py
[2023-06-01T11:59:29.340+0000] {processor.py:743} INFO - Processing file /opt/airflow/dags/postgres.py for tasks to queue
[2023-06-01T11:59:29.343+0000] {logging_mixin.py:137} INFO - [2023-06-01T11:59:29.342+0000] {dagbag.py:538} INFO - Filling up the DagBag from /opt/airflow/dags/postgres.py
[2023-06-01T11:59:29.398+0000] {processor.py:753} INFO - DAG(s) dict_keys(['dag_with_postgres_operator_v03']) retrieved from /opt/airflow/dags/postgres.py
[2023-06-01T11:59:29.454+0000] {logging_mixin.py:137} INFO - [2023-06-01T11:59:29.454+0000] {dag.py:2676} INFO - Sync 1 DAGs
[2023-06-01T11:59:29.494+0000] {logging_mixin.py:137} INFO - [2023-06-01T11:59:29.494+0000] {dag.py:3427} INFO - Setting next_dagrun for dag_with_postgres_operator_v03 to 2023-06-01T00:00:00+00:00, run_after=2023-06-02T00:00:00+00:00
[2023-06-01T11:59:29.521+0000] {processor.py:175} INFO - Processing /opt/airflow/dags/postgres.py took 0.189 seconds
[2023-06-01T11:59:59.837+0000] {processor.py:153} INFO - Started process (PID=4114) to work on /opt/airflow/dags/postgres.py
[2023-06-01T11:59:59.840+0000] {processor.py:743} INFO - Processing file /opt/airflow/dags/postgres.py for tasks to queue
[2023-06-01T11:59:59.841+0000] {logging_mixin.py:137} INFO - [2023-06-01T11:59:59.841+0000] {dagbag.py:538} INFO - Filling up the DagBag from /opt/airflow/dags/postgres.py
[2023-06-01T11:59:59.884+0000] {processor.py:753} INFO - DAG(s) dict_keys(['dag_with_postgres_operator_v03']) retrieved from /opt/airflow/dags/postgres.py
[2023-06-01T11:59:59.926+0000] {logging_mixin.py:137} INFO - [2023-06-01T11:59:59.926+0000] {dag.py:2676} INFO - Sync 1 DAGs
[2023-06-01T11:59:59.957+0000] {logging_mixin.py:137} INFO - [2023-06-01T11:59:59.957+0000] {dag.py:3427} INFO - Setting next_dagrun for dag_with_postgres_operator_v03 to 2023-06-01T00:00:00+00:00, run_after=2023-06-02T00:00:00+00:00
[2023-06-01T11:59:59.978+0000] {processor.py:175} INFO - Processing /opt/airflow/dags/postgres.py took 0.146 seconds
[2023-06-01T12:00:30.251+0000] {processor.py:153} INFO - Started process (PID=4159) to work on /opt/airflow/dags/postgres.py
[2023-06-01T12:00:30.253+0000] {processor.py:743} INFO - Processing file /opt/airflow/dags/postgres.py for tasks to queue
[2023-06-01T12:00:30.254+0000] {logging_mixin.py:137} INFO - [2023-06-01T12:00:30.254+0000] {dagbag.py:538} INFO - Filling up the DagBag from /opt/airflow/dags/postgres.py
[2023-06-01T12:00:30.295+0000] {processor.py:753} INFO - DAG(s) dict_keys(['dag_with_postgres_operator_v03']) retrieved from /opt/airflow/dags/postgres.py
[2023-06-01T12:00:30.333+0000] {logging_mixin.py:137} INFO - [2023-06-01T12:00:30.333+0000] {dag.py:2676} INFO - Sync 1 DAGs
[2023-06-01T12:00:30.363+0000] {logging_mixin.py:137} INFO - [2023-06-01T12:00:30.363+0000] {dag.py:3427} INFO - Setting next_dagrun for dag_with_postgres_operator_v03 to 2023-06-01T00:00:00+00:00, run_after=2023-06-02T00:00:00+00:00
[2023-06-01T12:00:30.388+0000] {processor.py:175} INFO - Processing /opt/airflow/dags/postgres.py took 0.142 seconds
[2023-06-01T12:01:00.658+0000] {processor.py:153} INFO - Started process (PID=4190) to work on /opt/airflow/dags/postgres.py
[2023-06-01T12:01:00.661+0000] {processor.py:743} INFO - Processing file /opt/airflow/dags/postgres.py for tasks to queue
[2023-06-01T12:01:00.662+0000] {logging_mixin.py:137} INFO - [2023-06-01T12:01:00.662+0000] {dagbag.py:538} INFO - Filling up the DagBag from /opt/airflow/dags/postgres.py
[2023-06-01T12:01:00.713+0000] {processor.py:753} INFO - DAG(s) dict_keys(['dag_with_postgres_operator_v03']) retrieved from /opt/airflow/dags/postgres.py
[2023-06-01T12:01:00.766+0000] {logging_mixin.py:137} INFO - [2023-06-01T12:01:00.765+0000] {dag.py:2676} INFO - Sync 1 DAGs
[2023-06-01T12:01:00.804+0000] {logging_mixin.py:137} INFO - [2023-06-01T12:01:00.804+0000] {dag.py:3427} INFO - Setting next_dagrun for dag_with_postgres_operator_v03 to 2023-06-01T00:00:00+00:00, run_after=2023-06-02T00:00:00+00:00
[2023-06-01T12:01:00.830+0000] {processor.py:175} INFO - Processing /opt/airflow/dags/postgres.py took 0.176 seconds
[2023-06-01T12:01:31.132+0000] {processor.py:153} INFO - Started process (PID=4221) to work on /opt/airflow/dags/postgres.py
[2023-06-01T12:01:31.135+0000] {processor.py:743} INFO - Processing file /opt/airflow/dags/postgres.py for tasks to queue
[2023-06-01T12:01:31.137+0000] {logging_mixin.py:137} INFO - [2023-06-01T12:01:31.136+0000] {dagbag.py:538} INFO - Filling up the DagBag from /opt/airflow/dags/postgres.py
[2023-06-01T12:01:31.189+0000] {processor.py:753} INFO - DAG(s) dict_keys(['dag_with_postgres_operator_v03']) retrieved from /opt/airflow/dags/postgres.py
[2023-06-01T12:01:31.237+0000] {logging_mixin.py:137} INFO - [2023-06-01T12:01:31.237+0000] {dag.py:2676} INFO - Sync 1 DAGs
[2023-06-01T12:01:31.270+0000] {logging_mixin.py:137} INFO - [2023-06-01T12:01:31.270+0000] {dag.py:3427} INFO - Setting next_dagrun for dag_with_postgres_operator_v03 to 2023-06-01T00:00:00+00:00, run_after=2023-06-02T00:00:00+00:00
[2023-06-01T12:01:31.291+0000] {processor.py:175} INFO - Processing /opt/airflow/dags/postgres.py took 0.164 seconds
[2023-06-01T12:02:01.518+0000] {processor.py:153} INFO - Started process (PID=4266) to work on /opt/airflow/dags/postgres.py
[2023-06-01T12:02:01.520+0000] {processor.py:743} INFO - Processing file /opt/airflow/dags/postgres.py for tasks to queue
[2023-06-01T12:02:01.522+0000] {logging_mixin.py:137} INFO - [2023-06-01T12:02:01.522+0000] {dagbag.py:538} INFO - Filling up the DagBag from /opt/airflow/dags/postgres.py
[2023-06-01T12:02:01.562+0000] {processor.py:753} INFO - DAG(s) dict_keys(['dag_with_postgres_operator_v03']) retrieved from /opt/airflow/dags/postgres.py
[2023-06-01T12:02:01.606+0000] {logging_mixin.py:137} INFO - [2023-06-01T12:02:01.606+0000] {dag.py:2676} INFO - Sync 1 DAGs
[2023-06-01T12:02:01.634+0000] {logging_mixin.py:137} INFO - [2023-06-01T12:02:01.634+0000] {dag.py:3427} INFO - Setting next_dagrun for dag_with_postgres_operator_v03 to 2023-06-01T00:00:00+00:00, run_after=2023-06-02T00:00:00+00:00
[2023-06-01T12:02:01.654+0000] {processor.py:175} INFO - Processing /opt/airflow/dags/postgres.py took 0.141 seconds
[2023-06-01T12:12:59.356+0000] {processor.py:153} INFO - Started process (PID=4297) to work on /opt/airflow/dags/postgres.py
[2023-06-01T12:12:59.362+0000] {processor.py:743} INFO - Processing file /opt/airflow/dags/postgres.py for tasks to queue
[2023-06-01T12:12:59.373+0000] {logging_mixin.py:137} INFO - [2023-06-01T12:12:59.372+0000] {dagbag.py:538} INFO - Filling up the DagBag from /opt/airflow/dags/postgres.py
[2023-06-01T12:12:59.501+0000] {processor.py:753} INFO - DAG(s) dict_keys(['dag_with_postgres_operator_v03']) retrieved from /opt/airflow/dags/postgres.py
[2023-06-01T12:59:08.887+0000] {processor.py:153} INFO - Started process (PID=49) to work on /opt/airflow/dags/postgres.py
[2023-06-01T12:59:08.890+0000] {processor.py:743} INFO - Processing file /opt/airflow/dags/postgres.py for tasks to queue
[2023-06-01T12:59:08.893+0000] {logging_mixin.py:137} INFO - [2023-06-01T12:59:08.893+0000] {dagbag.py:538} INFO - Filling up the DagBag from /opt/airflow/dags/postgres.py
[2023-06-01T12:59:09.019+0000] {processor.py:753} INFO - DAG(s) dict_keys(['dag_with_postgres_operator_v03']) retrieved from /opt/airflow/dags/postgres.py
[2023-06-01T12:59:09.152+0000] {logging_mixin.py:137} INFO - [2023-06-01T12:59:09.152+0000] {dag.py:2676} INFO - Sync 1 DAGs
[2023-06-01T12:59:09.211+0000] {logging_mixin.py:137} INFO - [2023-06-01T12:59:09.211+0000] {dag.py:3427} INFO - Setting next_dagrun for dag_with_postgres_operator_v03 to 2023-06-01T00:00:00+00:00, run_after=2023-06-02T00:00:00+00:00
[2023-06-01T12:59:09.254+0000] {processor.py:175} INFO - Processing /opt/airflow/dags/postgres.py took 0.379 seconds
[2023-06-01T12:59:39.893+0000] {processor.py:153} INFO - Started process (PID=81) to work on /opt/airflow/dags/postgres.py
[2023-06-01T12:59:39.896+0000] {processor.py:743} INFO - Processing file /opt/airflow/dags/postgres.py for tasks to queue
[2023-06-01T12:59:39.898+0000] {logging_mixin.py:137} INFO - [2023-06-01T12:59:39.898+0000] {dagbag.py:538} INFO - Filling up the DagBag from /opt/airflow/dags/postgres.py
[2023-06-01T12:59:39.952+0000] {processor.py:753} INFO - DAG(s) dict_keys(['dag_with_postgres_operator_v03']) retrieved from /opt/airflow/dags/postgres.py
[2023-06-01T12:59:40.009+0000] {logging_mixin.py:137} INFO - [2023-06-01T12:59:40.008+0000] {dag.py:2676} INFO - Sync 1 DAGs
[2023-06-01T12:59:40.054+0000] {logging_mixin.py:137} INFO - [2023-06-01T12:59:40.054+0000] {dag.py:3427} INFO - Setting next_dagrun for dag_with_postgres_operator_v03 to 2023-06-01T00:00:00+00:00, run_after=2023-06-02T00:00:00+00:00
[2023-06-01T12:59:40.083+0000] {processor.py:175} INFO - Processing /opt/airflow/dags/postgres.py took 0.195 seconds
[2023-06-01T13:00:10.449+0000] {processor.py:153} INFO - Started process (PID=127) to work on /opt/airflow/dags/postgres.py
[2023-06-01T13:00:10.452+0000] {processor.py:743} INFO - Processing file /opt/airflow/dags/postgres.py for tasks to queue
[2023-06-01T13:00:10.454+0000] {logging_mixin.py:137} INFO - [2023-06-01T13:00:10.453+0000] {dagbag.py:538} INFO - Filling up the DagBag from /opt/airflow/dags/postgres.py
[2023-06-01T13:00:10.504+0000] {processor.py:753} INFO - DAG(s) dict_keys(['dag_with_postgres_operator_v03']) retrieved from /opt/airflow/dags/postgres.py
[2023-06-01T13:00:10.557+0000] {logging_mixin.py:137} INFO - [2023-06-01T13:00:10.556+0000] {dag.py:2676} INFO - Sync 1 DAGs
[2023-06-01T13:00:10.601+0000] {logging_mixin.py:137} INFO - [2023-06-01T13:00:10.600+0000] {dag.py:3427} INFO - Setting next_dagrun for dag_with_postgres_operator_v03 to 2023-06-01T00:00:00+00:00, run_after=2023-06-02T00:00:00+00:00
[2023-06-01T13:00:10.644+0000] {processor.py:175} INFO - Processing /opt/airflow/dags/postgres.py took 0.200 seconds
[2023-06-01T13:00:41.022+0000] {processor.py:153} INFO - Started process (PID=159) to work on /opt/airflow/dags/postgres.py
[2023-06-01T13:00:41.025+0000] {processor.py:743} INFO - Processing file /opt/airflow/dags/postgres.py for tasks to queue
[2023-06-01T13:00:41.028+0000] {logging_mixin.py:137} INFO - [2023-06-01T13:00:41.027+0000] {dagbag.py:538} INFO - Filling up the DagBag from /opt/airflow/dags/postgres.py
[2023-06-01T13:00:41.078+0000] {processor.py:753} INFO - DAG(s) dict_keys(['dag_with_postgres_operator_v03']) retrieved from /opt/airflow/dags/postgres.py
[2023-06-01T13:00:41.126+0000] {logging_mixin.py:137} INFO - [2023-06-01T13:00:41.125+0000] {dag.py:2676} INFO - Sync 1 DAGs
[2023-06-01T13:00:41.163+0000] {logging_mixin.py:137} INFO - [2023-06-01T13:00:41.163+0000] {dag.py:3427} INFO - Setting next_dagrun for dag_with_postgres_operator_v03 to 2023-06-01T00:00:00+00:00, run_after=2023-06-02T00:00:00+00:00
[2023-06-01T13:00:41.190+0000] {processor.py:175} INFO - Processing /opt/airflow/dags/postgres.py took 0.173 seconds
[2023-06-01T13:01:11.558+0000] {processor.py:153} INFO - Started process (PID=191) to work on /opt/airflow/dags/postgres.py
[2023-06-01T13:01:11.562+0000] {processor.py:743} INFO - Processing file /opt/airflow/dags/postgres.py for tasks to queue
[2023-06-01T13:01:11.566+0000] {logging_mixin.py:137} INFO - [2023-06-01T13:01:11.566+0000] {dagbag.py:538} INFO - Filling up the DagBag from /opt/airflow/dags/postgres.py
[2023-06-01T13:01:11.633+0000] {processor.py:753} INFO - DAG(s) dict_keys(['dag_with_postgres_operator_v03']) retrieved from /opt/airflow/dags/postgres.py
[2023-06-01T13:01:11.695+0000] {logging_mixin.py:137} INFO - [2023-06-01T13:01:11.695+0000] {dag.py:2676} INFO - Sync 1 DAGs
[2023-06-01T13:01:11.740+0000] {logging_mixin.py:137} INFO - [2023-06-01T13:01:11.739+0000] {dag.py:3427} INFO - Setting next_dagrun for dag_with_postgres_operator_v03 to 2023-06-01T00:00:00+00:00, run_after=2023-06-02T00:00:00+00:00
[2023-06-01T13:01:11.776+0000] {processor.py:175} INFO - Processing /opt/airflow/dags/postgres.py took 0.226 seconds
[2023-06-01T13:01:42.242+0000] {processor.py:153} INFO - Started process (PID=237) to work on /opt/airflow/dags/postgres.py
[2023-06-01T13:01:42.245+0000] {processor.py:743} INFO - Processing file /opt/airflow/dags/postgres.py for tasks to queue
[2023-06-01T13:01:42.247+0000] {logging_mixin.py:137} INFO - [2023-06-01T13:01:42.247+0000] {dagbag.py:538} INFO - Filling up the DagBag from /opt/airflow/dags/postgres.py
[2023-06-01T13:01:42.298+0000] {processor.py:753} INFO - DAG(s) dict_keys(['dag_with_postgres_operator_v03']) retrieved from /opt/airflow/dags/postgres.py
[2023-06-01T13:01:42.348+0000] {logging_mixin.py:137} INFO - [2023-06-01T13:01:42.347+0000] {dag.py:2676} INFO - Sync 1 DAGs
[2023-06-01T13:01:42.384+0000] {logging_mixin.py:137} INFO - [2023-06-01T13:01:42.384+0000] {dag.py:3427} INFO - Setting next_dagrun for dag_with_postgres_operator_v03 to 2023-06-01T00:00:00+00:00, run_after=2023-06-02T00:00:00+00:00
[2023-06-01T13:01:42.410+0000] {processor.py:175} INFO - Processing /opt/airflow/dags/postgres.py took 0.174 seconds
[2023-06-01T13:02:12.780+0000] {processor.py:153} INFO - Started process (PID=269) to work on /opt/airflow/dags/postgres.py
[2023-06-01T13:02:12.782+0000] {processor.py:743} INFO - Processing file /opt/airflow/dags/postgres.py for tasks to queue
[2023-06-01T13:02:12.785+0000] {logging_mixin.py:137} INFO - [2023-06-01T13:02:12.784+0000] {dagbag.py:538} INFO - Filling up the DagBag from /opt/airflow/dags/postgres.py
[2023-06-01T13:02:12.836+0000] {processor.py:753} INFO - DAG(s) dict_keys(['dag_with_postgres_operator_v03']) retrieved from /opt/airflow/dags/postgres.py
[2023-06-01T13:02:12.886+0000] {logging_mixin.py:137} INFO - [2023-06-01T13:02:12.886+0000] {dag.py:2676} INFO - Sync 1 DAGs
[2023-06-01T13:02:12.925+0000] {logging_mixin.py:137} INFO - [2023-06-01T13:02:12.925+0000] {dag.py:3427} INFO - Setting next_dagrun for dag_with_postgres_operator_v03 to 2023-06-01T00:00:00+00:00, run_after=2023-06-02T00:00:00+00:00
[2023-06-01T13:02:12.993+0000] {processor.py:175} INFO - Processing /opt/airflow/dags/postgres.py took 0.218 seconds
[2023-06-01T13:02:43.395+0000] {processor.py:153} INFO - Started process (PID=315) to work on /opt/airflow/dags/postgres.py
[2023-06-01T13:02:43.399+0000] {processor.py:743} INFO - Processing file /opt/airflow/dags/postgres.py for tasks to queue
[2023-06-01T13:02:43.405+0000] {logging_mixin.py:137} INFO - [2023-06-01T13:02:43.405+0000] {dagbag.py:538} INFO - Filling up the DagBag from /opt/airflow/dags/postgres.py
[2023-06-01T13:02:43.489+0000] {processor.py:753} INFO - DAG(s) dict_keys(['dag_with_postgres_operator_v03']) retrieved from /opt/airflow/dags/postgres.py
[2023-06-01T13:02:43.548+0000] {logging_mixin.py:137} INFO - [2023-06-01T13:02:43.548+0000] {dag.py:2676} INFO - Sync 1 DAGs
[2023-06-01T13:02:43.591+0000] {logging_mixin.py:137} INFO - [2023-06-01T13:02:43.591+0000] {dag.py:3427} INFO - Setting next_dagrun for dag_with_postgres_operator_v03 to 2023-06-01T00:00:00+00:00, run_after=2023-06-02T00:00:00+00:00
[2023-06-01T13:02:43.624+0000] {processor.py:175} INFO - Processing /opt/airflow/dags/postgres.py took 0.238 seconds
[2023-06-01T13:03:14.029+0000] {processor.py:153} INFO - Started process (PID=352) to work on /opt/airflow/dags/postgres.py
[2023-06-01T13:03:14.033+0000] {processor.py:743} INFO - Processing file /opt/airflow/dags/postgres.py for tasks to queue
[2023-06-01T13:03:14.040+0000] {logging_mixin.py:137} INFO - [2023-06-01T13:03:14.039+0000] {dagbag.py:538} INFO - Filling up the DagBag from /opt/airflow/dags/postgres.py
[2023-06-01T13:03:14.143+0000] {processor.py:753} INFO - DAG(s) dict_keys(['dag_with_postgres_operator_v03']) retrieved from /opt/airflow/dags/postgres.py
[2023-06-01T13:03:14.234+0000] {logging_mixin.py:137} INFO - [2023-06-01T13:03:14.234+0000] {dag.py:2676} INFO - Sync 1 DAGs
[2023-06-01T13:03:14.303+0000] {logging_mixin.py:137} INFO - [2023-06-01T13:03:14.303+0000] {dag.py:3427} INFO - Setting next_dagrun for dag_with_postgres_operator_v03 to 2023-06-01T00:00:00+00:00, run_after=2023-06-02T00:00:00+00:00
[2023-06-01T13:03:14.342+0000] {processor.py:175} INFO - Processing /opt/airflow/dags/postgres.py took 0.321 seconds
[2023-06-01T13:03:44.733+0000] {processor.py:153} INFO - Started process (PID=384) to work on /opt/airflow/dags/postgres.py
[2023-06-01T13:03:44.735+0000] {processor.py:743} INFO - Processing file /opt/airflow/dags/postgres.py for tasks to queue
[2023-06-01T13:03:44.738+0000] {logging_mixin.py:137} INFO - [2023-06-01T13:03:44.737+0000] {dagbag.py:538} INFO - Filling up the DagBag from /opt/airflow/dags/postgres.py
[2023-06-01T13:03:44.790+0000] {processor.py:753} INFO - DAG(s) dict_keys(['dag_with_postgres_operator_v03']) retrieved from /opt/airflow/dags/postgres.py
[2023-06-01T13:03:44.843+0000] {logging_mixin.py:137} INFO - [2023-06-01T13:03:44.843+0000] {dag.py:2676} INFO - Sync 1 DAGs
[2023-06-01T13:03:44.882+0000] {logging_mixin.py:137} INFO - [2023-06-01T13:03:44.882+0000] {dag.py:3427} INFO - Setting next_dagrun for dag_with_postgres_operator_v03 to 2023-06-01T00:00:00+00:00, run_after=2023-06-02T00:00:00+00:00
[2023-06-01T13:03:44.911+0000] {processor.py:175} INFO - Processing /opt/airflow/dags/postgres.py took 0.184 seconds
[2023-06-01T13:04:15.345+0000] {processor.py:153} INFO - Started process (PID=430) to work on /opt/airflow/dags/postgres.py
[2023-06-01T13:04:15.349+0000] {processor.py:743} INFO - Processing file /opt/airflow/dags/postgres.py for tasks to queue
[2023-06-01T13:04:15.351+0000] {logging_mixin.py:137} INFO - [2023-06-01T13:04:15.351+0000] {dagbag.py:538} INFO - Filling up the DagBag from /opt/airflow/dags/postgres.py
[2023-06-01T13:04:15.408+0000] {processor.py:753} INFO - DAG(s) dict_keys(['dag_with_postgres_operator_v03']) retrieved from /opt/airflow/dags/postgres.py
[2023-06-01T13:04:15.464+0000] {logging_mixin.py:137} INFO - [2023-06-01T13:04:15.463+0000] {dag.py:2676} INFO - Sync 1 DAGs
[2023-06-01T13:04:15.508+0000] {logging_mixin.py:137} INFO - [2023-06-01T13:04:15.508+0000] {dag.py:3427} INFO - Setting next_dagrun for dag_with_postgres_operator_v03 to 2023-06-01T00:00:00+00:00, run_after=2023-06-02T00:00:00+00:00
[2023-06-01T13:04:15.558+0000] {processor.py:175} INFO - Processing /opt/airflow/dags/postgres.py took 0.218 seconds
[2023-06-01T13:04:45.901+0000] {processor.py:153} INFO - Started process (PID=462) to work on /opt/airflow/dags/postgres.py
[2023-06-01T13:04:45.905+0000] {processor.py:743} INFO - Processing file /opt/airflow/dags/postgres.py for tasks to queue
[2023-06-01T13:04:45.907+0000] {logging_mixin.py:137} INFO - [2023-06-01T13:04:45.907+0000] {dagbag.py:538} INFO - Filling up the DagBag from /opt/airflow/dags/postgres.py
[2023-06-01T13:04:45.957+0000] {processor.py:753} INFO - DAG(s) dict_keys(['dag_with_postgres_operator_v03']) retrieved from /opt/airflow/dags/postgres.py
[2023-06-01T13:04:46.007+0000] {logging_mixin.py:137} INFO - [2023-06-01T13:04:46.007+0000] {dag.py:2676} INFO - Sync 1 DAGs
[2023-06-01T13:04:46.043+0000] {logging_mixin.py:137} INFO - [2023-06-01T13:04:46.043+0000] {dag.py:3427} INFO - Setting next_dagrun for dag_with_postgres_operator_v03 to 2023-06-01T00:00:00+00:00, run_after=2023-06-02T00:00:00+00:00
[2023-06-01T13:04:46.068+0000] {processor.py:175} INFO - Processing /opt/airflow/dags/postgres.py took 0.172 seconds
[2023-06-01T13:05:16.440+0000] {processor.py:153} INFO - Started process (PID=494) to work on /opt/airflow/dags/postgres.py
[2023-06-01T13:05:16.444+0000] {processor.py:743} INFO - Processing file /opt/airflow/dags/postgres.py for tasks to queue
[2023-06-01T13:05:16.446+0000] {logging_mixin.py:137} INFO - [2023-06-01T13:05:16.446+0000] {dagbag.py:538} INFO - Filling up the DagBag from /opt/airflow/dags/postgres.py
[2023-06-01T13:05:16.501+0000] {processor.py:753} INFO - DAG(s) dict_keys(['dag_with_postgres_operator_v03']) retrieved from /opt/airflow/dags/postgres.py
[2023-06-01T13:05:16.552+0000] {logging_mixin.py:137} INFO - [2023-06-01T13:05:16.552+0000] {dag.py:2676} INFO - Sync 1 DAGs
[2023-06-01T13:05:16.588+0000] {logging_mixin.py:137} INFO - [2023-06-01T13:05:16.588+0000] {dag.py:3427} INFO - Setting next_dagrun for dag_with_postgres_operator_v03 to 2023-06-01T00:00:00+00:00, run_after=2023-06-02T00:00:00+00:00
[2023-06-01T13:05:16.614+0000] {processor.py:175} INFO - Processing /opt/airflow/dags/postgres.py took 0.180 seconds
[2023-06-01T13:05:46.982+0000] {processor.py:153} INFO - Started process (PID=541) to work on /opt/airflow/dags/postgres.py
[2023-06-01T13:05:46.985+0000] {processor.py:743} INFO - Processing file /opt/airflow/dags/postgres.py for tasks to queue
[2023-06-01T13:05:46.987+0000] {logging_mixin.py:137} INFO - [2023-06-01T13:05:46.987+0000] {dagbag.py:538} INFO - Filling up the DagBag from /opt/airflow/dags/postgres.py
[2023-06-01T13:05:47.038+0000] {processor.py:753} INFO - DAG(s) dict_keys(['dag_with_postgres_operator_v03']) retrieved from /opt/airflow/dags/postgres.py
[2023-06-01T13:05:47.090+0000] {logging_mixin.py:137} INFO - [2023-06-01T13:05:47.089+0000] {dag.py:2676} INFO - Sync 1 DAGs
[2023-06-01T13:05:47.128+0000] {logging_mixin.py:137} INFO - [2023-06-01T13:05:47.128+0000] {dag.py:3427} INFO - Setting next_dagrun for dag_with_postgres_operator_v03 to 2023-06-01T00:00:00+00:00, run_after=2023-06-02T00:00:00+00:00
[2023-06-01T13:05:47.154+0000] {processor.py:175} INFO - Processing /opt/airflow/dags/postgres.py took 0.177 seconds
[2023-06-01T13:06:17.504+0000] {processor.py:153} INFO - Started process (PID=573) to work on /opt/airflow/dags/postgres.py
[2023-06-01T13:06:17.506+0000] {processor.py:743} INFO - Processing file /opt/airflow/dags/postgres.py for tasks to queue
[2023-06-01T13:06:17.509+0000] {logging_mixin.py:137} INFO - [2023-06-01T13:06:17.509+0000] {dagbag.py:538} INFO - Filling up the DagBag from /opt/airflow/dags/postgres.py
[2023-06-01T13:06:17.553+0000] {processor.py:753} INFO - DAG(s) dict_keys(['dag_with_postgres_operator_v03']) retrieved from /opt/airflow/dags/postgres.py
[2023-06-01T13:06:17.596+0000] {logging_mixin.py:137} INFO - [2023-06-01T13:06:17.596+0000] {dag.py:2676} INFO - Sync 1 DAGs
[2023-06-01T13:06:17.632+0000] {logging_mixin.py:137} INFO - [2023-06-01T13:06:17.631+0000] {dag.py:3427} INFO - Setting next_dagrun for dag_with_postgres_operator_v03 to 2023-06-01T00:00:00+00:00, run_after=2023-06-02T00:00:00+00:00
[2023-06-01T13:06:17.659+0000] {processor.py:175} INFO - Processing /opt/airflow/dags/postgres.py took 0.160 seconds
[2023-06-01T13:06:48.059+0000] {processor.py:153} INFO - Started process (PID=619) to work on /opt/airflow/dags/postgres.py
[2023-06-01T13:06:48.062+0000] {processor.py:743} INFO - Processing file /opt/airflow/dags/postgres.py for tasks to queue
[2023-06-01T13:06:48.064+0000] {logging_mixin.py:137} INFO - [2023-06-01T13:06:48.063+0000] {dagbag.py:538} INFO - Filling up the DagBag from /opt/airflow/dags/postgres.py
[2023-06-01T13:06:48.117+0000] {processor.py:753} INFO - DAG(s) dict_keys(['dag_with_postgres_operator_v03']) retrieved from /opt/airflow/dags/postgres.py
[2023-06-01T13:06:48.169+0000] {logging_mixin.py:137} INFO - [2023-06-01T13:06:48.169+0000] {dag.py:2676} INFO - Sync 1 DAGs
[2023-06-01T13:06:48.207+0000] {logging_mixin.py:137} INFO - [2023-06-01T13:06:48.207+0000] {dag.py:3427} INFO - Setting next_dagrun for dag_with_postgres_operator_v03 to 2023-06-01T00:00:00+00:00, run_after=2023-06-02T00:00:00+00:00
[2023-06-01T13:06:48.240+0000] {processor.py:175} INFO - Processing /opt/airflow/dags/postgres.py took 0.187 seconds
[2023-06-01T13:07:18.603+0000] {processor.py:153} INFO - Started process (PID=651) to work on /opt/airflow/dags/postgres.py
[2023-06-01T13:07:18.605+0000] {processor.py:743} INFO - Processing file /opt/airflow/dags/postgres.py for tasks to queue
[2023-06-01T13:07:18.607+0000] {logging_mixin.py:137} INFO - [2023-06-01T13:07:18.607+0000] {dagbag.py:538} INFO - Filling up the DagBag from /opt/airflow/dags/postgres.py
[2023-06-01T13:07:18.653+0000] {processor.py:753} INFO - DAG(s) dict_keys(['dag_with_postgres_operator_v03']) retrieved from /opt/airflow/dags/postgres.py
[2023-06-01T13:07:18.694+0000] {logging_mixin.py:137} INFO - [2023-06-01T13:07:18.694+0000] {dag.py:2676} INFO - Sync 1 DAGs
[2023-06-01T13:07:18.729+0000] {logging_mixin.py:137} INFO - [2023-06-01T13:07:18.728+0000] {dag.py:3427} INFO - Setting next_dagrun for dag_with_postgres_operator_v03 to 2023-06-01T00:00:00+00:00, run_after=2023-06-02T00:00:00+00:00
[2023-06-01T13:07:18.754+0000] {processor.py:175} INFO - Processing /opt/airflow/dags/postgres.py took 0.156 seconds
[2023-06-01T13:07:49.101+0000] {processor.py:153} INFO - Started process (PID=696) to work on /opt/airflow/dags/postgres.py
[2023-06-01T13:07:49.104+0000] {processor.py:743} INFO - Processing file /opt/airflow/dags/postgres.py for tasks to queue
[2023-06-01T13:07:49.105+0000] {logging_mixin.py:137} INFO - [2023-06-01T13:07:49.105+0000] {dagbag.py:538} INFO - Filling up the DagBag from /opt/airflow/dags/postgres.py
[2023-06-01T13:07:49.147+0000] {processor.py:753} INFO - DAG(s) dict_keys(['dag_with_postgres_operator_v03']) retrieved from /opt/airflow/dags/postgres.py
[2023-06-01T13:07:49.191+0000] {logging_mixin.py:137} INFO - [2023-06-01T13:07:49.190+0000] {dag.py:2676} INFO - Sync 1 DAGs
[2023-06-01T13:07:49.227+0000] {logging_mixin.py:137} INFO - [2023-06-01T13:07:49.226+0000] {dag.py:3427} INFO - Setting next_dagrun for dag_with_postgres_operator_v03 to 2023-06-01T00:00:00+00:00, run_after=2023-06-02T00:00:00+00:00
[2023-06-01T13:07:49.251+0000] {processor.py:175} INFO - Processing /opt/airflow/dags/postgres.py took 0.156 seconds
[2023-06-01T13:08:19.624+0000] {processor.py:153} INFO - Started process (PID=733) to work on /opt/airflow/dags/postgres.py
[2023-06-01T13:08:19.626+0000] {processor.py:743} INFO - Processing file /opt/airflow/dags/postgres.py for tasks to queue
[2023-06-01T13:08:19.628+0000] {logging_mixin.py:137} INFO - [2023-06-01T13:08:19.628+0000] {dagbag.py:538} INFO - Filling up the DagBag from /opt/airflow/dags/postgres.py
[2023-06-01T13:08:19.678+0000] {processor.py:753} INFO - DAG(s) dict_keys(['dag_with_postgres_operator_v03']) retrieved from /opt/airflow/dags/postgres.py
[2023-06-01T13:08:19.725+0000] {logging_mixin.py:137} INFO - [2023-06-01T13:08:19.725+0000] {dag.py:2676} INFO - Sync 1 DAGs
[2023-06-01T13:08:19.762+0000] {logging_mixin.py:137} INFO - [2023-06-01T13:08:19.762+0000] {dag.py:3427} INFO - Setting next_dagrun for dag_with_postgres_operator_v03 to 2023-06-01T00:00:00+00:00, run_after=2023-06-02T00:00:00+00:00
[2023-06-01T13:08:19.788+0000] {processor.py:175} INFO - Processing /opt/airflow/dags/postgres.py took 0.169 seconds
[2023-06-01T13:08:50.129+0000] {processor.py:153} INFO - Started process (PID=765) to work on /opt/airflow/dags/postgres.py
[2023-06-01T13:08:50.132+0000] {processor.py:743} INFO - Processing file /opt/airflow/dags/postgres.py for tasks to queue
[2023-06-01T13:08:50.134+0000] {logging_mixin.py:137} INFO - [2023-06-01T13:08:50.134+0000] {dagbag.py:538} INFO - Filling up the DagBag from /opt/airflow/dags/postgres.py
[2023-06-01T13:08:50.175+0000] {processor.py:753} INFO - DAG(s) dict_keys(['dag_with_postgres_operator_v03']) retrieved from /opt/airflow/dags/postgres.py
[2023-06-01T13:08:50.219+0000] {logging_mixin.py:137} INFO - [2023-06-01T13:08:50.219+0000] {dag.py:2676} INFO - Sync 1 DAGs
[2023-06-01T13:08:50.259+0000] {logging_mixin.py:137} INFO - [2023-06-01T13:08:50.259+0000] {dag.py:3427} INFO - Setting next_dagrun for dag_with_postgres_operator_v03 to 2023-06-01T00:00:00+00:00, run_after=2023-06-02T00:00:00+00:00
[2023-06-01T13:08:50.287+0000] {processor.py:175} INFO - Processing /opt/airflow/dags/postgres.py took 0.164 seconds
[2023-06-01T13:09:20.955+0000] {processor.py:153} INFO - Started process (PID=813) to work on /opt/airflow/dags/postgres.py
[2023-06-01T13:09:20.958+0000] {processor.py:743} INFO - Processing file /opt/airflow/dags/postgres.py for tasks to queue
[2023-06-01T13:09:20.960+0000] {logging_mixin.py:137} INFO - [2023-06-01T13:09:20.959+0000] {dagbag.py:538} INFO - Filling up the DagBag from /opt/airflow/dags/postgres.py
[2023-06-01T13:09:21.005+0000] {processor.py:753} INFO - DAG(s) dict_keys(['dag_with_postgres_operator_v03']) retrieved from /opt/airflow/dags/postgres.py
[2023-06-01T13:09:21.053+0000] {logging_mixin.py:137} INFO - [2023-06-01T13:09:21.053+0000] {dag.py:2676} INFO - Sync 1 DAGs
[2023-06-01T13:09:21.090+0000] {logging_mixin.py:137} INFO - [2023-06-01T13:09:21.090+0000] {dag.py:3427} INFO - Setting next_dagrun for dag_with_postgres_operator_v03 to 2023-06-01T00:00:00+00:00, run_after=2023-06-02T00:00:00+00:00
[2023-06-01T13:09:21.115+0000] {processor.py:175} INFO - Processing /opt/airflow/dags/postgres.py took 0.164 seconds
[2023-06-01T13:09:51.648+0000] {processor.py:153} INFO - Started process (PID=847) to work on /opt/airflow/dags/postgres.py
[2023-06-01T13:09:51.650+0000] {processor.py:743} INFO - Processing file /opt/airflow/dags/postgres.py for tasks to queue
[2023-06-01T13:09:51.651+0000] {logging_mixin.py:137} INFO - [2023-06-01T13:09:51.651+0000] {dagbag.py:538} INFO - Filling up the DagBag from /opt/airflow/dags/postgres.py
[2023-06-01T13:09:51.697+0000] {processor.py:753} INFO - DAG(s) dict_keys(['dag_with_postgres_operator_v03']) retrieved from /opt/airflow/dags/postgres.py
[2023-06-01T13:09:51.744+0000] {logging_mixin.py:137} INFO - [2023-06-01T13:09:51.743+0000] {dag.py:2676} INFO - Sync 1 DAGs
[2023-06-01T13:09:51.774+0000] {logging_mixin.py:137} INFO - [2023-06-01T13:09:51.774+0000] {dag.py:3427} INFO - Setting next_dagrun for dag_with_postgres_operator_v03 to 2023-06-01T00:00:00+00:00, run_after=2023-06-02T00:00:00+00:00
[2023-06-01T13:09:51.798+0000] {processor.py:175} INFO - Processing /opt/airflow/dags/postgres.py took 0.156 seconds
[2023-06-01T13:10:22.220+0000] {processor.py:153} INFO - Started process (PID=895) to work on /opt/airflow/dags/postgres.py
[2023-06-01T13:10:22.222+0000] {processor.py:743} INFO - Processing file /opt/airflow/dags/postgres.py for tasks to queue
[2023-06-01T13:10:22.224+0000] {logging_mixin.py:137} INFO - [2023-06-01T13:10:22.224+0000] {dagbag.py:538} INFO - Filling up the DagBag from /opt/airflow/dags/postgres.py
[2023-06-01T13:10:22.278+0000] {processor.py:753} INFO - DAG(s) dict_keys(['dag_with_postgres_operator_v03']) retrieved from /opt/airflow/dags/postgres.py
[2023-06-01T13:10:22.327+0000] {logging_mixin.py:137} INFO - [2023-06-01T13:10:22.327+0000] {dag.py:2676} INFO - Sync 1 DAGs
[2023-06-01T13:10:22.365+0000] {logging_mixin.py:137} INFO - [2023-06-01T13:10:22.365+0000] {dag.py:3427} INFO - Setting next_dagrun for dag_with_postgres_operator_v03 to 2023-06-01T00:00:00+00:00, run_after=2023-06-02T00:00:00+00:00
[2023-06-01T13:10:22.393+0000] {processor.py:175} INFO - Processing /opt/airflow/dags/postgres.py took 0.178 seconds
[2023-06-01T13:10:52.981+0000] {processor.py:153} INFO - Started process (PID=929) to work on /opt/airflow/dags/postgres.py
[2023-06-01T13:10:52.984+0000] {processor.py:743} INFO - Processing file /opt/airflow/dags/postgres.py for tasks to queue
[2023-06-01T13:10:52.985+0000] {logging_mixin.py:137} INFO - [2023-06-01T13:10:52.985+0000] {dagbag.py:538} INFO - Filling up the DagBag from /opt/airflow/dags/postgres.py
[2023-06-01T13:10:53.031+0000] {processor.py:753} INFO - DAG(s) dict_keys(['dag_with_postgres_operator_v03']) retrieved from /opt/airflow/dags/postgres.py
[2023-06-01T13:10:53.077+0000] {logging_mixin.py:137} INFO - [2023-06-01T13:10:53.077+0000] {dag.py:2676} INFO - Sync 1 DAGs
[2023-06-01T13:10:53.113+0000] {logging_mixin.py:137} INFO - [2023-06-01T13:10:53.113+0000] {dag.py:3427} INFO - Setting next_dagrun for dag_with_postgres_operator_v03 to 2023-06-01T00:00:00+00:00, run_after=2023-06-02T00:00:00+00:00
[2023-06-01T13:10:53.138+0000] {processor.py:175} INFO - Processing /opt/airflow/dags/postgres.py took 0.161 seconds
[2023-06-01T13:11:23.604+0000] {processor.py:153} INFO - Started process (PID=977) to work on /opt/airflow/dags/postgres.py
[2023-06-01T13:11:23.606+0000] {processor.py:743} INFO - Processing file /opt/airflow/dags/postgres.py for tasks to queue
[2023-06-01T13:11:23.608+0000] {logging_mixin.py:137} INFO - [2023-06-01T13:11:23.608+0000] {dagbag.py:538} INFO - Filling up the DagBag from /opt/airflow/dags/postgres.py
[2023-06-01T13:11:23.670+0000] {processor.py:753} INFO - DAG(s) dict_keys(['dag_with_postgres_operator_v03']) retrieved from /opt/airflow/dags/postgres.py
[2023-06-01T13:11:23.729+0000] {logging_mixin.py:137} INFO - [2023-06-01T13:11:23.729+0000] {dag.py:2676} INFO - Sync 1 DAGs
[2023-06-01T13:11:23.773+0000] {logging_mixin.py:137} INFO - [2023-06-01T13:11:23.773+0000] {dag.py:3427} INFO - Setting next_dagrun for dag_with_postgres_operator_v03 to 2023-06-01T00:00:00+00:00, run_after=2023-06-02T00:00:00+00:00
[2023-06-01T13:11:23.802+0000] {processor.py:175} INFO - Processing /opt/airflow/dags/postgres.py took 0.204 seconds
[2023-06-01T13:11:54.370+0000] {processor.py:153} INFO - Started process (PID=1011) to work on /opt/airflow/dags/postgres.py
[2023-06-01T13:11:54.373+0000] {processor.py:743} INFO - Processing file /opt/airflow/dags/postgres.py for tasks to queue
[2023-06-01T13:11:54.375+0000] {logging_mixin.py:137} INFO - [2023-06-01T13:11:54.375+0000] {dagbag.py:538} INFO - Filling up the DagBag from /opt/airflow/dags/postgres.py
[2023-06-01T13:11:54.422+0000] {processor.py:753} INFO - DAG(s) dict_keys(['dag_with_postgres_operator_v03']) retrieved from /opt/airflow/dags/postgres.py
[2023-06-01T13:11:54.469+0000] {logging_mixin.py:137} INFO - [2023-06-01T13:11:54.468+0000] {dag.py:2676} INFO - Sync 1 DAGs
[2023-06-01T13:11:54.512+0000] {logging_mixin.py:137} INFO - [2023-06-01T13:11:54.511+0000] {dag.py:3427} INFO - Setting next_dagrun for dag_with_postgres_operator_v03 to 2023-06-01T00:00:00+00:00, run_after=2023-06-02T00:00:00+00:00
[2023-06-01T13:11:54.541+0000] {processor.py:175} INFO - Processing /opt/airflow/dags/postgres.py took 0.176 seconds
[2023-06-01T13:12:25.055+0000] {processor.py:153} INFO - Started process (PID=1052) to work on /opt/airflow/dags/postgres.py
[2023-06-01T13:12:25.058+0000] {processor.py:743} INFO - Processing file /opt/airflow/dags/postgres.py for tasks to queue
[2023-06-01T13:12:25.060+0000] {logging_mixin.py:137} INFO - [2023-06-01T13:12:25.060+0000] {dagbag.py:538} INFO - Filling up the DagBag from /opt/airflow/dags/postgres.py
[2023-06-01T13:12:25.115+0000] {processor.py:753} INFO - DAG(s) dict_keys(['dag_with_postgres_operator_v03']) retrieved from /opt/airflow/dags/postgres.py
[2023-06-01T13:12:25.171+0000] {logging_mixin.py:137} INFO - [2023-06-01T13:12:25.171+0000] {dag.py:2676} INFO - Sync 1 DAGs
[2023-06-01T13:12:25.218+0000] {logging_mixin.py:137} INFO - [2023-06-01T13:12:25.218+0000] {dag.py:3427} INFO - Setting next_dagrun for dag_with_postgres_operator_v03 to 2023-06-01T00:00:00+00:00, run_after=2023-06-02T00:00:00+00:00
[2023-06-01T13:12:25.252+0000] {processor.py:175} INFO - Processing /opt/airflow/dags/postgres.py took 0.202 seconds
[2023-06-01T13:12:55.636+0000] {processor.py:153} INFO - Started process (PID=1097) to work on /opt/airflow/dags/postgres.py
[2023-06-01T13:12:55.639+0000] {processor.py:743} INFO - Processing file /opt/airflow/dags/postgres.py for tasks to queue
[2023-06-01T13:12:55.641+0000] {logging_mixin.py:137} INFO - [2023-06-01T13:12:55.641+0000] {dagbag.py:538} INFO - Filling up the DagBag from /opt/airflow/dags/postgres.py
[2023-06-01T13:12:55.692+0000] {processor.py:753} INFO - DAG(s) dict_keys(['dag_with_postgres_operator_v03']) retrieved from /opt/airflow/dags/postgres.py
[2023-06-01T13:12:55.738+0000] {logging_mixin.py:137} INFO - [2023-06-01T13:12:55.738+0000] {dag.py:2676} INFO - Sync 1 DAGs
[2023-06-01T13:12:55.768+0000] {logging_mixin.py:137} INFO - [2023-06-01T13:12:55.768+0000] {dag.py:3427} INFO - Setting next_dagrun for dag_with_postgres_operator_v03 to 2023-06-01T00:00:00+00:00, run_after=2023-06-02T00:00:00+00:00
[2023-06-01T13:12:55.789+0000] {processor.py:175} INFO - Processing /opt/airflow/dags/postgres.py took 0.159 seconds
[2023-06-01T13:13:03.009+0000] {processor.py:153} INFO - Started process (PID=1110) to work on /opt/airflow/dags/postgres.py
[2023-06-01T13:13:03.010+0000] {processor.py:743} INFO - Processing file /opt/airflow/dags/postgres.py for tasks to queue
[2023-06-01T13:13:03.012+0000] {logging_mixin.py:137} INFO - [2023-06-01T13:13:03.011+0000] {dagbag.py:538} INFO - Filling up the DagBag from /opt/airflow/dags/postgres.py
[2023-06-01T13:13:03.058+0000] {logging_mixin.py:137} INFO - [2023-06-01T13:13:03.056+0000] {dagbag.py:440} ERROR - Failed to bag_dag: /opt/airflow/dags/postgres.py
Traceback (most recent call last):
  File "/home/airflow/.local/lib/python3.7/site-packages/airflow/timetables/_cron.py", line 88, in validate
    croniter(self._expression)
  File "/home/airflow/.local/lib/python3.7/site-packages/croniter/croniter.py", line 166, in __init__
    self.expanded, self.nth_weekday_of_month = self.expand(expr_format, hash_id=hash_id)
  File "/home/airflow/.local/lib/python3.7/site-packages/croniter/croniter.py", line 778, in expand
    return cls._expand(expr_format, hash_id=hash_id)
  File "/home/airflow/.local/lib/python3.7/site-packages/croniter/croniter.py", line 744, in _expand
    expr_format))
croniter.croniter.CroniterBadCronError: [0 0 0 0 0] is not acceptable, out of range

During handling of the above exception, another exception occurred:

Traceback (most recent call last):
  File "/home/airflow/.local/lib/python3.7/site-packages/airflow/models/dagbag.py", line 437, in _process_modules
    dag.validate()
  File "/home/airflow/.local/lib/python3.7/site-packages/airflow/models/dag.py", line 668, in validate
    self.timetable.validate()
  File "/home/airflow/.local/lib/python3.7/site-packages/airflow/timetables/_cron.py", line 90, in validate
    raise AirflowTimetableInvalid(str(e))
airflow.exceptions.AirflowTimetableInvalid: [0 0 0 0 0] is not acceptable, out of range
[2023-06-01T13:13:03.060+0000] {processor.py:755} WARNING - No viable dags retrieved from /opt/airflow/dags/postgres.py
[2023-06-01T13:13:03.081+0000] {processor.py:175} INFO - Processing /opt/airflow/dags/postgres.py took 0.076 seconds
[2023-06-01T13:13:33.592+0000] {processor.py:153} INFO - Started process (PID=1149) to work on /opt/airflow/dags/postgres.py
[2023-06-01T13:13:33.595+0000] {processor.py:743} INFO - Processing file /opt/airflow/dags/postgres.py for tasks to queue
[2023-06-01T13:13:33.598+0000] {logging_mixin.py:137} INFO - [2023-06-01T13:13:33.597+0000] {dagbag.py:538} INFO - Filling up the DagBag from /opt/airflow/dags/postgres.py
[2023-06-01T13:13:33.654+0000] {logging_mixin.py:137} INFO - [2023-06-01T13:13:33.651+0000] {dagbag.py:440} ERROR - Failed to bag_dag: /opt/airflow/dags/postgres.py
Traceback (most recent call last):
  File "/home/airflow/.local/lib/python3.7/site-packages/airflow/timetables/_cron.py", line 88, in validate
    croniter(self._expression)
  File "/home/airflow/.local/lib/python3.7/site-packages/croniter/croniter.py", line 166, in __init__
    self.expanded, self.nth_weekday_of_month = self.expand(expr_format, hash_id=hash_id)
  File "/home/airflow/.local/lib/python3.7/site-packages/croniter/croniter.py", line 778, in expand
    return cls._expand(expr_format, hash_id=hash_id)
  File "/home/airflow/.local/lib/python3.7/site-packages/croniter/croniter.py", line 744, in _expand
    expr_format))
croniter.croniter.CroniterBadCronError: [0 0 0 0 0] is not acceptable, out of range

During handling of the above exception, another exception occurred:

Traceback (most recent call last):
  File "/home/airflow/.local/lib/python3.7/site-packages/airflow/models/dagbag.py", line 437, in _process_modules
    dag.validate()
  File "/home/airflow/.local/lib/python3.7/site-packages/airflow/models/dag.py", line 668, in validate
    self.timetable.validate()
  File "/home/airflow/.local/lib/python3.7/site-packages/airflow/timetables/_cron.py", line 90, in validate
    raise AirflowTimetableInvalid(str(e))
airflow.exceptions.AirflowTimetableInvalid: [0 0 0 0 0] is not acceptable, out of range
[2023-06-01T13:13:33.657+0000] {processor.py:755} WARNING - No viable dags retrieved from /opt/airflow/dags/postgres.py
[2023-06-01T13:13:33.689+0000] {processor.py:175} INFO - Processing /opt/airflow/dags/postgres.py took 0.102 seconds
[2023-06-01T13:14:04.170+0000] {processor.py:153} INFO - Started process (PID=1183) to work on /opt/airflow/dags/postgres.py
[2023-06-01T13:14:04.178+0000] {processor.py:743} INFO - Processing file /opt/airflow/dags/postgres.py for tasks to queue
[2023-06-01T13:14:04.187+0000] {logging_mixin.py:137} INFO - [2023-06-01T13:14:04.184+0000] {dagbag.py:538} INFO - Filling up the DagBag from /opt/airflow/dags/postgres.py
[2023-06-01T13:14:04.258+0000] {logging_mixin.py:137} INFO - [2023-06-01T13:14:04.256+0000] {dagbag.py:440} ERROR - Failed to bag_dag: /opt/airflow/dags/postgres.py
Traceback (most recent call last):
  File "/home/airflow/.local/lib/python3.7/site-packages/airflow/timetables/_cron.py", line 88, in validate
    croniter(self._expression)
  File "/home/airflow/.local/lib/python3.7/site-packages/croniter/croniter.py", line 166, in __init__
    self.expanded, self.nth_weekday_of_month = self.expand(expr_format, hash_id=hash_id)
  File "/home/airflow/.local/lib/python3.7/site-packages/croniter/croniter.py", line 778, in expand
    return cls._expand(expr_format, hash_id=hash_id)
  File "/home/airflow/.local/lib/python3.7/site-packages/croniter/croniter.py", line 744, in _expand
    expr_format))
croniter.croniter.CroniterBadCronError: [0 0 0 0 0] is not acceptable, out of range

During handling of the above exception, another exception occurred:

Traceback (most recent call last):
  File "/home/airflow/.local/lib/python3.7/site-packages/airflow/models/dagbag.py", line 437, in _process_modules
    dag.validate()
  File "/home/airflow/.local/lib/python3.7/site-packages/airflow/models/dag.py", line 668, in validate
    self.timetable.validate()
  File "/home/airflow/.local/lib/python3.7/site-packages/airflow/timetables/_cron.py", line 90, in validate
    raise AirflowTimetableInvalid(str(e))
airflow.exceptions.AirflowTimetableInvalid: [0 0 0 0 0] is not acceptable, out of range
[2023-06-01T13:14:04.259+0000] {processor.py:755} WARNING - No viable dags retrieved from /opt/airflow/dags/postgres.py
[2023-06-01T13:14:04.289+0000] {processor.py:175} INFO - Processing /opt/airflow/dags/postgres.py took 0.138 seconds
[2023-06-01T13:14:34.703+0000] {processor.py:153} INFO - Started process (PID=1231) to work on /opt/airflow/dags/postgres.py
[2023-06-01T13:14:34.706+0000] {processor.py:743} INFO - Processing file /opt/airflow/dags/postgres.py for tasks to queue
[2023-06-01T13:14:34.708+0000] {logging_mixin.py:137} INFO - [2023-06-01T13:14:34.708+0000] {dagbag.py:538} INFO - Filling up the DagBag from /opt/airflow/dags/postgres.py
[2023-06-01T13:14:34.762+0000] {logging_mixin.py:137} INFO - [2023-06-01T13:14:34.760+0000] {dagbag.py:440} ERROR - Failed to bag_dag: /opt/airflow/dags/postgres.py
Traceback (most recent call last):
  File "/home/airflow/.local/lib/python3.7/site-packages/airflow/timetables/_cron.py", line 88, in validate
    croniter(self._expression)
  File "/home/airflow/.local/lib/python3.7/site-packages/croniter/croniter.py", line 166, in __init__
    self.expanded, self.nth_weekday_of_month = self.expand(expr_format, hash_id=hash_id)
  File "/home/airflow/.local/lib/python3.7/site-packages/croniter/croniter.py", line 778, in expand
    return cls._expand(expr_format, hash_id=hash_id)
  File "/home/airflow/.local/lib/python3.7/site-packages/croniter/croniter.py", line 744, in _expand
    expr_format))
croniter.croniter.CroniterBadCronError: [0 0 0 0 0] is not acceptable, out of range

During handling of the above exception, another exception occurred:

Traceback (most recent call last):
  File "/home/airflow/.local/lib/python3.7/site-packages/airflow/models/dagbag.py", line 437, in _process_modules
    dag.validate()
  File "/home/airflow/.local/lib/python3.7/site-packages/airflow/models/dag.py", line 668, in validate
    self.timetable.validate()
  File "/home/airflow/.local/lib/python3.7/site-packages/airflow/timetables/_cron.py", line 90, in validate
    raise AirflowTimetableInvalid(str(e))
airflow.exceptions.AirflowTimetableInvalid: [0 0 0 0 0] is not acceptable, out of range
[2023-06-01T13:14:34.763+0000] {processor.py:755} WARNING - No viable dags retrieved from /opt/airflow/dags/postgres.py
[2023-06-01T13:14:34.790+0000] {processor.py:175} INFO - Processing /opt/airflow/dags/postgres.py took 0.091 seconds
[2023-06-01T13:15:05.214+0000] {processor.py:153} INFO - Started process (PID=1265) to work on /opt/airflow/dags/postgres.py
[2023-06-01T13:15:05.216+0000] {processor.py:743} INFO - Processing file /opt/airflow/dags/postgres.py for tasks to queue
[2023-06-01T13:15:05.218+0000] {logging_mixin.py:137} INFO - [2023-06-01T13:15:05.218+0000] {dagbag.py:538} INFO - Filling up the DagBag from /opt/airflow/dags/postgres.py
[2023-06-01T13:15:05.259+0000] {logging_mixin.py:137} INFO - [2023-06-01T13:15:05.257+0000] {dagbag.py:440} ERROR - Failed to bag_dag: /opt/airflow/dags/postgres.py
Traceback (most recent call last):
  File "/home/airflow/.local/lib/python3.7/site-packages/airflow/timetables/_cron.py", line 88, in validate
    croniter(self._expression)
  File "/home/airflow/.local/lib/python3.7/site-packages/croniter/croniter.py", line 166, in __init__
    self.expanded, self.nth_weekday_of_month = self.expand(expr_format, hash_id=hash_id)
  File "/home/airflow/.local/lib/python3.7/site-packages/croniter/croniter.py", line 778, in expand
    return cls._expand(expr_format, hash_id=hash_id)
  File "/home/airflow/.local/lib/python3.7/site-packages/croniter/croniter.py", line 744, in _expand
    expr_format))
croniter.croniter.CroniterBadCronError: [0 0 0 0 0] is not acceptable, out of range

During handling of the above exception, another exception occurred:

Traceback (most recent call last):
  File "/home/airflow/.local/lib/python3.7/site-packages/airflow/models/dagbag.py", line 437, in _process_modules
    dag.validate()
  File "/home/airflow/.local/lib/python3.7/site-packages/airflow/models/dag.py", line 668, in validate
    self.timetable.validate()
  File "/home/airflow/.local/lib/python3.7/site-packages/airflow/timetables/_cron.py", line 90, in validate
    raise AirflowTimetableInvalid(str(e))
airflow.exceptions.AirflowTimetableInvalid: [0 0 0 0 0] is not acceptable, out of range
[2023-06-01T13:15:05.261+0000] {processor.py:755} WARNING - No viable dags retrieved from /opt/airflow/dags/postgres.py
[2023-06-01T13:15:05.283+0000] {processor.py:175} INFO - Processing /opt/airflow/dags/postgres.py took 0.074 seconds
[2023-06-01T13:15:35.761+0000] {processor.py:153} INFO - Started process (PID=1314) to work on /opt/airflow/dags/postgres.py
[2023-06-01T13:15:35.763+0000] {processor.py:743} INFO - Processing file /opt/airflow/dags/postgres.py for tasks to queue
[2023-06-01T13:15:35.766+0000] {logging_mixin.py:137} INFO - [2023-06-01T13:15:35.765+0000] {dagbag.py:538} INFO - Filling up the DagBag from /opt/airflow/dags/postgres.py
[2023-06-01T13:15:35.806+0000] {logging_mixin.py:137} INFO - [2023-06-01T13:15:35.804+0000] {dagbag.py:440} ERROR - Failed to bag_dag: /opt/airflow/dags/postgres.py
Traceback (most recent call last):
  File "/home/airflow/.local/lib/python3.7/site-packages/airflow/timetables/_cron.py", line 88, in validate
    croniter(self._expression)
  File "/home/airflow/.local/lib/python3.7/site-packages/croniter/croniter.py", line 166, in __init__
    self.expanded, self.nth_weekday_of_month = self.expand(expr_format, hash_id=hash_id)
  File "/home/airflow/.local/lib/python3.7/site-packages/croniter/croniter.py", line 778, in expand
    return cls._expand(expr_format, hash_id=hash_id)
  File "/home/airflow/.local/lib/python3.7/site-packages/croniter/croniter.py", line 744, in _expand
    expr_format))
croniter.croniter.CroniterBadCronError: [0 0 0 0 0] is not acceptable, out of range

During handling of the above exception, another exception occurred:

Traceback (most recent call last):
  File "/home/airflow/.local/lib/python3.7/site-packages/airflow/models/dagbag.py", line 437, in _process_modules
    dag.validate()
  File "/home/airflow/.local/lib/python3.7/site-packages/airflow/models/dag.py", line 668, in validate
    self.timetable.validate()
  File "/home/airflow/.local/lib/python3.7/site-packages/airflow/timetables/_cron.py", line 90, in validate
    raise AirflowTimetableInvalid(str(e))
airflow.exceptions.AirflowTimetableInvalid: [0 0 0 0 0] is not acceptable, out of range
[2023-06-01T13:15:35.807+0000] {processor.py:755} WARNING - No viable dags retrieved from /opt/airflow/dags/postgres.py
[2023-06-01T13:15:35.830+0000] {processor.py:175} INFO - Processing /opt/airflow/dags/postgres.py took 0.074 seconds
[2023-06-01T13:16:06.312+0000] {processor.py:153} INFO - Started process (PID=1349) to work on /opt/airflow/dags/postgres.py
[2023-06-01T13:16:06.315+0000] {processor.py:743} INFO - Processing file /opt/airflow/dags/postgres.py for tasks to queue
[2023-06-01T13:16:06.317+0000] {logging_mixin.py:137} INFO - [2023-06-01T13:16:06.317+0000] {dagbag.py:538} INFO - Filling up the DagBag from /opt/airflow/dags/postgres.py
[2023-06-01T13:16:06.365+0000] {logging_mixin.py:137} INFO - [2023-06-01T13:16:06.363+0000] {dagbag.py:440} ERROR - Failed to bag_dag: /opt/airflow/dags/postgres.py
Traceback (most recent call last):
  File "/home/airflow/.local/lib/python3.7/site-packages/airflow/timetables/_cron.py", line 88, in validate
    croniter(self._expression)
  File "/home/airflow/.local/lib/python3.7/site-packages/croniter/croniter.py", line 166, in __init__
    self.expanded, self.nth_weekday_of_month = self.expand(expr_format, hash_id=hash_id)
  File "/home/airflow/.local/lib/python3.7/site-packages/croniter/croniter.py", line 778, in expand
    return cls._expand(expr_format, hash_id=hash_id)
  File "/home/airflow/.local/lib/python3.7/site-packages/croniter/croniter.py", line 744, in _expand
    expr_format))
croniter.croniter.CroniterBadCronError: [0 0 0 0 0] is not acceptable, out of range

During handling of the above exception, another exception occurred:

Traceback (most recent call last):
  File "/home/airflow/.local/lib/python3.7/site-packages/airflow/models/dagbag.py", line 437, in _process_modules
    dag.validate()
  File "/home/airflow/.local/lib/python3.7/site-packages/airflow/models/dag.py", line 668, in validate
    self.timetable.validate()
  File "/home/airflow/.local/lib/python3.7/site-packages/airflow/timetables/_cron.py", line 90, in validate
    raise AirflowTimetableInvalid(str(e))
airflow.exceptions.AirflowTimetableInvalid: [0 0 0 0 0] is not acceptable, out of range
[2023-06-01T13:16:06.367+0000] {processor.py:755} WARNING - No viable dags retrieved from /opt/airflow/dags/postgres.py
[2023-06-01T13:16:06.394+0000] {processor.py:175} INFO - Processing /opt/airflow/dags/postgres.py took 0.087 seconds
[2023-06-01T13:16:36.900+0000] {processor.py:153} INFO - Started process (PID=1397) to work on /opt/airflow/dags/postgres.py
[2023-06-01T13:16:36.903+0000] {processor.py:743} INFO - Processing file /opt/airflow/dags/postgres.py for tasks to queue
[2023-06-01T13:16:36.906+0000] {logging_mixin.py:137} INFO - [2023-06-01T13:16:36.906+0000] {dagbag.py:538} INFO - Filling up the DagBag from /opt/airflow/dags/postgres.py
[2023-06-01T13:16:36.947+0000] {logging_mixin.py:137} INFO - [2023-06-01T13:16:36.945+0000] {dagbag.py:440} ERROR - Failed to bag_dag: /opt/airflow/dags/postgres.py
Traceback (most recent call last):
  File "/home/airflow/.local/lib/python3.7/site-packages/airflow/timetables/_cron.py", line 88, in validate
    croniter(self._expression)
  File "/home/airflow/.local/lib/python3.7/site-packages/croniter/croniter.py", line 166, in __init__
    self.expanded, self.nth_weekday_of_month = self.expand(expr_format, hash_id=hash_id)
  File "/home/airflow/.local/lib/python3.7/site-packages/croniter/croniter.py", line 778, in expand
    return cls._expand(expr_format, hash_id=hash_id)
  File "/home/airflow/.local/lib/python3.7/site-packages/croniter/croniter.py", line 744, in _expand
    expr_format))
croniter.croniter.CroniterBadCronError: [0 0 0 0 0] is not acceptable, out of range

During handling of the above exception, another exception occurred:

Traceback (most recent call last):
  File "/home/airflow/.local/lib/python3.7/site-packages/airflow/models/dagbag.py", line 437, in _process_modules
    dag.validate()
  File "/home/airflow/.local/lib/python3.7/site-packages/airflow/models/dag.py", line 668, in validate
    self.timetable.validate()
  File "/home/airflow/.local/lib/python3.7/site-packages/airflow/timetables/_cron.py", line 90, in validate
    raise AirflowTimetableInvalid(str(e))
airflow.exceptions.AirflowTimetableInvalid: [0 0 0 0 0] is not acceptable, out of range
[2023-06-01T13:16:36.949+0000] {processor.py:755} WARNING - No viable dags retrieved from /opt/airflow/dags/postgres.py
[2023-06-01T13:16:36.972+0000] {processor.py:175} INFO - Processing /opt/airflow/dags/postgres.py took 0.077 seconds
